============================================================
KA 渠道客户信用评估
============================================================

[前置检查] OpenCLI workspace: bound:default
✅ OpenCLI 已就绪

[读取] /Users/yuxuanyu/workspace/OpenCLI/credit-risk-system/reports/卡游渠道客户信用评估报告_20260604_231619.xlsx
共 59 行，原始列: ['客户名称', '统一社会信用代码', '客户类型', '合作年限', '评分卡总分', '基础等级', '规则调整后等级', '最终账期(天)', '基础授信(万元)', '门店规模系数', '最终授信(万元)', '预付比例', '复核周期', '管理措施', '触发的关键规则']
识别到公司名列: 客户名称

[初始化] ClientEvaluator (new_client=True, OpenCLI only)
[评估器] 尝试使用 OpenCLI Browser 模式（复用你当前的 Chrome + 登录态）
[评估器] ✅ OpenCLI Browser 已就绪 (workspace=default)
[优化] 大众点评关键词已自动简化，恢复 8 城市搜索

[1/59] 上海罗森便利有限公司

============================================================
开始评估客户: 上海罗森便利有限公司
============================================================

正在收集企业信息...
正在收集财务信息...
[财务] 未提供真实财务报表，财务健康维度将使用外部替代指标
正在抓取大众点评门店数据...
[大众点评] 关键词简化: 上海罗森便利有限公司 → 罗森
[大众点评] 搜索 罗森 @ 上海 (city_id=1)
[大众点评] 搜索 罗森 @ 北京 (city_id=2)
[大众点评] 搜索 罗森 @ 广州 (city_id=4)
[大众点评] 搜索 罗森 @ 深圳 (city_id=7)
新客户模式：无历史交易数据，采用保守估计...

【收集到的原始数据】
  company_name: 上海罗森便利有限公司
  established_years: 30.3
  registered_capital: 65000000.0
  paid_in_capital: 65000000.0
  paid_in_capital_ratio: 1.0
  abnormal_records: 0
  penalty_records: 0
  company_status: 存续
  insured_count: 464
  tianyancha_score: 95
  self_risk_count: 21
  around_risk_count: 45
  lawsuit_count: 47
  contract_dispute_count: 0
  dishonest_records: 0
  executed_count: 0
  restriction_count: None
  pledge_freeze: None
  pledge_freeze_count: 0
  negative_news: 999
  _source: tianyancha_opencli
  debt_ratio: None
  current_ratio: None
  revenue_growth: None
  cash_flow: None
  net_margin: None
  dp_store_count: 0
  dp_paused_count: 0
  dp_avg_rating: None
  on_time_rate: None
  avg_overdue_days: None
  max_overdue_amount: None
  cooperation_years: 0

【评分卡结果】
  总分: 75.9
  基础等级: A
  - basic_credit: 100.0分
  - company_scale: 68.0分
  - payment_behavior: 30.5分
  - external_risk: 51.5分

【规则引擎】
  ⚠️ 触发否决规则:
    - 中小企业重大诉讼: 中小企业加权诉讼≥10起，最高评级BBB
    - 中小企业严重诉讼: 中小企业加权诉讼≥15起，最高评级BB
  等级调整: A -> BB
  🔔 触发预警:
    🟠 [orange] 负面舆情预警: 负面舆情5条以上
    🟡 [yellow] 新客户首次合作: 首次合作客户，履约行为最高50分（风险未知）
  结果: A → BB / 75.9分

[2/59] 福建云通供应链有限公司

============================================================
开始评估客户: 福建云通供应链有限公司
============================================================

正在收集企业信息...
正在收集财务信息...
[财务] 未提供真实财务报表，财务健康维度将使用外部替代指标
正在抓取大众点评门店数据...
[大众点评] 关键词简化: 福建云通供应链有限公司 → 云通
[大众点评] 搜索 云通 @ 上海 (city_id=1)
[大众点评] 搜索 云通 @ 北京 (city_id=2)
[大众点评] 搜索 云通 @ 广州 (city_id=4)
[大众点评] 搜索 云通 @ 深圳 (city_id=7)
新客户模式：无历史交易数据，采用保守估计...

【收集到的原始数据】
  company_name: 福建云通供应链有限公司
  established_years: 5.4
  registered_capital: 100000000.0
  paid_in_capital: 100000000.0
  paid_in_capital_ratio: 1.0
  abnormal_records: 0
  penalty_records: 3
  company_status: 存续
  insured_count: 47
  tianyancha_score: 88
  self_risk_count: 6
  around_risk_count: 393
  lawsuit_count: 5
  contract_dispute_count: 0
  dishonest_records: 0
  executed_count: 0
  restriction_count: None
  pledge_freeze: None
  pledge_freeze_count: 0
  negative_news: 0
  _source: tianyancha_opencli
  debt_ratio: None
  current_ratio: None
  revenue_growth: None
  cash_flow: None
  net_margin: None
  dp_store_count: 0
  dp_paused_count: 0
  dp_avg_rating: None
  on_time_rate: None
  avg_overdue_days: None
  max_overdue_amount: None
  cooperation_years: 0

【评分卡结果】
  总分: 68.33
  基础等级: BBB
  - basic_credit: 89.0分
  - company_scale: 43.0分
  - payment_behavior: 27.5分
  - external_risk: 74.0分

【规则引擎】
  🔔 触发预警:
    🟡 [yellow] 新客户首次合作: 首次合作客户，履约行为最高50分（风险未知）
  结果: BBB → BBB / 68.33分

[3/59] 天津顶连食品有限公司

============================================================
开始评估客户: 天津顶连食品有限公司
============================================================

正在收集企业信息...
正在收集财务信息...
[财务] 未提供真实财务报表，财务健康维度将使用外部替代指标
正在抓取大众点评门店数据...
[大众点评] 关键词简化: 天津顶连食品有限公司 → 顶连
[大众点评] 搜索 顶连 @ 上海 (city_id=1)
[大众点评] 搜索 顶连 @ 北京 (city_id=2)
[大众点评] 搜索 顶连 @ 广州 (city_id=4)
[大众点评] 搜索 顶连 @ 深圳 (city_id=7)
新客户模式：无历史交易数据，采用保守估计...

【收集到的原始数据】
  company_name: 天津顶连食品有限公司
  established_years: 22.9
  registered_capital: 10538000.0
  paid_in_capital: 10538000.0
  paid_in_capital_ratio: 1.0
  abnormal_records: 0
  penalty_records: 0
  company_status: 存续
  insured_count: 3
  tianyancha_score: 73
  self_risk_count: 3
  around_risk_count: 23
  lawsuit_count: 3
  contract_dispute_count: 0
  dishonest_records: 0
  executed_count: 0
  restriction_count: None
  pledge_freeze: None
  pledge_freeze_count: 0
  negative_news: 0
  _source: tianyancha_opencli
  debt_ratio: None
  current_ratio: None
  revenue_growth: None
  cash_flow: None
  net_margin: None
  dp_store_count: 0
  dp_paused_count: 0
  dp_avg_rating: None
  on_time_rate: None
  avg_overdue_days: None
  max_overdue_amount: None
  cooperation_years: 0

【评分卡结果】
  总分: 67.88
  基础等级: BBB
  - basic_credit: 88.0分
  - company_scale: 41.0分
  - payment_behavior: 30.5分
  - external_risk: 74.0分

【规则引擎】
  🔔 触发预警:
    🟡 [yellow] 新客户首次合作: 首次合作客户，履约行为最高50分（风险未知）
  结果: BBB → BBB / 67.88分

[4/59] 上海好特卖惠聚贸易有限公司

============================================================
开始评估客户: 上海好特卖惠聚贸易有限公司
============================================================

正在收集企业信息...
正在收集财务信息...
[财务] 未提供真实财务报表，财务健康维度将使用外部替代指标
正在抓取大众点评门店数据...
[大众点评] 品牌映射: 好特卖惠聚 → 好特卖
[大众点评] 关键词简化: 上海好特卖惠聚贸易有限公司 → 好特卖
[大众点评] 搜索 好特卖 @ 上海 (city_id=1)
[大众点评] 搜索 好特卖 @ 北京 (city_id=2)
[大众点评] 搜索 好特卖 @ 广州 (city_id=4)
[大众点评] 搜索 好特卖 @ 深圳 (city_id=7)
新客户模式：无历史交易数据，采用保守估计...

【收集到的原始数据】
  company_name: 上海好特卖惠聚贸易有限公司
  established_years: 1.9
  registered_capital: 10000000.0
  paid_in_capital: None
  paid_in_capital_ratio: None
  abnormal_records: 0
  penalty_records: 0
  company_status: 存续
  insured_count: 0
  tianyancha_score: 73
  self_risk_count: 1
  around_risk_count: 175
  lawsuit_count: 1
  contract_dispute_count: 0
  dishonest_records: 0
  executed_count: 0
  restriction_count: None
  pledge_freeze: None
  pledge_freeze_count: 0
  negative_news: 1
  _source: tianyancha_opencli
  debt_ratio: None
  current_ratio: None
  revenue_growth: None
  cash_flow: None
  net_margin: None
  dp_store_count: 0
  dp_paused_count: 0
  dp_avg_rating: None
  on_time_rate: None
  avg_overdue_days: None
  max_overdue_amount: None
  cooperation_years: 0

【评分卡结果】
  总分: 46.36
  基础等级: B
  - basic_credit: 51.0分
  - company_scale: 25.0分
  - payment_behavior: 27.5分
  - external_risk: 78.25分

【规则引擎】
  🔔 触发预警:
    🟡 [yellow] 新客户首次合作: 首次合作客户，履约行为最高50分（风险未知）
  结果: B → B / 46.36分

[5/59] 中国石化销售股份有限公司浙江石油分公司

============================================================
开始评估客户: 中国石化销售股份有限公司浙江石油分公司
============================================================

正在收集企业信息...
正在收集财务信息...
[财务] 未提供真实财务报表，财务健康维度将使用外部替代指标
正在抓取大众点评门店数据...
[大众点评] 关键词简化: 中国石化销售股份有限公司浙江石油分公司 → 中国石化销售股份有限公司浙江
[大众点评] 搜索 中国石化销售股份有限公司浙江 @ 上海 (city_id=1)
[大众点评] 搜索 中国石化销售股份有限公司浙江 @ 北京 (city_id=2)
[大众点评] 搜索 中国石化销售股份有限公司浙江 @ 广州 (city_id=4)
[大众点评] 搜索 中国石化销售股份有限公司浙江 @ 深圳 (city_id=7)
新客户模式：无历史交易数据，采用保守估计...

【收集到的原始数据】
  company_name: 中国石化销售股份有限公司浙江石油分公司
  established_years: 26.2
  registered_capital: 0.0
  paid_in_capital: None
  paid_in_capital_ratio: None
  abnormal_records: 0
  penalty_records: 0
  company_status: 存续
  insured_count: 138
  tianyancha_score: 15
  self_risk_count: 19
  around_risk_count: 1
  lawsuit_count: 84
  contract_dispute_count: 0
  dishonest_records: 0
  executed_count: 0
  restriction_count: None
  pledge_freeze: None
  pledge_freeze_count: 0
  negative_news: 68
  _source: tianyancha_opencli
  debt_ratio: None
  current_ratio: None
  revenue_growth: None
  cash_flow: None
  net_margin: None
  dp_store_count: 0
  dp_paused_count: 0
  dp_avg_rating: None
  on_time_rate: None
  avg_overdue_days: None
  max_overdue_amount: None
  cooperation_years: 0

【评分卡结果】
  总分: 50.65
  基础等级: BB
  - basic_credit: 48.0分
  - company_scale: 65.0分
  - payment_behavior: 39.5分
  - external_risk: 51.5分

【规则引擎】
  ⚠️ 触发否决规则:
    - 微型企业重大诉讼: 微型企业加权诉讼≥3起（买卖合同纠纷×3），最高评级BBB
    - 微型企业严重诉讼: 微型企业加权诉讼≥5起，最高评级BB
  🔔 触发预警:
    🟠 [orange] 负面舆情预警: 负面舆情5条以上
    🟡 [yellow] 新客户首次合作: 首次合作客户，履约行为最高50分（风险未知）
  结果: BB → BB / 50.65分

[6/59] 浙江如苔文化科技有限公司

============================================================
开始评估客户: 浙江如苔文化科技有限公司
============================================================

正在收集企业信息...
正在收集财务信息...
[财务] 未提供真实财务报表，财务健康维度将使用外部替代指标
正在抓取大众点评门店数据...
[大众点评] 关键词简化: 浙江如苔文化科技有限公司 → 如苔
[大众点评] 搜索 如苔 @ 上海 (city_id=1)
[大众点评] 搜索 如苔 @ 北京 (city_id=2)
[大众点评] 搜索 如苔 @ 广州 (city_id=4)
[大众点评] 搜索 如苔 @ 深圳 (city_id=7)
新客户模式：无历史交易数据，采用保守估计...

【收集到的原始数据】
  company_name: 浙江如苔文化科技有限公司
  established_years: 5.5
  registered_capital: 10000000.0
  paid_in_capital: None
  paid_in_capital_ratio: None
  abnormal_records: 0
  penalty_records: 0
  company_status: 存续
  insured_count: 19
  tianyancha_score: 73
  self_risk_count: 0
  around_risk_count: 0
  lawsuit_count: 0
  contract_dispute_count: 0
  dishonest_records: 0
  executed_count: 0
  restriction_count: None
  pledge_freeze: None
  pledge_freeze_count: 0
  negative_news: 0
  _source: tianyancha_opencli
  debt_ratio: None
  current_ratio: None
  revenue_growth: None
  cash_flow: None
  net_margin: None
  dp_store_count: 0
  dp_paused_count: 0
  dp_avg_rating: None
  on_time_rate: None
  avg_overdue_days: None
  max_overdue_amount: None
  cooperation_years: 0

【评分卡结果】
  总分: 58.85
  基础等级: BB
  - basic_credit: 57.0分
  - company_scale: 55.0分
  - payment_behavior: 42.5分
  - external_risk: 86.5分

【规则引擎】
  🔔 触发预警:
    🟡 [yellow] 新客户首次合作: 首次合作客户，履约行为最高50分（风险未知）
  结果: BB → BB / 58.85分

[7/59] 宁波酷乐潮玩潮流百货有限公司

============================================================
开始评估客户: 宁波酷乐潮玩潮流百货有限公司
============================================================

正在收集企业信息...
正在收集财务信息...
[财务] 未提供真实财务报表，财务健康维度将使用外部替代指标
正在抓取大众点评门店数据...
[大众点评] 关键词简化: 宁波酷乐潮玩潮流百货有限公司 → 酷乐潮玩
[大众点评] 搜索 酷乐潮玩 @ 上海 (city_id=1)
[大众点评] 搜索 酷乐潮玩 @ 北京 (city_id=2)
[大众点评] 搜索 酷乐潮玩 @ 广州 (city_id=4)
[大众点评] 搜索 酷乐潮玩 @ 深圳 (city_id=7)
新客户模式：无历史交易数据，采用保守估计...

【收集到的原始数据】
  company_name: 宁波酷乐潮玩潮流百货有限公司
  established_years: 6.6
  registered_capital: 50000000.0
  paid_in_capital: 5000000.0
  paid_in_capital_ratio: 0.1
  abnormal_records: 0
  penalty_records: 0
  company_status: 存续
  insured_count: 48
  tianyancha_score: 83
  self_risk_count: 7
  around_risk_count: 8
  lawsuit_count: 8
  contract_dispute_count: 1
  dishonest_records: 0
  executed_count: 0
  restriction_count: None
  pledge_freeze: None
  pledge_freeze_count: 0
  negative_news: 5
  _source: tianyancha_opencli
  debt_ratio: None
  current_ratio: None
  revenue_growth: None
  cash_flow: None
  net_margin: None
  dp_store_count: 0
  dp_paused_count: 0
  dp_avg_rating: None
  on_time_rate: None
  avg_overdue_days: None
  max_overdue_amount: None
  cooperation_years: 0

【评分卡结果】
  总分: 61.74
  基础等级: BBB
  - basic_credit: 73.0分
  - company_scale: 57.0分
  - payment_behavior: 35.0分
  - external_risk: 57.25分

【规则引擎】
  ⚠️ 触发否决规则:
    - 中小企业重大诉讼: 中小企业加权诉讼≥10起，最高评级BBB
  🔔 触发预警:
    🟠 [orange] 负面舆情预警: 负面舆情5条以上
    🟡 [yellow] 新客户首次合作: 首次合作客户，履约行为最高50分（风险未知）
  结果: BBB → BBB / 61.74分

[8/59] 宁波酷乐潮玩潮流百货有限公司

============================================================
开始评估客户: 宁波酷乐潮玩潮流百货有限公司
============================================================

正在收集企业信息...
正在收集财务信息...
[财务] 未提供真实财务报表，财务健康维度将使用外部替代指标
正在抓取大众点评门店数据...
[大众点评] 关键词简化: 宁波酷乐潮玩潮流百货有限公司 → 酷乐潮玩
[大众点评] 搜索 酷乐潮玩 @ 上海 (city_id=1)
[大众点评] 搜索 酷乐潮玩 @ 北京 (city_id=2)
[大众点评] 搜索 酷乐潮玩 @ 广州 (city_id=4)
[大众点评] 搜索 酷乐潮玩 @ 深圳 (city_id=7)
新客户模式：无历史交易数据，采用保守估计...

【收集到的原始数据】
  company_name: 宁波酷乐潮玩潮流百货有限公司
  established_years: 6.6
  registered_capital: 50000000.0
  paid_in_capital: 5000000.0
  paid_in_capital_ratio: 0.1
  abnormal_records: 0
  penalty_records: 0
  company_status: 存续
  insured_count: 48
  tianyancha_score: 83
  self_risk_count: 7
  around_risk_count: 8
  lawsuit_count: 8
  contract_dispute_count: 1
  dishonest_records: 0
  executed_count: 0
  restriction_count: None
  pledge_freeze: None
  pledge_freeze_count: 0
  negative_news: 5
  _source: tianyancha_opencli
  debt_ratio: None
  current_ratio: None
  revenue_growth: None
  cash_flow: None
  net_margin: None
  dp_store_count: 0
  dp_paused_count: 0
  dp_avg_rating: None
  on_time_rate: None
  avg_overdue_days: None
  max_overdue_amount: None
  cooperation_years: 0

【评分卡结果】
  总分: 61.74
  基础等级: BBB
  - basic_credit: 73.0分
  - company_scale: 57.0分
  - payment_behavior: 35.0分
  - external_risk: 57.25分

【规则引擎】
  ⚠️ 触发否决规则:
    - 中小企业重大诉讼: 中小企业加权诉讼≥10起，最高评级BBB
  🔔 触发预警:
    🟠 [orange] 负面舆情预警: 负面舆情5条以上
    🟡 [yellow] 新客户首次合作: 首次合作客户，履约行为最高50分（风险未知）
  结果: BBB → BBB / 61.74分

[9/59] 宁波酷乐潮玩潮流百货有限公司

============================================================
开始评估客户: 宁波酷乐潮玩潮流百货有限公司
============================================================

正在收集企业信息...
正在收集财务信息...
[财务] 未提供真实财务报表，财务健康维度将使用外部替代指标
正在抓取大众点评门店数据...
[大众点评] 关键词简化: 宁波酷乐潮玩潮流百货有限公司 → 酷乐潮玩
[大众点评] 搜索 酷乐潮玩 @ 上海 (city_id=1)
[大众点评] 搜索 酷乐潮玩 @ 北京 (city_id=2)
[大众点评] 搜索 酷乐潮玩 @ 广州 (city_id=4)
[大众点评] 搜索 酷乐潮玩 @ 深圳 (city_id=7)
新客户模式：无历史交易数据，采用保守估计...

【收集到的原始数据】
  company_name: 宁波酷乐潮玩潮流百货有限公司
  established_years: 6.6
  registered_capital: 50000000.0
  paid_in_capital: 5000000.0
  paid_in_capital_ratio: 0.1
  abnormal_records: 0
  penalty_records: 0
  company_status: 存续
  insured_count: 48
  tianyancha_score: 83
  self_risk_count: 7
  around_risk_count: 8
  lawsuit_count: 8
  contract_dispute_count: 1
  dishonest_records: 0
  executed_count: 0
  restriction_count: None
  pledge_freeze: None
  pledge_freeze_count: 0
  negative_news: 5
  _source: tianyancha_opencli
  debt_ratio: None
  current_ratio: None
  revenue_growth: None
  cash_flow: None
  net_margin: None
  dp_store_count: 0
  dp_paused_count: 0
  dp_avg_rating: None
  on_time_rate: None
  avg_overdue_days: None
  max_overdue_amount: None
  cooperation_years: 0

【评分卡结果】
  总分: 61.74
  基础等级: BBB
  - basic_credit: 73.0分
  - company_scale: 57.0分
  - payment_behavior: 35.0分
  - external_risk: 57.25分

【规则引擎】
  ⚠️ 触发否决规则:
    - 中小企业重大诉讼: 中小企业加权诉讼≥10起，最高评级BBB
  🔔 触发预警:
    🟠 [orange] 负面舆情预警: 负面舆情5条以上
    🟡 [yellow] 新客户首次合作: 首次合作客户，履约行为最高50分（风险未知）
    ⚠️ 大众点评上海搜索失败: Command '['node', '/Users/yuxuanyu/workspace/OpenCLI/dist/src/main.js', 'browser', '--workspace', 'default', 'eval', "(()=>{             const d={store_count:null,paused_count:0};             // 策略1: 从单个 DOM 元素精确匹配（避免全页面文本干扰）             for(const el of document.querySelectorAll('span,div,p,h4')){                 const t=(el.textContent||'').trim();                 const m=t.match(/共为您找到\\s*(\\d{1,6})\\s*(?:个|家)/);                 if(m){d.store_count=parseInt(m[1]);break;}             }             // 策略2: fallback 到 body 文本             if(!d.store_count){                 const h=document.body.innerText;                 let m=h.match(/共为您找到\\s*(\\d{1,6})\\s*个/);                 if(!m)m=h.match(/找到\\s*(\\d{1,6})\\s*家/);                 if(m)d.store_count=parseInt(m[1]);             }             // 暂停营业数             for(const el of document.querySelectorAll('span,div,em')){                 const t=(el.textContent||'').trim();                 const m=t.match(/暂停营业\\s*(\\d{1,5})/);                 if(m){d.paused_count=parseInt(m[1]);break;}             }             // 异常值保护             if(d.store_count>100000)d.store_count=null;             return d;         })()"]' timed out after 30 seconds
  结果: BBB → BBB / 61.74分

[10/59] 深圳品味一族工贸有限公司

============================================================
开始评估客户: 深圳品味一族工贸有限公司
============================================================

正在收集企业信息...
[OpenCLI-天眼查] 采集失败: Command '['node', '/Users/yuxuanyu/workspace/OpenCLI/dist/src/main.js', 'browser', '--workspace', 'default', 'eval', "window.location.href = 'https://www.tianyancha.com/search?key=%E6%B7%B1%E5%9C%B3%E5%93%81%E5%91%B3%E4%B8%80%E6%97%8F%E5%B7%A5%E8%B4%B8%E6%9C%89%E9%99%90%E5%85%AC%E5%8F%B8'"]' timed out after 30 seconds，回退到模拟数据
正在收集财务信息...
[财务] 未提供真实财务报表，财务健康维度将使用外部替代指标
正在抓取大众点评门店数据...
[大众点评] 品牌映射: 品味一族工贸 → 品味一族
[大众点评] 关键词简化: 深圳品味一族工贸有限公司 → 品味一族
[大众点评] 搜索 品味一族 @ 上海 (city_id=1)
[大众点评] 搜索 品味一族 @ 北京 (city_id=2)
[大众点评] 搜索 品味一族 @ 广州 (city_id=4)
[大众点评] 搜索 品味一族 @ 深圳 (city_id=7)
新客户模式：无历史交易数据，采用保守估计...

【收集到的原始数据】
  established_years: 6
  registered_capital: 1000000
  paid_in_capital: 40000000
  paid_in_capital_ratio: 40.0
  abnormal_records: 0
  penalty_records: 0
  company_status: 存续
  insured_count: 100
  tianyancha_score: 50
  self_risk_count: 3
  around_risk_count: 2
  debt_ratio: None
  current_ratio: None
  revenue_growth: None
  cash_flow: None
  net_margin: None
  dp_store_count: 0
  dp_paused_count: 0
  dp_avg_rating: None
  on_time_rate: None
  avg_overdue_days: None
  max_overdue_amount: None
  cooperation_years: 0

【评分卡结果】
  总分: 67.35
  基础等级: BBB
  - basic_credit: 79.0分
  - company_scale: 65.0分
  - payment_behavior: 48.5分
  - external_risk: 50.5分

【规则引擎】
  🔔 触发预警:
    🟡 [yellow] 新客户首次合作: 首次合作客户，履约行为最高50分（风险未知）
  结果: BBB → BBB / 67.35分

[11/59] 上海寰越电子商务有限公司

============================================================
开始评估客户: 上海寰越电子商务有限公司
============================================================

正在收集企业信息...
正在收集财务信息...
[财务] 未提供真实财务报表，财务健康维度将使用外部替代指标
正在抓取大众点评门店数据...
[大众点评] 关键词简化: 上海寰越电子商务有限公司 → 寰越
[大众点评] 搜索 寰越 @ 上海 (city_id=1)
[大众点评] 搜索 寰越 @ 北京 (city_id=2)
[大众点评] 搜索 寰越 @ 广州 (city_id=4)
[大众点评] 搜索 寰越 @ 深圳 (city_id=7)
新客户模式：无历史交易数据，采用保守估计...

【收集到的原始数据】
  company_name: 上海寰越电子商务有限公司
  established_years: 10.8
  registered_capital: 3000000.0
  paid_in_capital: 500000.0
  paid_in_capital_ratio: 0.17
  abnormal_records: 0
  penalty_records: 0
  company_status: 存续
  insured_count: 38
  tianyancha_score: 63
  self_risk_count: 1
  around_risk_count: 0
  lawsuit_count: 2
  contract_dispute_count: 0
  dishonest_records: 0
  executed_count: 0
  restriction_count: None
  pledge_freeze: None
  pledge_freeze_count: 0
  negative_news: 0
  _source: tianyancha_opencli
  debt_ratio: None
  current_ratio: None
  revenue_growth: None
  cash_flow: None
  net_margin: None
  dp_store_count: 0
  dp_paused_count: 0
  dp_avg_rating: None
  on_time_rate: None
  avg_overdue_days: None
  max_overdue_amount: None
  cooperation_years: 0

【评分卡结果】
  总分: 59.73
  基础等级: BB
  - basic_credit: 64.0分
  - company_scale: 55.0分
  - payment_behavior: 42.5分
  - external_risk: 69.0分

【规则引擎】
  🔔 触发预警:
    🟡 [yellow] 新客户首次合作: 首次合作客户，履约行为最高50分（风险未知）
  结果: BB → BB / 59.73分

[12/59] 中国农垦控股上海有限公司

============================================================
开始评估客户: 中国农垦控股上海有限公司
============================================================

正在收集企业信息...
正在收集财务信息...
[财务] 未提供真实财务报表，财务健康维度将使用外部替代指标
正在抓取大众点评门店数据...
[大众点评] 关键词简化: 中国农垦控股上海有限公司 → 中国农垦
[大众点评] 搜索 中国农垦 @ 上海 (city_id=1)
[大众点评] 搜索 中国农垦 @ 北京 (city_id=2)
[大众点评] 搜索 中国农垦 @ 广州 (city_id=4)
[大众点评] 搜索 中国农垦 @ 深圳 (city_id=7)
新客户模式：无历史交易数据，采用保守估计...

【收集到的原始数据】
  company_name: 中国农垦控股上海有限公司
  established_years: 37.4
  registered_capital: 300000000.0
  paid_in_capital: None
  paid_in_capital_ratio: None
  abnormal_records: 0
  penalty_records: 0
  company_status: 存续
  insured_count: None
  tianyancha_score: None
  self_risk_count: 40
  around_risk_count: None
  lawsuit_count: None
  contract_dispute_count: 0
  dishonest_records: None
  executed_count: None
  restriction_count: None
  pledge_freeze: None
  pledge_freeze_count: None
  negative_news: None
  _source: tianyancha_opencli
  debt_ratio: None
  current_ratio: None
  revenue_growth: None
  cash_flow: None
  net_margin: None
  dp_store_count: 0
  dp_paused_count: 0
  dp_avg_rating: None
  on_time_rate: None
  avg_overdue_days: None
  max_overdue_amount: None
  cooperation_years: 0

【评分卡结果】
  总分: 44.58
  基础等级: B
  - basic_credit: 46.0分
  - company_scale: 41.5分
  - payment_behavior: 24.5分
  - external_risk: 64.0分

【规则引擎】
  🔔 触发预警:
    🟡 [yellow] 新客户首次合作: 首次合作客户，履约行为最高50分（风险未知）
  结果: B → B / 44.58分

[13/59] 中国农垦控股上海有限公司

============================================================
开始评估客户: 中国农垦控股上海有限公司
============================================================

正在收集企业信息...
正在收集财务信息...
[财务] 未提供真实财务报表，财务健康维度将使用外部替代指标
正在抓取大众点评门店数据...
[大众点评] 关键词简化: 中国农垦控股上海有限公司 → 中国农垦
[大众点评] 搜索 中国农垦 @ 上海 (city_id=1)
[大众点评] 搜索 中国农垦 @ 北京 (city_id=2)
[大众点评] 搜索 中国农垦 @ 广州 (city_id=4)
[大众点评] 搜索 中国农垦 @ 深圳 (city_id=7)
新客户模式：无历史交易数据，采用保守估计...

【收集到的原始数据】
  company_name: 中国农垦控股上海有限公司
  established_years: None
  registered_capital: None
  paid_in_capital: None
  paid_in_capital_ratio: None
  abnormal_records: 0
  penalty_records: 0
  company_status: None
  insured_count: None
  tianyancha_score: None
  self_risk_count: None
  around_risk_count: None
  lawsuit_count: None
  contract_dispute_count: 0
  dishonest_records: None
  executed_count: None
  restriction_count: None
  pledge_freeze: None
  pledge_freeze_count: None
  negative_news: None
  _source: tianyancha_opencli
  debt_ratio: None
  current_ratio: None
  revenue_growth: None
  cash_flow: None
  net_margin: None
  dp_store_count: 0
  dp_paused_count: 0
  dp_avg_rating: None
  on_time_rate: None
  avg_overdue_days: None
  max_overdue_amount: None
  cooperation_years: 0

【评分卡结果】
  总分: 34.67
  基础等级: C
  - basic_credit: 26.2分
  - company_scale: 41.5分
  - payment_behavior: 24.5分
  - external_risk: 64.0分

【规则引擎】
  🔔 触发预警:
    🟡 [yellow] 新客户首次合作: 首次合作客户，履约行为最高50分（风险未知）
  结果: C → C / 34.67分

[14/59] 上海逸道盛实业有限公司

============================================================
开始评估客户: 上海逸道盛实业有限公司
============================================================

正在收集企业信息...
正在收集财务信息...
[财务] 未提供真实财务报表，财务健康维度将使用外部替代指标
正在抓取大众点评门店数据...
[大众点评] 关键词简化: 上海逸道盛实业有限公司 → 逸道盛实业
[大众点评] 搜索 逸道盛实业 @ 上海 (city_id=1)
[大众点评] 搜索 逸道盛实业 @ 北京 (city_id=2)
[大众点评] 搜索 逸道盛实业 @ 广州 (city_id=4)
[大众点评] 搜索 逸道盛实业 @ 深圳 (city_id=7)
新客户模式：无历史交易数据，采用保守估计...

【收集到的原始数据】
  company_name: 上海逸道盛实业有限公司
  established_years: 7.5
  registered_capital: 1000000.0
  paid_in_capital: None
  paid_in_capital_ratio: None
  abnormal_records: 0
  penalty_records: 0
  company_status: 存续
  insured_count: None
  tianyancha_score: None
  self_risk_count: None
  around_risk_count: None
  lawsuit_count: None
  contract_dispute_count: 0
  dishonest_records: None
  executed_count: None
  restriction_count: None
  pledge_freeze: None
  pledge_freeze_count: None
  negative_news: None
  _source: tianyancha_opencli
  debt_ratio: None
  current_ratio: None
  revenue_growth: None
  cash_flow: None
  net_margin: None
  dp_store_count: 0
  dp_paused_count: 0
  dp_avg_rating: None
  on_time_rate: None
  avg_overdue_days: None
  max_overdue_amount: None
  cooperation_years: 0

【评分卡结果】
  总分: 43.08
  基础等级: B
  - basic_credit: 43.0分
  - company_scale: 41.5分
  - payment_behavior: 24.5分
  - external_risk: 64.0分

【规则引擎】
  🔔 触发预警:
    🟡 [yellow] 新客户首次合作: 首次合作客户，履约行为最高50分（风险未知）
  结果: B → B / 43.08分

[15/59] 上海迦月贸易有限公司

============================================================
开始评估客户: 上海迦月贸易有限公司
============================================================

正在收集企业信息...
正在收集财务信息...
[财务] 未提供真实财务报表，财务健康维度将使用外部替代指标
正在抓取大众点评门店数据...
[大众点评] 关键词简化: 上海迦月贸易有限公司 → 迦月
[大众点评] 搜索 迦月 @ 上海 (city_id=1)
[大众点评] 搜索 迦月 @ 北京 (city_id=2)
[大众点评] 搜索 迦月 @ 广州 (city_id=4)
[大众点评] 搜索 迦月 @ 深圳 (city_id=7)
新客户模式：无历史交易数据，采用保守估计...

【收集到的原始数据】
  company_name: 上海迦月贸易有限公司
  established_years: None
  registered_capital: None
  paid_in_capital: None
  paid_in_capital_ratio: None
  abnormal_records: 0
  penalty_records: 0
  company_status: None
  insured_count: None
  tianyancha_score: None
  self_risk_count: None
  around_risk_count: None
  lawsuit_count: None
  contract_dispute_count: 0
  dishonest_records: None
  executed_count: None
  restriction_count: None
  pledge_freeze: None
  pledge_freeze_count: None
  negative_news: None
  _source: tianyancha_opencli
  debt_ratio: None
  current_ratio: None
  revenue_growth: None
  cash_flow: None
  net_margin: None
  dp_store_count: 0
  dp_paused_count: 0
  dp_avg_rating: None
  on_time_rate: None
  avg_overdue_days: None
  max_overdue_amount: None
  cooperation_years: 0

【评分卡结果】
  总分: 34.67
  基础等级: C
  - basic_credit: 26.2分
  - company_scale: 41.5分
  - payment_behavior: 24.5分
  - external_risk: 64.0分

【规则引擎】
  🔔 触发预警:
    🟡 [yellow] 新客户首次合作: 首次合作客户，履约行为最高50分（风险未知）
  结果: C → C / 34.67分

[16/59] 浙江驰骋物流有限公司

============================================================
开始评估客户: 浙江驰骋物流有限公司
============================================================

正在收集企业信息...
正在收集财务信息...
[财务] 未提供真实财务报表，财务健康维度将使用外部替代指标
正在抓取大众点评门店数据...
[大众点评] 关键词简化: 浙江驰骋物流有限公司 → 驰骋物流
[大众点评] 搜索 驰骋物流 @ 上海 (city_id=1)
[大众点评] 搜索 驰骋物流 @ 北京 (city_id=2)
[大众点评] 搜索 驰骋物流 @ 广州 (city_id=4)
[大众点评] 搜索 驰骋物流 @ 深圳 (city_id=7)
新客户模式：无历史交易数据，采用保守估计...

【收集到的原始数据】
  company_name: 浙江驰骋物流有限公司
  established_years: None
  registered_capital: None
  paid_in_capital: None
  paid_in_capital_ratio: None
  abnormal_records: 0
  penalty_records: 0
  company_status: None
  insured_count: None
  tianyancha_score: None
  self_risk_count: None
  around_risk_count: None
  lawsuit_count: None
  contract_dispute_count: 0
  dishonest_records: None
  executed_count: None
  restriction_count: None
  pledge_freeze: None
  pledge_freeze_count: None
  negative_news: None
  _source: tianyancha_opencli
  debt_ratio: None
  current_ratio: None
  revenue_growth: None
  cash_flow: None
  net_margin: None
  dp_store_count: 0
  dp_paused_count: 0
  dp_avg_rating: None
  on_time_rate: None
  avg_overdue_days: None
  max_overdue_amount: None
  cooperation_years: 0

【评分卡结果】
  总分: 34.67
  基础等级: C
  - basic_credit: 26.2分
  - company_scale: 41.5分
  - payment_behavior: 24.5分
  - external_risk: 64.0分

【规则引擎】
  🔔 触发预警:
    🟡 [yellow] 新客户首次合作: 首次合作客户，履约行为最高50分（风险未知）
  结果: C → C / 34.67分

[17/59] 上海番茄口袋电子商务有限公司

============================================================
开始评估客户: 上海番茄口袋电子商务有限公司
============================================================

正在收集企业信息...
正在收集财务信息...
[财务] 未提供真实财务报表，财务健康维度将使用外部替代指标
正在抓取大众点评门店数据...
[大众点评] 关键词简化: 上海番茄口袋电子商务有限公司 → 番茄口袋
[大众点评] 搜索 番茄口袋 @ 上海 (city_id=1)
[大众点评] 搜索 番茄口袋 @ 北京 (city_id=2)
[大众点评] 搜索 番茄口袋 @ 广州 (city_id=4)
[大众点评] 搜索 番茄口袋 @ 深圳 (city_id=7)
新客户模式：无历史交易数据，采用保守估计...

【收集到的原始数据】
  company_name: 上海番茄口袋电子商务有限公司
  established_years: None
  registered_capital: None
  paid_in_capital: None
  paid_in_capital_ratio: None
  abnormal_records: 0
  penalty_records: 0
  company_status: None
  insured_count: None
  tianyancha_score: None
  self_risk_count: None
  around_risk_count: None
  lawsuit_count: None
  contract_dispute_count: 0
  dishonest_records: None
  executed_count: None
  restriction_count: None
  pledge_freeze: None
  pledge_freeze_count: None
  negative_news: None
  _source: tianyancha_opencli
  debt_ratio: None
  current_ratio: None
  revenue_growth: None
  cash_flow: None
  net_margin: None
  dp_store_count: 0
  dp_paused_count: 0
  dp_avg_rating: None
  on_time_rate: None
  avg_overdue_days: None
  max_overdue_amount: None
  cooperation_years: 0

【评分卡结果】
  总分: 34.67
  基础等级: C
  - basic_credit: 26.2分
  - company_scale: 41.5分
  - payment_behavior: 24.5分
  - external_risk: 64.0分

【规则引擎】
  🔔 触发预警:
    🟡 [yellow] 新客户首次合作: 首次合作客户，履约行为最高50分（风险未知）
  结果: C → C / 34.67分

[18/59] 浙江凯畔商贸有限公司

============================================================
开始评估客户: 浙江凯畔商贸有限公司
============================================================

正在收集企业信息...
正在收集财务信息...
[财务] 未提供真实财务报表，财务健康维度将使用外部替代指标
正在抓取大众点评门店数据...
[大众点评] 关键词简化: 浙江凯畔商贸有限公司 → 凯畔
[大众点评] 搜索 凯畔 @ 上海 (city_id=1)
[大众点评] 搜索 凯畔 @ 北京 (city_id=2)
[大众点评] 搜索 凯畔 @ 广州 (city_id=4)
[大众点评] 搜索 凯畔 @ 深圳 (city_id=7)
新客户模式：无历史交易数据，采用保守估计...

【收集到的原始数据】
  company_name: 浙江凯畔商贸有限公司
  established_years: None
  registered_capital: None
  paid_in_capital: None
  paid_in_capital_ratio: None
  abnormal_records: 0
  penalty_records: 0
  company_status: 开业
  insured_count: None
  tianyancha_score: None
  self_risk_count: None
  around_risk_count: None
  lawsuit_count: None
  contract_dispute_count: 0
  dishonest_records: None
  executed_count: None
  restriction_count: None
  pledge_freeze: None
  pledge_freeze_count: None
  negative_news: None
  _source: tianyancha_opencli
  debt_ratio: None
  current_ratio: None
  revenue_growth: None
  cash_flow: None
  net_margin: None
  dp_store_count: 0
  dp_paused_count: 0
  dp_avg_rating: None
  on_time_rate: None
  avg_overdue_days: None
  max_overdue_amount: None
  cooperation_years: 0

【评分卡结果】
  总分: 34.33
  基础等级: C
  - basic_credit: 25.5分
  - company_scale: 41.5分
  - payment_behavior: 24.5分
  - external_risk: 64.0分

【规则引擎】
  🔔 触发预警:
    🟡 [yellow] 新客户首次合作: 首次合作客户，履约行为最高50分（风险未知）
  结果: C → C / 34.33分

[19/59] 南京万兴商业管理有限公司

============================================================
开始评估客户: 南京万兴商业管理有限公司
============================================================

正在收集企业信息...
正在收集财务信息...
[财务] 未提供真实财务报表，财务健康维度将使用外部替代指标
正在抓取大众点评门店数据...
[大众点评] 关键词简化: 南京万兴商业管理有限公司 → 万兴
[大众点评] 搜索 万兴 @ 上海 (city_id=1)
[大众点评] 搜索 万兴 @ 北京 (city_id=2)
[大众点评] 搜索 万兴 @ 广州 (city_id=4)
[大众点评] 搜索 万兴 @ 深圳 (city_id=7)
新客户模式：无历史交易数据，采用保守估计...

【收集到的原始数据】
  company_name: 南京万兴商业管理有限公司
  established_years: None
  registered_capital: None
  paid_in_capital: None
  paid_in_capital_ratio: None
  abnormal_records: 0
  penalty_records: 0
  company_status: None
  insured_count: None
  tianyancha_score: None
  self_risk_count: None
  around_risk_count: None
  lawsuit_count: None
  contract_dispute_count: 0
  dishonest_records: None
  executed_count: None
  restriction_count: None
  pledge_freeze: None
  pledge_freeze_count: None
  negative_news: None
  _source: tianyancha_opencli
  debt_ratio: None
  current_ratio: None
  revenue_growth: None
  cash_flow: None
  net_margin: None
  dp_store_count: 0
  dp_paused_count: 0
  dp_avg_rating: None
  on_time_rate: None
  avg_overdue_days: None
  max_overdue_amount: None
  cooperation_years: 0

【评分卡结果】
  总分: 34.67
  基础等级: C
  - basic_credit: 26.2分
  - company_scale: 41.5分
  - payment_behavior: 24.5分
  - external_risk: 64.0分

【规则引擎】
  🔔 触发预警:
    🟡 [yellow] 新客户首次合作: 首次合作客户，履约行为最高50分（风险未知）
  结果: C → C / 34.67分

[20/59] 深圳市旭展文体用品有限公司

============================================================
开始评估客户: 深圳市旭展文体用品有限公司
============================================================

正在收集企业信息...
正在收集财务信息...
[财务] 未提供真实财务报表，财务健康维度将使用外部替代指标
正在抓取大众点评门店数据...
[大众点评] 关键词简化: 深圳市旭展文体用品有限公司 → 旭展
[大众点评] 搜索 旭展 @ 上海 (city_id=1)
[大众点评] 搜索 旭展 @ 北京 (city_id=2)
[大众点评] 搜索 旭展 @ 广州 (city_id=4)
[大众点评] 搜索 旭展 @ 深圳 (city_id=7)
新客户模式：无历史交易数据，采用保守估计...

【收集到的原始数据】
  company_name: 深圳市旭展文体用品有限公司
  established_years: None
  registered_capital: None
  paid_in_capital: None
  paid_in_capital_ratio: None
  abnormal_records: 0
  penalty_records: 0
  company_status: None
  insured_count: None
  tianyancha_score: None
  self_risk_count: None
  around_risk_count: None
  lawsuit_count: None
  contract_dispute_count: 0
  dishonest_records: None
  executed_count: None
  restriction_count: None
  pledge_freeze: None
  pledge_freeze_count: None
  negative_news: None
  _source: tianyancha_opencli
  debt_ratio: None
  current_ratio: None
  revenue_growth: None
  cash_flow: None
  net_margin: None
  dp_store_count: 0
  dp_paused_count: 0
  dp_avg_rating: None
  on_time_rate: None
  avg_overdue_days: None
  max_overdue_amount: None
  cooperation_years: 0

【评分卡结果】
  总分: 34.67
  基础等级: C
  - basic_credit: 26.2分
  - company_scale: 41.5分
  - payment_behavior: 24.5分
  - external_risk: 64.0分

【规则引擎】
  🔔 触发预警:
    🟡 [yellow] 新客户首次合作: 首次合作客户，履约行为最高50分（风险未知）
  结果: C → C / 34.67分

[21/59] 上海终为始贸易有限公司

============================================================
开始评估客户: 上海终为始贸易有限公司
============================================================

正在收集企业信息...
正在收集财务信息...
[财务] 未提供真实财务报表，财务健康维度将使用外部替代指标
正在抓取大众点评门店数据...
[大众点评] 关键词简化: 上海终为始贸易有限公司 → 终为始
[大众点评] 搜索 终为始 @ 上海 (city_id=1)
[大众点评] 搜索 终为始 @ 北京 (city_id=2)
[大众点评] 搜索 终为始 @ 广州 (city_id=4)
[大众点评] 搜索 终为始 @ 深圳 (city_id=7)
新客户模式：无历史交易数据，采用保守估计...

【收集到的原始数据】
  company_name: 上海终为始贸易有限公司
  established_years: 14.0
  registered_capital: 500000.0
  paid_in_capital: None
  paid_in_capital_ratio: None
  abnormal_records: 0
  penalty_records: 0
  company_status: 存续
  insured_count: None
  tianyancha_score: None
  self_risk_count: None
  around_risk_count: None
  lawsuit_count: None
  contract_dispute_count: 0
  dishonest_records: None
  executed_count: None
  restriction_count: None
  pledge_freeze: None
  pledge_freeze_count: None
  negative_news: None
  _source: tianyancha_opencli
  debt_ratio: None
  current_ratio: None
  revenue_growth: None
  cash_flow: None
  net_margin: None
  dp_store_count: 0
  dp_paused_count: 0
  dp_avg_rating: None
  on_time_rate: None
  avg_overdue_days: None
  max_overdue_amount: None
  cooperation_years: 0

【评分卡结果】
  总分: 44.58
  基础等级: B
  - basic_credit: 46.0分
  - company_scale: 41.5分
  - payment_behavior: 24.5分
  - external_risk: 64.0分

【规则引擎】
  🔔 触发预警:
    🟡 [yellow] 新客户首次合作: 首次合作客户，履约行为最高50分（风险未知）
  结果: B → B / 44.58分

[22/59] 乐瑚特商业管理（上海）有限公司

============================================================
开始评估客户: 乐瑚特商业管理（上海）有限公司
============================================================

正在收集企业信息...
正在收集财务信息...
[财务] 未提供真实财务报表，财务健康维度将使用外部替代指标
正在抓取大众点评门店数据...
[大众点评] 品牌映射: 乐瑚特商业 → 乐瑚特
[大众点评] 关键词简化: 乐瑚特商业管理（上海）有限公司 → 乐瑚特
[大众点评] 搜索 乐瑚特 @ 上海 (city_id=1)
[大众点评] 搜索 乐瑚特 @ 北京 (city_id=2)
[大众点评] 搜索 乐瑚特 @ 广州 (city_id=4)
[大众点评] 搜索 乐瑚特 @ 深圳 (city_id=7)
新客户模式：无历史交易数据，采用保守估计...

【收集到的原始数据】
  company_name: 乐瑚特商业管理（上海）有限公司
  established_years: None
  registered_capital: None
  paid_in_capital: None
  paid_in_capital_ratio: None
  abnormal_records: 0
  penalty_records: 0
  company_status: None
  insured_count: None
  tianyancha_score: None
  self_risk_count: None
  around_risk_count: None
  lawsuit_count: None
  contract_dispute_count: 0
  dishonest_records: None
  executed_count: None
  restriction_count: None
  pledge_freeze: None
  pledge_freeze_count: None
  negative_news: None
  _source: tianyancha_opencli
  debt_ratio: None
  current_ratio: None
  revenue_growth: None
  cash_flow: None
  net_margin: None
  dp_store_count: 0
  dp_paused_count: 0
  dp_avg_rating: None
  on_time_rate: None
  avg_overdue_days: None
  max_overdue_amount: None
  cooperation_years: 0

【评分卡结果】
  总分: 34.67
  基础等级: C
  - basic_credit: 26.2分
  - company_scale: 41.5分
  - payment_behavior: 24.5分
  - external_risk: 64.0分

【规则引擎】
  🔔 触发预警:
    🟡 [yellow] 新客户首次合作: 首次合作客户，履约行为最高50分（风险未知）
  结果: C → C / 34.67分

[23/59] 湖南鸣鸣很忙商业连锁股份有限公司

============================================================
开始评估客户: 湖南鸣鸣很忙商业连锁股份有限公司
============================================================

正在收集企业信息...
正在收集财务信息...
[财务] 未提供真实财务报表，财务健康维度将使用外部替代指标
正在抓取大众点评门店数据...
[大众点评] 关键词简化: 湖南鸣鸣很忙商业连锁股份有限公司 → 鸣鸣很忙
[大众点评] 搜索 鸣鸣很忙 @ 上海 (city_id=1)
[大众点评] 搜索 鸣鸣很忙 @ 北京 (city_id=2)
[大众点评] 搜索 鸣鸣很忙 @ 广州 (city_id=4)
[大众点评] 搜索 鸣鸣很忙 @ 深圳 (city_id=7)
新客户模式：无历史交易数据，采用保守估计...

【收集到的原始数据】
  company_name: 湖南鸣鸣很忙商业连锁股份有限公司
  established_years: 6.5
  registered_capital: 217837800.0
  paid_in_capital: None
  paid_in_capital_ratio: None
  abnormal_records: 0
  penalty_records: 1
  company_status: 存续
  insured_count: 2245
  tianyancha_score: 99
  self_risk_count: 6
  around_risk_count: 168
  lawsuit_count: 4
  contract_dispute_count: 0
  dishonest_records: 0
  executed_count: 0
  restriction_count: None
  pledge_freeze: None
  pledge_freeze_count: 0
  negative_news: 999
  _source: tianyancha_opencli
  debt_ratio: None
  current_ratio: None
  revenue_growth: None
  cash_flow: None
  net_margin: None
  dp_store_count: 0
  dp_paused_count: 0
  dp_avg_rating: None
  on_time_rate: None
  avg_overdue_days: None
  max_overdue_amount: None
  cooperation_years: 0

【评分卡结果】
  总分: 57.16
  基础等级: BB
  - basic_credit: 57.0分
  - company_scale: 70.0分
  - payment_behavior: 27.5分
  - external_risk: 70.25分

【规则引擎】
  🔔 触发预警:
    🟠 [orange] 负面舆情预警: 负面舆情5条以上
    🟡 [yellow] 新客户首次合作: 首次合作客户，履约行为最高50分（风险未知）
  结果: BB → BB / 57.16分

[24/59] 苏州乐业贸易有限公司

============================================================
开始评估客户: 苏州乐业贸易有限公司
============================================================

正在收集企业信息...
正在收集财务信息...
[财务] 未提供真实财务报表，财务健康维度将使用外部替代指标
正在抓取大众点评门店数据...
[大众点评] 关键词简化: 苏州乐业贸易有限公司 → 乐业
[大众点评] 搜索 乐业 @ 上海 (city_id=1)
[大众点评] 搜索 乐业 @ 北京 (city_id=2)
[大众点评] 搜索 乐业 @ 广州 (city_id=4)
[大众点评] 搜索 乐业 @ 深圳 (city_id=7)
新客户模式：无历史交易数据，采用保守估计...

【收集到的原始数据】
  company_name: 苏州乐业贸易有限公司
  established_years: 13.8
  registered_capital: 1000000.0
  paid_in_capital: 1000000.0
  paid_in_capital_ratio: 1.0
  abnormal_records: 0
  penalty_records: 0
  company_status: 在业
  insured_count: 3
  tianyancha_score: 58
  self_risk_count: 0
  around_risk_count: 1
  lawsuit_count: 4
  contract_dispute_count: 0
  dishonest_records: 0
  executed_count: 0
  restriction_count: None
  pledge_freeze: None
  pledge_freeze_count: 0
  negative_news: 0
  _source: tianyancha_opencli
  debt_ratio: None
  current_ratio: None
  revenue_growth: None
  cash_flow: None
  net_margin: None
  dp_store_count: 0
  dp_paused_count: 0
  dp_avg_rating: None
  on_time_rate: None
  avg_overdue_days: None
  max_overdue_amount: None
  cooperation_years: 0

【评分卡结果】
  总分: 53.55
  基础等级: BB
  - basic_credit: 58.0分
  - company_scale: 47.0分
  - payment_behavior: 39.5分
  - external_risk: 61.5分

【规则引擎】
  ⚠️ 触发否决规则:
    - 微型企业重大诉讼: 微型企业加权诉讼≥3起（买卖合同纠纷×3），最高评级BBB
  🔔 触发预警:
    🟡 [yellow] 新客户首次合作: 首次合作客户，履约行为最高50分（风险未知）
  结果: BB → BB / 53.55分

[25/59] 广州市福榕瑞贸易有限公司

============================================================
开始评估客户: 广州市福榕瑞贸易有限公司
============================================================

正在收集企业信息...
正在收集财务信息...
[财务] 未提供真实财务报表，财务健康维度将使用外部替代指标
正在抓取大众点评门店数据...
[大众点评] 关键词简化: 广州市福榕瑞贸易有限公司 → 福榕瑞
[大众点评] 搜索 福榕瑞 @ 上海 (city_id=1)
[大众点评] 搜索 福榕瑞 @ 北京 (city_id=2)
[大众点评] 搜索 福榕瑞 @ 广州 (city_id=4)
[大众点评] 搜索 福榕瑞 @ 深圳 (city_id=7)
新客户模式：无历史交易数据，采用保守估计...

【收集到的原始数据】
  company_name: 广州市福榕瑞贸易有限公司
  established_years: 0.7
  registered_capital: 1000000.0
  paid_in_capital: None
  paid_in_capital_ratio: None
  abnormal_records: 0
  penalty_records: 0
  company_status: 存续
  insured_count: None
  tianyancha_score: 58
  self_risk_count: 0
  around_risk_count: 27
  lawsuit_count: 0
  contract_dispute_count: 0
  dishonest_records: 0
  executed_count: 0
  restriction_count: None
  pledge_freeze: None
  pledge_freeze_count: 0
  negative_news: 0
  _source: tianyancha_opencli
  debt_ratio: None
  current_ratio: None
  revenue_growth: None
  cash_flow: None
  net_margin: None
  dp_store_count: 0
  dp_paused_count: 0
  dp_avg_rating: None
  on_time_rate: None
  avg_overdue_days: None
  max_overdue_amount: None
  cooperation_years: 0

【评分卡结果】
  总分: 45.85
  基础等级: B
  - basic_credit: 42.0分
  - company_scale: 36.5分
  - payment_behavior: 30.5分
  - external_risk: 86.5分

【规则引擎】
  🔔 触发预警:
    🟡 [yellow] 新客户首次合作: 首次合作客户，履约行为最高50分（风险未知）
  结果: B → B / 45.85分

[26/59] 浙数潮品科技(浙江)有限公司

============================================================
开始评估客户: 浙数潮品科技(浙江)有限公司
============================================================

正在收集企业信息...
正在收集财务信息...
[财务] 未提供真实财务报表，财务健康维度将使用外部替代指标
正在抓取大众点评门店数据...
[大众点评] 关键词简化: 浙数潮品科技(浙江)有限公司 → 浙数潮品
[大众点评] 搜索 浙数潮品 @ 上海 (city_id=1)
[大众点评] 搜索 浙数潮品 @ 北京 (city_id=2)
[大众点评] 搜索 浙数潮品 @ 广州 (city_id=4)
[大众点评] 搜索 浙数潮品 @ 深圳 (city_id=7)
新客户模式：无历史交易数据，采用保守估计...

【收集到的原始数据】
  company_name: 浙数潮品科技(浙江)有限公司
  established_years: 0.9
  registered_capital: 20000000.0
  paid_in_capital: None
  paid_in_capital_ratio: None
  abnormal_records: 0
  penalty_records: 0
  company_status: 存续
  insured_count: None
  tianyancha_score: 77
  self_risk_count: 0
  around_risk_count: 14
  lawsuit_count: 0
  contract_dispute_count: 0
  dishonest_records: 0
  executed_count: 0
  restriction_count: None
  pledge_freeze: None
  pledge_freeze_count: 0
  negative_news: 0
  _source: tianyancha_opencli
  debt_ratio: None
  current_ratio: None
  revenue_growth: None
  cash_flow: None
  net_margin: None
  dp_store_count: 0
  dp_paused_count: 0
  dp_avg_rating: None
  on_time_rate: None
  avg_overdue_days: None
  max_overdue_amount: None
  cooperation_years: 0

【评分卡结果】
  总分: 50.92
  基础等级: BB
  - basic_credit: 48.0分
  - company_scale: 43.5分
  - payment_behavior: 35.0分
  - external_risk: 86.5分

【规则引擎】
  🔔 触发预警:
    🟡 [yellow] 新客户首次合作: 首次合作客户，履约行为最高50分（风险未知）
  结果: BB → BB / 50.92分

[27/59] 那是家大潮玩（广东）文化创意有限公司

============================================================
开始评估客户: 那是家大潮玩（广东）文化创意有限公司
============================================================

正在收集企业信息...
正在收集财务信息...
[财务] 未提供真实财务报表，财务健康维度将使用外部替代指标
正在抓取大众点评门店数据...
[大众点评] 关键词简化: 那是家大潮玩（广东）文化创意有限公司 → 那是家大潮玩
[大众点评] 搜索 那是家大潮玩 @ 上海 (city_id=1)
[大众点评] 搜索 那是家大潮玩 @ 北京 (city_id=2)
[大众点评] 搜索 那是家大潮玩 @ 广州 (city_id=4)
[大众点评] 搜索 那是家大潮玩 @ 深圳 (city_id=7)
新客户模式：无历史交易数据，采用保守估计...

【收集到的原始数据】
  company_name: 那是家大潮玩（广东）文化创意有限公司
  established_years: 5.7
  registered_capital: 60000000.0
  paid_in_capital: None
  paid_in_capital_ratio: None
  abnormal_records: 0
  penalty_records: 0
  company_status: 存续
  insured_count: None
  tianyancha_score: None
  self_risk_count: 3
  around_risk_count: None
  lawsuit_count: None
  contract_dispute_count: 0
  dishonest_records: None
  executed_count: None
  restriction_count: None
  pledge_freeze: None
  pledge_freeze_count: None
  negative_news: None
  _source: tianyancha_opencli
  debt_ratio: None
  current_ratio: None
  revenue_growth: None
  cash_flow: None
  net_margin: None
  dp_store_count: 0
  dp_paused_count: 0
  dp_avg_rating: None
  on_time_rate: None
  avg_overdue_days: None
  max_overdue_amount: None
  cooperation_years: 0

【评分卡结果】
  总分: 43.08
  基础等级: B
  - basic_credit: 43.0分
  - company_scale: 41.5分
  - payment_behavior: 24.5分
  - external_risk: 64.0分

【规则引擎】
  🔔 触发预警:
    🟡 [yellow] 新客户首次合作: 首次合作客户，履约行为最高50分（风险未知）
  结果: B → B / 43.08分

[28/59] 晨光生活馆企业管理有限公司

============================================================
开始评估客户: 晨光生活馆企业管理有限公司
============================================================

正在收集企业信息...
正在收集财务信息...
[财务] 未提供真实财务报表，财务健康维度将使用外部替代指标
正在抓取大众点评门店数据...
[大众点评] 关键词简化: 晨光生活馆企业管理有限公司 → 晨光生活馆
[大众点评] 搜索 晨光生活馆 @ 上海 (city_id=1)
[大众点评] 搜索 晨光生活馆 @ 北京 (city_id=2)
[大众点评] 搜索 晨光生活馆 @ 广州 (city_id=4)
[大众点评] 搜索 晨光生活馆 @ 深圳 (city_id=7)
新客户模式：无历史交易数据，采用保守估计...

【收集到的原始数据】
  company_name: 晨光生活馆企业管理有限公司
  established_years: 13.1
  registered_capital: 100000000.0
  paid_in_capital: 100000000.0
  paid_in_capital_ratio: 1.0
  abnormal_records: 0
  penalty_records: 0
  company_status: 存续
  insured_count: 9
  tianyancha_score: 88
  self_risk_count: 0
  around_risk_count: 924
  lawsuit_count: 2
  contract_dispute_count: 0
  dishonest_records: 0
  executed_count: 0
  restriction_count: None
  pledge_freeze: None
  pledge_freeze_count: 0
  negative_news: 22
  _source: tianyancha_opencli
  debt_ratio: None
  current_ratio: None
  revenue_growth: None
  cash_flow: None
  net_margin: None
  dp_store_count: 0
  dp_paused_count: 0
  dp_avg_rating: None
  on_time_rate: None
  avg_overdue_days: None
  max_overdue_amount: None
  cooperation_years: 0

【评分卡结果】
  总分: 71.46
  基础等级: A
  - basic_credit: 100.0分
  - company_scale: 34.0分
  - payment_behavior: 27.5分
  - external_risk: 70.25分

【规则引擎】
  🔔 触发预警:
    🟠 [orange] 负面舆情预警: 负面舆情5条以上
    🟡 [yellow] 新客户首次合作: 首次合作客户，履约行为最高50分（风险未知）
  结果: A → A / 71.46分

[29/59] 奥卡普（上海）文化发展有限公司

============================================================
开始评估客户: 奥卡普（上海）文化发展有限公司
============================================================

正在收集企业信息...
正在收集财务信息...
[财务] 未提供真实财务报表，财务健康维度将使用外部替代指标
正在抓取大众点评门店数据...
[大众点评] 关键词简化: 奥卡普（上海）文化发展有限公司 → 奥卡普
[大众点评] 搜索 奥卡普 @ 上海 (city_id=1)
[大众点评] 搜索 奥卡普 @ 北京 (city_id=2)
[大众点评] 搜索 奥卡普 @ 广州 (city_id=4)
[大众点评] 搜索 奥卡普 @ 深圳 (city_id=7)
新客户模式：无历史交易数据，采用保守估计...

【收集到的原始数据】
  company_name: 奥卡普（上海）文化发展有限公司
  established_years: 0.7
  registered_capital: 200000.0
  paid_in_capital: None
  paid_in_capital_ratio: None
  abnormal_records: 0
  penalty_records: 0
  company_status: 存续
  insured_count: 0
  tianyancha_score: None
  self_risk_count: 0
  around_risk_count: 0
  lawsuit_count: 0
  contract_dispute_count: 0
  dishonest_records: 0
  executed_count: 0
  restriction_count: None
  pledge_freeze: None
  pledge_freeze_count: 0
  negative_news: 0
  _source: tianyancha_opencli
  debt_ratio: None
  current_ratio: None
  revenue_growth: None
  cash_flow: None
  net_margin: None
  dp_store_count: 0
  dp_paused_count: 0
  dp_avg_rating: None
  on_time_rate: None
  avg_overdue_days: None
  max_overdue_amount: None
  cooperation_years: 0

【评分卡结果】
  总分: 43.75
  基础等级: B
  - basic_credit: 34.0分
  - company_scale: 37.0分
  - payment_behavior: 42.5分
  - external_risk: 86.5分

【规则引擎】
  🔔 触发预警:
    🟡 [yellow] 新客户首次合作: 首次合作客户，履约行为最高50分（风险未知）
  结果: B → B / 43.75分

[30/59] 锅圈食品（上海）股份有限公司

============================================================
开始评估客户: 锅圈食品（上海）股份有限公司
============================================================

正在收集企业信息...
正在收集财务信息...
[财务] 未提供真实财务报表，财务健康维度将使用外部替代指标
正在抓取大众点评门店数据...
[大众点评] 关键词简化: 锅圈食品（上海）股份有限公司 → 锅圈
[大众点评] 搜索 锅圈 @ 上海 (city_id=1)
[大众点评] 搜索 锅圈 @ 北京 (city_id=2)
[大众点评] 搜索 锅圈 @ 广州 (city_id=4)
[大众点评] 搜索 锅圈 @ 深圳 (city_id=7)
新客户模式：无历史交易数据，采用保守估计...

【收集到的原始数据】
  company_name: 锅圈食品（上海）股份有限公司
  established_years: 6.9
  registered_capital: 2747360400.0
  paid_in_capital: 2670000000.0
  paid_in_capital_ratio: 0.97
  abnormal_records: 0
  penalty_records: 0
  company_status: 存续
  insured_count: 2216
  tianyancha_score: 98
  self_risk_count: 35
  around_risk_count: 65
  lawsuit_count: 18
  contract_dispute_count: 0
  dishonest_records: 0
  executed_count: 0
  restriction_count: None
  pledge_freeze: None
  pledge_freeze_count: 0
  negative_news: 956
  _source: tianyancha_opencli
  debt_ratio: None
  current_ratio: None
  revenue_growth: None
  cash_flow: None
  net_margin: None
  dp_store_count: 0
  dp_paused_count: 0
  dp_avg_rating: None
  on_time_rate: None
  avg_overdue_days: None
  max_overdue_amount: None
  cooperation_years: 0

【评分卡结果】
  总分: 76.69
  基础等级: A
  - basic_credit: 97.0分
  - company_scale: 77.0分
  - payment_behavior: 27.5分
  - external_risk: 57.75分

【规则引擎】
  🔔 触发预警:
    🟠 [orange] 负面舆情预警: 负面舆情5条以上
    🟡 [yellow] 新客户首次合作: 首次合作客户，履约行为最高50分（风险未知）
  结果: A → A / 76.69分

[31/59] 沈阳新天地超市连锁经营有限公司

============================================================
开始评估客户: 沈阳新天地超市连锁经营有限公司
============================================================

正在收集企业信息...
正在收集财务信息...
[财务] 未提供真实财务报表，财务健康维度将使用外部替代指标
正在抓取大众点评门店数据...
[大众点评] 品牌映射: 新天地 → 新天地超市
[大众点评] 关键词简化: 沈阳新天地超市连锁经营有限公司 → 新天地超市
[大众点评] 搜索 新天地超市 @ 上海 (city_id=1)
[大众点评] 搜索 新天地超市 @ 北京 (city_id=2)
[大众点评] 搜索 新天地超市 @ 广州 (city_id=4)
[大众点评] 搜索 新天地超市 @ 深圳 (city_id=7)
新客户模式：无历史交易数据，采用保守估计...

【收集到的原始数据】
  company_name: 沈阳新天地超市连锁经营有限公司
  established_years: 15.8
  registered_capital: 10000000.0
  paid_in_capital: 1000000.0
  paid_in_capital_ratio: 0.1
  abnormal_records: 0
  penalty_records: 0
  company_status: 存续
  insured_count: 560
  tianyancha_score: 73
  self_risk_count: 99
  around_risk_count: 12
  lawsuit_count: 184
  contract_dispute_count: 0
  dishonest_records: 0
  executed_count: 0
  restriction_count: None
  pledge_freeze: None
  pledge_freeze_count: 0
  negative_news: 3
  _source: tianyancha_opencli
  debt_ratio: None
  current_ratio: None
  revenue_growth: None
  cash_flow: None
  net_margin: None
  dp_store_count: 0
  dp_paused_count: 0
  dp_avg_rating: None
  on_time_rate: None
  avg_overdue_days: None
  max_overdue_amount: None
  cooperation_years: 0

【评分卡结果】
  总分: 61.17
  基础等级: BBB
  - basic_credit: 64.0分
  - company_scale: 75.0分
  - payment_behavior: 35.0分
  - external_risk: 59.5分

【规则引擎】
  ⚠️ 触发否决规则:
    - 中小企业重大诉讼: 中小企业加权诉讼≥10起，最高评级BBB
    - 中小企业严重诉讼: 中小企业加权诉讼≥15起，最高评级BB
  等级调整: BBB -> BB
  🔔 触发预警:
    🟡 [yellow] 新客户首次合作: 首次合作客户，履约行为最高50分（风险未知）
  结果: BBB → BB / 61.17分

[32/59] 深圳市旭展文体用品有限公司

============================================================
开始评估客户: 深圳市旭展文体用品有限公司
============================================================

正在收集企业信息...
正在收集财务信息...
[财务] 未提供真实财务报表，财务健康维度将使用外部替代指标
正在抓取大众点评门店数据...
[大众点评] 关键词简化: 深圳市旭展文体用品有限公司 → 旭展
[大众点评] 搜索 旭展 @ 上海 (city_id=1)
[大众点评] 搜索 旭展 @ 北京 (city_id=2)
[大众点评] 搜索 旭展 @ 广州 (city_id=4)
[大众点评] 搜索 旭展 @ 深圳 (city_id=7)
新客户模式：无历史交易数据，采用保守估计...

【收集到的原始数据】
  company_name: 深圳市旭展文体用品有限公司
  established_years: 16.2
  registered_capital: 6000000.0
  paid_in_capital: 4200000.0
  paid_in_capital_ratio: 0.7
  abnormal_records: 0
  penalty_records: 0
  company_status: 存续
  insured_count: 14
  tianyancha_score: 68
  self_risk_count: 0
  around_risk_count: 0
  lawsuit_count: 0
  contract_dispute_count: 0
  dishonest_records: 0
  executed_count: 0
  restriction_count: None
  pledge_freeze: None
  pledge_freeze_count: 0
  negative_news: 1
  _source: tianyancha_opencli
  debt_ratio: None
  current_ratio: None
  revenue_growth: None
  cash_flow: None
  net_margin: None
  dp_store_count: 0
  dp_paused_count: 0
  dp_avg_rating: None
  on_time_rate: None
  avg_overdue_days: None
  max_overdue_amount: None
  cooperation_years: 0

【评分卡结果】
  总分: 66.05
  基础等级: BBB
  - basic_credit: 72.0分
  - company_scale: 55.0分
  - payment_behavior: 42.5分
  - external_risk: 84.5分

【规则引擎】
  🔔 触发预警:
    🟡 [yellow] 新客户首次合作: 首次合作客户，履约行为最高50分（风险未知）
  结果: BBB → BBB / 66.05分

[33/59] 沃尔玛（中国）投资有限公司

============================================================
开始评估客户: 沃尔玛（中国）投资有限公司
============================================================

正在收集企业信息...
正在收集财务信息...
[财务] 未提供真实财务报表，财务健康维度将使用外部替代指标
正在抓取大众点评门店数据...
[大众点评] 关键词简化: 沃尔玛（中国）投资有限公司 → 沃尔玛
[大众点评] 搜索 沃尔玛 @ 上海 (city_id=1)
[大众点评] 搜索 沃尔玛 @ 北京 (city_id=2)
[大众点评] 搜索 沃尔玛 @ 广州 (city_id=4)
[大众点评] 搜索 沃尔玛 @ 深圳 (city_id=7)
新客户模式：无历史交易数据，采用保守估计...

【收集到的原始数据】
  company_name: 沃尔玛（中国）投资有限公司
  established_years: 23.1
  registered_capital: 326600000.0
  paid_in_capital: 326600000.0
  paid_in_capital_ratio: 1.0
  abnormal_records: 0
  penalty_records: 1
  company_status: 存续
  insured_count: 2699
  tianyancha_score: 98
  self_risk_count: 202
  around_risk_count: 1315
  lawsuit_count: 658
  contract_dispute_count: 0
  dishonest_records: 0
  executed_count: 0
  restriction_count: None
  pledge_freeze: None
  pledge_freeze_count: 0
  negative_news: 999
  _source: tianyancha_opencli
  debt_ratio: None
  current_ratio: None
  revenue_growth: None
  cash_flow: None
  net_margin: None
  dp_store_count: 0
  dp_paused_count: 0
  dp_avg_rating: None
  on_time_rate: None
  avg_overdue_days: None
  max_overdue_amount: None
  cooperation_years: 0

【评分卡结果】
  总分: 73.85
  基础等级: A
  - basic_credit: 96.0分
  - company_scale: 70.0分
  - payment_behavior: 27.5分
  - external_risk: 51.5分

【规则引擎】
  ⚠️ 触发否决规则:
    - 大型企业重大诉讼: 大型企业加权诉讼≥30起，最高评级BBB
    - 大型企业严重诉讼: 大型企业加权诉讼≥50起，最高评级BB
  等级调整: A -> BB
  🔔 触发预警:
    🟠 [orange] 负面舆情预警: 负面舆情5条以上
    🟡 [yellow] 新客户首次合作: 首次合作客户，履约行为最高50分（风险未知）
  结果: A → BB / 73.85分

[34/59] 上海终为始贸易有限公司

============================================================
开始评估客户: 上海终为始贸易有限公司
============================================================

正在收集企业信息...
正在收集财务信息...
[财务] 未提供真实财务报表，财务健康维度将使用外部替代指标
正在抓取大众点评门店数据...
[大众点评] 关键词简化: 上海终为始贸易有限公司 → 终为始
[大众点评] 搜索 终为始 @ 上海 (city_id=1)
[大众点评] 搜索 终为始 @ 北京 (city_id=2)
[大众点评] 搜索 终为始 @ 广州 (city_id=4)
[大众点评] 搜索 终为始 @ 深圳 (city_id=7)
新客户模式：无历史交易数据，采用保守估计...

【收集到的原始数据】
  company_name: 上海终为始贸易有限公司
  established_years: 14.0
  registered_capital: 500000.0
  paid_in_capital: 100000.0
  paid_in_capital_ratio: 0.2
  abnormal_records: 0
  penalty_records: 0
  company_status: 存续
  insured_count: 0
  tianyancha_score: 53
  self_risk_count: 0
  around_risk_count: 0
  lawsuit_count: 0
  contract_dispute_count: 0
  dishonest_records: 0
  executed_count: 0
  restriction_count: None
  pledge_freeze: None
  pledge_freeze_count: 0
  negative_news: 0
  _source: tianyancha_opencli
  debt_ratio: None
  current_ratio: None
  revenue_growth: None
  cash_flow: None
  net_margin: None
  dp_store_count: 0
  dp_paused_count: 0
  dp_avg_rating: None
  on_time_rate: None
  avg_overdue_days: None
  max_overdue_amount: None
  cooperation_years: 0

【评分卡结果】
  总分: 55.75
  基础等级: BB
  - basic_credit: 58.0分
  - company_scale: 37.0分
  - payment_behavior: 42.5分
  - external_risk: 86.5分

【规则引擎】
  🔔 触发预警:
    🟡 [yellow] 新客户首次合作: 首次合作客户，履约行为最高50分（风险未知）
  结果: BB → BB / 55.75分

[35/59] 福建万辰食品集团股份有限公司南京分公司

============================================================
开始评估客户: 福建万辰食品集团股份有限公司南京分公司
============================================================

正在收集企业信息...
正在收集财务信息...
[财务] 未提供真实财务报表，财务健康维度将使用外部替代指标
正在抓取大众点评门店数据...
[大众点评] 品牌映射: 万辰食品集团股份有限公司 → 万辰
[大众点评] 关键词简化: 福建万辰食品集团股份有限公司南京分公司 → 万辰
[大众点评] 搜索 万辰 @ 上海 (city_id=1)
[大众点评] 搜索 万辰 @ 北京 (city_id=2)
[大众点评] 搜索 万辰 @ 广州 (city_id=4)
[大众点评] 搜索 万辰 @ 深圳 (city_id=7)
新客户模式：无历史交易数据，采用保守估计...

【收集到的原始数据】
  company_name: 福建万辰食品集团股份有限公司南京分公司
  established_years: 2.7
  registered_capital: 0.0
  paid_in_capital: None
  paid_in_capital_ratio: None
  abnormal_records: 0
  penalty_records: 0
  company_status: 在业
  insured_count: 128
  tianyancha_score: 30
  self_risk_count: 0
  around_risk_count: 185
  lawsuit_count: 0
  contract_dispute_count: 0
  dishonest_records: 0
  executed_count: 0
  restriction_count: None
  pledge_freeze: None
  pledge_freeze_count: 0
  negative_news: 3
  _source: tianyancha_opencli
  debt_ratio: None
  current_ratio: None
  revenue_growth: None
  cash_flow: None
  net_margin: None
  dp_store_count: 0
  dp_paused_count: 0
  dp_avg_rating: None
  on_time_rate: None
  avg_overdue_days: None
  max_overdue_amount: None
  cooperation_years: 0

【评分卡结果】
  总分: 46.7
  基础等级: B
  - basic_credit: 39.0分
  - company_scale: 52.0分
  - payment_behavior: 27.5分
  - external_risk: 84.5分

【规则引擎】
  🔔 触发预警:
    🟡 [yellow] 新客户首次合作: 首次合作客户，履约行为最高50分（风险未知）
  结果: B → B / 46.7分

[36/59] 上海铂泫贸易有限公司

============================================================
开始评估客户: 上海铂泫贸易有限公司
============================================================

正在收集企业信息...
正在收集财务信息...
[财务] 未提供真实财务报表，财务健康维度将使用外部替代指标
正在抓取大众点评门店数据...
[大众点评] 关键词简化: 上海铂泫贸易有限公司 → 铂泫
[大众点评] 搜索 铂泫 @ 上海 (city_id=1)
[大众点评] 搜索 铂泫 @ 北京 (city_id=2)
[大众点评] 搜索 铂泫 @ 广州 (city_id=4)
[大众点评] 搜索 铂泫 @ 深圳 (city_id=7)
新客户模式：无历史交易数据，采用保守估计...

【收集到的原始数据】
  company_name: 上海铂泫贸易有限公司
  established_years: 9.2
  registered_capital: 5000000.0
  paid_in_capital: 3500000.0
  paid_in_capital_ratio: 0.7
  abnormal_records: 0
  penalty_records: 0
  company_status: 存续
  insured_count: 6
  tianyancha_score: 67
  self_risk_count: 4
  around_risk_count: 0
  lawsuit_count: 6
  contract_dispute_count: 0
  dishonest_records: 0
  executed_count: 0
  restriction_count: None
  pledge_freeze: None
  pledge_freeze_count: 0
  negative_news: 1
  _source: tianyancha_opencli
  debt_ratio: None
  current_ratio: None
  revenue_growth: None
  cash_flow: None
  net_margin: None
  dp_store_count: 0
  dp_paused_count: 0
  dp_avg_rating: None
  on_time_rate: None
  avg_overdue_days: None
  max_overdue_amount: None
  cooperation_years: 0

【评分卡结果】
  总分: 59.94
  基础等级: BB
  - basic_credit: 69.0分
  - company_scale: 46.0分
  - payment_behavior: 42.5分
  - external_risk: 65.75分

【规则引擎】
  🔔 触发预警:
    🟡 [yellow] 新客户首次合作: 首次合作客户，履约行为最高50分（风险未知）
  结果: BB → BB / 59.94分

[37/59] 宁波热风企业管理有限公司

============================================================
开始评估客户: 宁波热风企业管理有限公司
============================================================

正在收集企业信息...
正在收集财务信息...
[财务] 未提供真实财务报表，财务健康维度将使用外部替代指标
正在抓取大众点评门店数据...
[大众点评] 关键词简化: 宁波热风企业管理有限公司 → 热风
[大众点评] 搜索 热风 @ 上海 (city_id=1)
[大众点评] 搜索 热风 @ 北京 (city_id=2)
[大众点评] 搜索 热风 @ 广州 (city_id=4)
[大众点评] 搜索 热风 @ 深圳 (city_id=7)
新客户模式：无历史交易数据，采用保守估计...

【收集到的原始数据】
  company_name: 宁波热风企业管理有限公司
  established_years: 7.9
  registered_capital: 200000000.0
  paid_in_capital: None
  paid_in_capital_ratio: None
  abnormal_records: 0
  penalty_records: 0
  company_status: 存续
  insured_count: 15
  tianyancha_score: 57
  self_risk_count: 13
  around_risk_count: 42
  lawsuit_count: 10
  contract_dispute_count: 0
  dishonest_records: 0
  executed_count: 0
  restriction_count: None
  pledge_freeze: None
  pledge_freeze_count: 0
  negative_news: 0
  _source: tianyancha_opencli
  debt_ratio: None
  current_ratio: None
  revenue_growth: None
  cash_flow: None
  net_margin: None
  dp_store_count: 0
  dp_paused_count: 0
  dp_avg_rating: None
  on_time_rate: None
  avg_overdue_days: None
  max_overdue_amount: None
  cooperation_years: 0

【评分卡结果】
  总分: 51.17
  基础等级: BB
  - basic_credit: 51.0分
  - company_scale: 50.0分
  - payment_behavior: 30.5分
  - external_risk: 74.0分

【规则引擎】
  🔔 触发预警:
    🟡 [yellow] 新客户首次合作: 首次合作客户，履约行为最高50分（风险未知）
  结果: BB → BB / 51.17分

[38/59] 东莞市盟客供应链科技有限公司

============================================================
开始评估客户: 东莞市盟客供应链科技有限公司
============================================================

正在收集企业信息...
正在收集财务信息...
[财务] 未提供真实财务报表，财务健康维度将使用外部替代指标
正在抓取大众点评门店数据...
[大众点评] 关键词简化: 东莞市盟客供应链科技有限公司 → 盟客
[大众点评] 搜索 盟客 @ 上海 (city_id=1)
[大众点评] 搜索 盟客 @ 北京 (city_id=2)
[大众点评] 搜索 盟客 @ 广州 (city_id=4)
[大众点评] 搜索 盟客 @ 深圳 (city_id=7)
新客户模式：无历史交易数据，采用保守估计...

【收集到的原始数据】
  company_name: 东莞市盟客供应链科技有限公司
  established_years: 2.7
  registered_capital: 1000000.0
  paid_in_capital: 1000000.0
  paid_in_capital_ratio: 1.0
  abnormal_records: 0
  penalty_records: 0
  company_status: 存续
  insured_count: 0
  tianyancha_score: 58
  self_risk_count: 0
  around_risk_count: 0
  lawsuit_count: 0
  contract_dispute_count: 0
  dishonest_records: 0
  executed_count: 0
  restriction_count: None
  pledge_freeze: None
  pledge_freeze_count: 0
  negative_news: 0
  _source: tianyancha_opencli
  debt_ratio: None
  current_ratio: None
  revenue_growth: None
  cash_flow: None
  net_margin: None
  dp_store_count: 0
  dp_paused_count: 0
  dp_avg_rating: None
  on_time_rate: None
  avg_overdue_days: None
  max_overdue_amount: None
  cooperation_years: 0

【评分卡结果】
  总分: 51.25
  基础等级: BB
  - basic_credit: 49.0分
  - company_scale: 37.0分
  - payment_behavior: 42.5分
  - external_risk: 86.5分

【规则引擎】
  🔔 触发预警:
    🟡 [yellow] 新客户首次合作: 首次合作客户，履约行为最高50分（风险未知）
  结果: BB → BB / 51.25分

[39/59] 湖南新佳宜商贸有限公司

============================================================
开始评估客户: 湖南新佳宜商贸有限公司
============================================================

正在收集企业信息...
正在收集财务信息...
[财务] 未提供真实财务报表，财务健康维度将使用外部替代指标
正在抓取大众点评门店数据...
[大众点评] 关键词简化: 湖南新佳宜商贸有限公司 → 新佳宜
[大众点评] 搜索 新佳宜 @ 上海 (city_id=1)
[大众点评] 搜索 新佳宜 @ 北京 (city_id=2)
[大众点评] 搜索 新佳宜 @ 广州 (city_id=4)
[大众点评] 搜索 新佳宜 @ 深圳 (city_id=7)
新客户模式：无历史交易数据，采用保守估计...

【收集到的原始数据】
  company_name: 湖南新佳宜商贸有限公司
  established_years: 9.7
  registered_capital: 5000000.0
  paid_in_capital: 5000000.0
  paid_in_capital_ratio: 1.0
  abnormal_records: 0
  penalty_records: 0
  company_status: 存续
  insured_count: 389
  tianyancha_score: 67
  self_risk_count: 2
  around_risk_count: 39
  lawsuit_count: 5
  contract_dispute_count: 1
  dishonest_records: 0
  executed_count: 0
  restriction_count: None
  pledge_freeze: None
  pledge_freeze_count: 0
  negative_news: 1
  _source: tianyancha_opencli
  debt_ratio: None
  current_ratio: None
  revenue_growth: None
  cash_flow: None
  net_margin: None
  dp_store_count: 0
  dp_paused_count: 0
  dp_avg_rating: None
  on_time_rate: None
  avg_overdue_days: None
  max_overdue_amount: None
  cooperation_years: 0

【评分卡结果】
  总分: 61.64
  基础等级: BBB
  - basic_credit: 69.0分
  - company_scale: 68.0分
  - payment_behavior: 30.5分
  - external_risk: 59.75分

【规则引擎】
  🔔 触发预警:
    🟡 [yellow] 新客户首次合作: 首次合作客户，履约行为最高50分（风险未知）
  结果: BBB → BBB / 61.64分

[40/59] 真市美供应链（沈阳）有限公司

============================================================
开始评估客户: 真市美供应链（沈阳）有限公司
============================================================

正在收集企业信息...
正在收集财务信息...
[财务] 未提供真实财务报表，财务健康维度将使用外部替代指标
正在抓取大众点评门店数据...
[大众点评] 关键词简化: 真市美供应链（沈阳）有限公司 → 真市美
[大众点评] 搜索 真市美 @ 上海 (city_id=1)
[大众点评] 搜索 真市美 @ 北京 (city_id=2)
[大众点评] 搜索 真市美 @ 广州 (city_id=4)
[大众点评] 搜索 真市美 @ 深圳 (city_id=7)
新客户模式：无历史交易数据，采用保守估计...

【收集到的原始数据】
  company_name: 真市美供应链（沈阳）有限公司
  established_years: 2.9
  registered_capital: 80000000.0
  paid_in_capital: 5000000.0
  paid_in_capital_ratio: 0.06
  abnormal_records: 0
  penalty_records: 0
  company_status: 存续
  insured_count: 98
  tianyancha_score: 86
  self_risk_count: 0
  around_risk_count: 27
  lawsuit_count: 0
  contract_dispute_count: 0
  dishonest_records: 0
  executed_count: 0
  restriction_count: None
  pledge_freeze: None
  pledge_freeze_count: 0
  negative_news: 0
  _source: tianyancha_opencli
  debt_ratio: None
  current_ratio: None
  revenue_growth: None
  cash_flow: None
  net_margin: None
  dp_store_count: 0
  dp_paused_count: 0
  dp_avg_rating: None
  on_time_rate: None
  avg_overdue_days: None
  max_overdue_amount: None
  cooperation_years: 0

【评分卡结果】
  总分: 62.85
  基础等级: BBB
  - basic_credit: 67.0分
  - company_scale: 59.0分
  - payment_behavior: 30.5分
  - external_risk: 86.5分

【规则引擎】
  🔔 触发预警:
    🟡 [yellow] 新客户首次合作: 首次合作客户，履约行为最高50分（风险未知）
  结果: BBB → BBB / 62.85分

[41/59] 宁波旭歌贸易有限公司

============================================================
开始评估客户: 宁波旭歌贸易有限公司
============================================================

正在收集企业信息...
正在收集财务信息...
[财务] 未提供真实财务报表，财务健康维度将使用外部替代指标
正在抓取大众点评门店数据...
[大众点评] 关键词简化: 宁波旭歌贸易有限公司 → 旭歌
[大众点评] 搜索 旭歌 @ 上海 (city_id=1)
[大众点评] 搜索 旭歌 @ 北京 (city_id=2)
[大众点评] 搜索 旭歌 @ 广州 (city_id=4)
[大众点评] 搜索 旭歌 @ 深圳 (city_id=7)
新客户模式：无历史交易数据，采用保守估计...

【收集到的原始数据】
  company_name: 宁波旭歌贸易有限公司
  established_years: 13.4
  registered_capital: 1000000.0
  paid_in_capital: 835000.0
  paid_in_capital_ratio: 0.83
  abnormal_records: 0
  penalty_records: 1
  company_status: 存续
  insured_count: 22
  tianyancha_score: 58
  self_risk_count: 0
  around_risk_count: 1
  lawsuit_count: 0
  contract_dispute_count: 0
  dishonest_records: 0
  executed_count: 0
  restriction_count: None
  pledge_freeze: None
  pledge_freeze_count: 0
  negative_news: 1
  _source: tianyancha_opencli
  debt_ratio: None
  current_ratio: None
  revenue_growth: None
  cash_flow: None
  net_margin: None
  dp_store_count: 0
  dp_paused_count: 0
  dp_avg_rating: None
  on_time_rate: None
  avg_overdue_days: None
  max_overdue_amount: None
  cooperation_years: 0

【评分卡结果】
  总分: 56.5
  基础等级: BB
  - basic_credit: 54.0分
  - company_scale: 56.0分
  - payment_behavior: 39.5分
  - external_risk: 82.5分

【规则引擎】
  🔔 触发预警:
    🟡 [yellow] 新客户首次合作: 首次合作客户，履约行为最高50分（风险未知）
  结果: BB → BB / 56.5分

[42/59] 安徽优壹达供应链有限公司

============================================================
开始评估客户: 安徽优壹达供应链有限公司
============================================================

正在收集企业信息...
正在收集财务信息...
[财务] 未提供真实财务报表，财务健康维度将使用外部替代指标
正在抓取大众点评门店数据...
[大众点评] 关键词简化: 安徽优壹达供应链有限公司 → 优壹达
[大众点评] 搜索 优壹达 @ 上海 (city_id=1)
[大众点评] 搜索 优壹达 @ 北京 (city_id=2)
[大众点评] 搜索 优壹达 @ 广州 (city_id=4)
[大众点评] 搜索 优壹达 @ 深圳 (city_id=7)
新客户模式：无历史交易数据，采用保守估计...

【收集到的原始数据】
  company_name: 安徽优壹达供应链有限公司
  established_years: 7.2
  registered_capital: 5000000.0
  paid_in_capital: 5000000.0
  paid_in_capital_ratio: 1.0
  abnormal_records: 0
  penalty_records: 0
  company_status: 存续
  insured_count: 0
  tianyancha_score: 67
  self_risk_count: 0
  around_risk_count: 12
  lawsuit_count: 0
  contract_dispute_count: 0
  dishonest_records: 0
  executed_count: 0
  restriction_count: None
  pledge_freeze: None
  pledge_freeze_count: 0
  negative_news: 1
  _source: tianyancha_opencli
  debt_ratio: None
  current_ratio: None
  revenue_growth: None
  cash_flow: None
  net_margin: None
  dp_store_count: 0
  dp_paused_count: 0
  dp_avg_rating: None
  on_time_rate: None
  avg_overdue_days: None
  max_overdue_amount: None
  cooperation_years: 0

【评分卡结果】
  总分: 60.23
  基础等级: BBB
  - basic_credit: 69.0分
  - company_scale: 39.0分
  - payment_behavior: 35.0分
  - external_risk: 84.5分

【规则引擎】
  🔔 触发预警:
    🟡 [yellow] 新客户首次合作: 首次合作客户，履约行为最高50分（风险未知）
  结果: BBB → BBB / 60.23分

[43/59] "麦德龙商业集团有限公司"

============================================================
开始评估客户: "麦德龙商业集团有限公司"
============================================================

正在收集企业信息...
正在收集财务信息...
[财务] 未提供真实财务报表，财务健康维度将使用外部替代指标
正在抓取大众点评门店数据...
[大众点评] 关键词简化: "麦德龙商业集团有限公司" → 麦德龙
[大众点评] 搜索 麦德龙 @ 上海 (city_id=1)
[大众点评] 搜索 麦德龙 @ 北京 (city_id=2)
[大众点评] 搜索 麦德龙 @ 广州 (city_id=4)
[大众点评] 搜索 麦德龙 @ 深圳 (city_id=7)
新客户模式：无历史交易数据，采用保守估计...

【收集到的原始数据】
  company_name: "麦德龙商业集团有限公司"
  established_years: 30.9
  registered_capital: 556295955.0
  paid_in_capital: 556295955.0
  paid_in_capital_ratio: 1.0
  abnormal_records: 0
  penalty_records: 3
  company_status: 存续
  insured_count: 475
  tianyancha_score: 96
  self_risk_count: 187
  around_risk_count: 14
  lawsuit_count: 999
  contract_dispute_count: 0
  dishonest_records: 0
  executed_count: 0
  restriction_count: None
  pledge_freeze: 0.0
  pledge_freeze_count: 1
  negative_news: 999
  _source: tianyancha_opencli
  debt_ratio: None
  current_ratio: None
  revenue_growth: None
  cash_flow: None
  net_margin: None
  dp_store_count: 0
  dp_paused_count: 0
  dp_avg_rating: None
  on_time_rate: None
  avg_overdue_days: None
  max_overdue_amount: None
  cooperation_years: 0

【评分卡结果】
  总分: 76.0
  基础等级: A
  - basic_credit: 92.0分
  - company_scale: 75.0分
  - payment_behavior: 35.0分
  - external_risk: 65.0分

【规则引擎】
  ⚠️ 触发否决规则:
    - 大型企业重大诉讼: 大型企业加权诉讼≥30起，最高评级BBB
    - 大型企业严重诉讼: 大型企业加权诉讼≥50起，最高评级BB
  等级调整: A -> BB
  🔔 触发预警:
    🟠 [orange] 负面舆情预警: 负面舆情5条以上
    🟡 [yellow] 新客户首次合作: 首次合作客户，履约行为最高50分（风险未知）
  结果: A → BB / 76.0分

[44/59] 重庆西西弗文化传播有限公司

============================================================
开始评估客户: 重庆西西弗文化传播有限公司
============================================================

正在收集企业信息...
正在收集财务信息...
[财务] 未提供真实财务报表，财务健康维度将使用外部替代指标
正在抓取大众点评门店数据...
[大众点评] 品牌映射: 西西弗文化传播 → 西西弗书店
[大众点评] 关键词简化: 重庆西西弗文化传播有限公司 → 西西弗书店
[大众点评] 搜索 西西弗书店 @ 上海 (city_id=1)
[大众点评] 搜索 西西弗书店 @ 北京 (city_id=2)
[大众点评] 搜索 西西弗书店 @ 广州 (city_id=4)
[大众点评] 搜索 西西弗书店 @ 深圳 (city_id=7)
新客户模式：无历史交易数据，采用保守估计...

【收集到的原始数据】
  company_name: 重庆西西弗文化传播有限公司
  established_years: 18.4
  registered_capital: 4000000.0
  paid_in_capital: 4000000.0
  paid_in_capital_ratio: 1.0
  abnormal_records: 0
  penalty_records: 1
  company_status: 存续
  insured_count: 458
  tianyancha_score: 63