============================================================
KA 渠道客户信用评估
============================================================

[前置检查] OpenCLI workspace: bound:default
✅ OpenCLI 已就绪

[读取] /Users/yuxuanyu/workspace/OpenCLI/credit-risk-system/reports/卡游渠道客户信用评估报告_20260604_231619.xlsx
共 59 行，原始列: ['客户名称', '统一社会信用代码', '客户类型', '合作年限', '评分卡总分', '基础等级', '规则调整后等级', '最终账期(天)', '基础授信(万元)', '门店规模系数', '最终授信(万元)', '预付比例', '复核周期', '管理措施', '触发的关键规则']
识别到公司名列: 客户名称

[初始化] ClientEvaluator (new_client=True, OpenCLI only)
[评估器] 尝试使用 OpenCLI Browser 模式（复用你当前的 Chrome + 登录态）
[评估器] ✅ OpenCLI Browser 已就绪 (workspace=default)
[优化] 大众点评关键词已自动简化，恢复 8 城市搜索

[1/59] 上海罗森便利有限公司

============================================================
开始评估客户: 上海罗森便利有限公司
============================================================

正在收集企业信息...
正在收集财务信息...
[财务] 未提供真实财务报表，财务健康维度将使用外部替代指标
正在抓取大众点评门店数据...
[大众点评] 关键词简化: 上海罗森便利有限公司 → 罗森
[大众点评] 搜索 罗森 @ 上海 (city_id=1)
[大众点评] 上海 找到 1366 家，停止搜索
新客户模式：无历史交易数据，采用保守估计...

【收集到的原始数据】
  company_name: 上海罗森便利有限公司
  established_years: 30.3
  registered_capital: 65000000.0
  paid_in_capital: 65000000.0
  paid_in_capital_ratio: 1.0
  abnormal_records: 0
  penalty_records: 0
  company_status: 存续
  insured_count: 464
  tianyancha_score: 95
  self_risk_count: 21
  around_risk_count: 45
  lawsuit_count: 47
  contract_dispute_count: 0
  dishonest_records: 0
  executed_count: 0
  restriction_count: None
  pledge_freeze: None
  pledge_freeze_count: 0
  negative_news: 999
  _source: tianyancha_opencli
  debt_ratio: None
  current_ratio: None
  revenue_growth: None
  cash_flow: None
  net_margin: None
  dp_store_count: 1366
  dp_paused_count: 0
  dp_avg_rating: None
  on_time_rate: None
  avg_overdue_days: None
  max_overdue_amount: None
  cooperation_years: 0

【评分卡结果】
  总分: 77.9
  基础等级: A
  - basic_credit: 100.0分
  - company_scale: 78.0分
  - payment_behavior: 30.5分
  - external_risk: 51.5分
  [零售客户] 已激活库存周转维度

【规则引擎】
  ⚠️ 触发否决规则:
    - 大型企业重大诉讼: 大型企业加权诉讼≥30起，最高评级BBB
    - 头部连锁企业基础信用: 头部连锁企业（门店1000+），渠道话语权强，无资金链断裂信号，基础等级不低于A
  🔔 触发预警:
    🟠 [orange] 负面舆情预警: 负面舆情5条以上
    🟡 [yellow] 新客户首次合作: 首次合作客户，履约行为最高50分（风险未知）
  结果: A → A / 77.9分

[2/59] 福建云通供应链有限公司

============================================================
开始评估客户: 福建云通供应链有限公司
============================================================

正在收集企业信息...
正在收集财务信息...
[财务] 未提供真实财务报表，财务健康维度将使用外部替代指标
正在抓取大众点评门店数据...
[大众点评] 关键词简化: 福建云通供应链有限公司 → 云通
[大众点评] 搜索 云通 @ 上海 (city_id=1)
[大众点评] 上海 找到 5 家，停止搜索
新客户模式：无历史交易数据，采用保守估计...

【收集到的原始数据】
  company_name: 福建云通供应链有限公司
  established_years: 5.4
  registered_capital: 100000000.0
  paid_in_capital: 100000000.0
  paid_in_capital_ratio: 1.0
  abnormal_records: 0
  penalty_records: 3
  company_status: 存续
  insured_count: 47
  tianyancha_score: 88
  self_risk_count: 6
  around_risk_count: 393
  lawsuit_count: 5
  contract_dispute_count: 0
  dishonest_records: 0
  executed_count: 0
  restriction_count: None
  pledge_freeze: None
  pledge_freeze_count: 0
  negative_news: 0
  _source: tianyancha_opencli
  debt_ratio: None
  current_ratio: None
  revenue_growth: None
  cash_flow: None
  net_margin: None
  dp_store_count: 5
  dp_paused_count: 0
  dp_avg_rating: None
  on_time_rate: None
  avg_overdue_days: None
  max_overdue_amount: None
  cooperation_years: 0

【评分卡结果】
  总分: 67.12
  基础等级: BBB
  - basic_credit: 89.0分
  - company_scale: 37.0分
  - payment_behavior: 27.5分
  - external_risk: 74.0分

【规则引擎】
  🔔 触发预警:
    🟡 [yellow] 新客户首次合作: 首次合作客户，履约行为最高50分（风险未知）
  结果: BBB → BBB / 67.12分

[3/59] 天津顶连食品有限公司

============================================================
开始评估客户: 天津顶连食品有限公司
============================================================

正在收集企业信息...
正在收集财务信息...
[财务] 未提供真实财务报表，财务健康维度将使用外部替代指标
正在抓取大众点评门店数据...
[大众点评] 关键词简化: 天津顶连食品有限公司 → 顶连
[大众点评] 搜索 顶连 @ 上海 (city_id=1)
[大众点评] 上海 找到 20 家，停止搜索
新客户模式：无历史交易数据，采用保守估计...

【收集到的原始数据】
  company_name: 天津顶连食品有限公司
  established_years: 22.9
  registered_capital: 10538000.0
  paid_in_capital: 10538000.0
  paid_in_capital_ratio: 1.0
  abnormal_records: 0
  penalty_records: 0
  company_status: 存续
  insured_count: 3
  tianyancha_score: 73
  self_risk_count: 3
  around_risk_count: 23
  lawsuit_count: 3
  contract_dispute_count: 0
  dishonest_records: 0
  executed_count: 0
  restriction_count: None
  pledge_freeze: None
  pledge_freeze_count: 0
  negative_news: 0
  _source: tianyancha_opencli
  debt_ratio: None
  current_ratio: None
  revenue_growth: None
  cash_flow: None
  net_margin: None
  dp_store_count: 20
  dp_paused_count: 0
  dp_avg_rating: None
  on_time_rate: None
  avg_overdue_days: None
  max_overdue_amount: None
  cooperation_years: 0

【评分卡结果】
  总分: 67.47
  基础等级: BBB
  - basic_credit: 88.0分
  - company_scale: 39.0分
  - payment_behavior: 30.5分
  - external_risk: 74.0分
  [零售客户] 已激活库存周转维度

【规则引擎】
  🔔 触发预警:
    🟡 [yellow] 新客户首次合作: 首次合作客户，履约行为最高50分（风险未知）
  结果: BBB → BBB / 67.47分

[4/59] 上海好特卖惠聚贸易有限公司

============================================================
开始评估客户: 上海好特卖惠聚贸易有限公司
============================================================

正在收集企业信息...
正在收集财务信息...
[财务] 未提供真实财务报表，财务健康维度将使用外部替代指标
正在抓取大众点评门店数据...
[大众点评] 品牌映射: 好特卖惠聚 → 好特卖
[大众点评] 关键词简化: 上海好特卖惠聚贸易有限公司 → 好特卖
[大众点评] 搜索 好特卖 @ 上海 (city_id=1)
[大众点评] 上海 找到 250 家，停止搜索
新客户模式：无历史交易数据，采用保守估计...

【收集到的原始数据】
  company_name: 上海好特卖惠聚贸易有限公司
  established_years: 1.9
  registered_capital: 10000000.0
  paid_in_capital: None
  paid_in_capital_ratio: None
  abnormal_records: 0
  penalty_records: 0
  company_status: 存续
  insured_count: 0
  tianyancha_score: 73
  self_risk_count: 1
  around_risk_count: 175
  lawsuit_count: 1
  contract_dispute_count: 0
  dishonest_records: 0
  executed_count: 0
  restriction_count: None
  pledge_freeze: None
  pledge_freeze_count: 0
  negative_news: 1
  _source: tianyancha_opencli
  debt_ratio: None
  current_ratio: None
  revenue_growth: None
  cash_flow: None
  net_margin: None
  dp_store_count: 250
  dp_paused_count: 0
  dp_avg_rating: None
  on_time_rate: None
  avg_overdue_days: None
  max_overdue_amount: None
  cooperation_years: 0

【评分卡结果】
  总分: 47.56
  基础等级: B
  - basic_credit: 51.0分
  - company_scale: 31.0分
  - payment_behavior: 27.5分
  - external_risk: 78.25分
  [零售客户] 已激活库存周转维度

【规则引擎】
  🔔 触发预警:
    🟡 [yellow] 新客户首次合作: 首次合作客户，履约行为最高50分（风险未知）
  结果: B → B / 47.56分

[5/59] 中国石化销售股份有限公司浙江石油分公司

============================================================
开始评估客户: 中国石化销售股份有限公司浙江石油分公司
============================================================

正在收集企业信息...
正在收集财务信息...
[财务] 未提供真实财务报表，财务健康维度将使用外部替代指标
正在抓取大众点评门店数据...
[大众点评] 关键词简化: 中国石化销售股份有限公司浙江石油分公司 → 中国石化销售股份有限公司浙江
[大众点评] 搜索 中国石化销售股份有限公司浙江 @ 上海 (city_id=1)
[大众点评] 搜索 中国石化销售股份有限公司浙江 @ 北京 (city_id=2)
[大众点评] 搜索 中国石化销售股份有限公司浙江 @ 广州 (city_id=4)
[大众点评] 搜索 中国石化销售股份有限公司浙江 @ 深圳 (city_id=7)
[大众点评] 深圳 找到 600000 家，停止搜索
新客户模式：无历史交易数据，采用保守估计...

【收集到的原始数据】
  company_name: 中国石化销售股份有限公司浙江石油分公司
  established_years: 26.2
  registered_capital: 0.0
  paid_in_capital: None
  paid_in_capital_ratio: None
  abnormal_records: 0
  penalty_records: 0
  company_status: 存续
  insured_count: 138
  tianyancha_score: 15
  self_risk_count: 19
  around_risk_count: 1
  lawsuit_count: 84
  contract_dispute_count: 0
  dishonest_records: 0
  executed_count: 0
  restriction_count: None
  pledge_freeze: None
  pledge_freeze_count: 0
  negative_news: 68
  _source: tianyancha_opencli
  debt_ratio: None
  current_ratio: None
  revenue_growth: None
  cash_flow: None
  net_margin: None
  dp_store_count: 600000
  dp_paused_count: 0
  dp_avg_rating: None
  on_time_rate: None
  avg_overdue_days: None
  max_overdue_amount: None
  cooperation_years: 0

【评分卡结果】
  总分: 52.65
  基础等级: BB
  - basic_credit: 48.0分
  - company_scale: 75.0分
  - payment_behavior: 39.5分
  - external_risk: 51.5分
  [零售客户] 已激活库存周转维度

【规则引擎】
  ⚠️ 触发否决规则:
    - 大型企业重大诉讼: 大型企业加权诉讼≥30起，最高评级BBB
    - 大型企业严重诉讼: 大型企业加权诉讼≥50起，最高评级BB
    - 头部连锁企业基础信用: 头部连锁企业（门店1000+），渠道话语权强，无资金链断裂信号，基础等级不低于A
  等级调整: BB -> A
  🔔 触发预警:
    🟠 [orange] 负面舆情预警: 负面舆情5条以上
    🟡 [yellow] 新客户首次合作: 首次合作客户，履约行为最高50分（风险未知）
  结果: BB → A / 52.65分

[6/59] 浙江如苔文化科技有限公司

============================================================
开始评估客户: 浙江如苔文化科技有限公司
============================================================

正在收集企业信息...
正在收集财务信息...
[财务] 未提供真实财务报表，财务健康维度将使用外部替代指标
正在抓取大众点评门店数据...
[大众点评] 关键词简化: 浙江如苔文化科技有限公司 → 如苔
[大众点评] 搜索 如苔 @ 上海 (city_id=1)
[大众点评] 上海 找到 3 家，停止搜索
新客户模式：无历史交易数据，采用保守估计...

【收集到的原始数据】
  company_name: 浙江如苔文化科技有限公司
  established_years: 5.5
  registered_capital: 10000000.0
  paid_in_capital: None
  paid_in_capital_ratio: None
  abnormal_records: 0
  penalty_records: 0
  company_status: 存续
  insured_count: 19
  tianyancha_score: 73
  self_risk_count: 0
  around_risk_count: 0
  lawsuit_count: 0
  contract_dispute_count: 0
  dishonest_records: 0
  executed_count: 0
  restriction_count: None
  pledge_freeze: None
  pledge_freeze_count: 0
  negative_news: 0
  _source: tianyancha_opencli
  debt_ratio: None
  current_ratio: None
  revenue_growth: None
  cash_flow: None
  net_margin: None
  dp_store_count: 3
  dp_paused_count: 659
  dp_avg_rating: None
  on_time_rate: None
  avg_overdue_days: None
  max_overdue_amount: None
  cooperation_years: 0

【评分卡结果】
  总分: 56.15
  基础等级: BB
  - basic_credit: 57.0分
  - company_scale: 49.0分
  - payment_behavior: 42.5分
  - external_risk: 76.5分

【规则引擎】
  🔔 触发预警:
    🔴 [red] 门店大量暂停营业: 大众点评门店暂停营业比例超过30%，经营恶化
    🟡 [yellow] 新客户首次合作: 首次合作客户，履约行为最高50分（风险未知）
  结果: BB → BB / 56.15分

[7/59] 宁波酷乐潮玩潮流百货有限公司

============================================================
开始评估客户: 宁波酷乐潮玩潮流百货有限公司
============================================================

正在收集企业信息...
正在收集财务信息...
[财务] 未提供真实财务报表，财务健康维度将使用外部替代指标
正在抓取大众点评门店数据...
[大众点评] 关键词简化: 宁波酷乐潮玩潮流百货有限公司 → 酷乐潮玩
[大众点评] 搜索 酷乐潮玩 @ 上海 (city_id=1)
[大众点评] 上海 找到 32 家，停止搜索
新客户模式：无历史交易数据，采用保守估计...

【收集到的原始数据】
  company_name: 宁波酷乐潮玩潮流百货有限公司
  established_years: 6.6
  registered_capital: 50000000.0
  paid_in_capital: 5000000.0
  paid_in_capital_ratio: 0.1
  abnormal_records: 0
  penalty_records: 0
  company_status: 存续
  insured_count: 48
  tianyancha_score: 83
  self_risk_count: 7
  around_risk_count: 8
  lawsuit_count: 8
  contract_dispute_count: 1
  dishonest_records: 0
  executed_count: 0
  restriction_count: None
  pledge_freeze: None
  pledge_freeze_count: 0
  negative_news: 5
  _source: tianyancha_opencli
  debt_ratio: None
  current_ratio: None
  revenue_growth: None
  cash_flow: None
  net_margin: None
  dp_store_count: 32
  dp_paused_count: 0
  dp_avg_rating: None
  on_time_rate: None
  avg_overdue_days: None
  max_overdue_amount: None
  cooperation_years: 0

【评分卡结果】
  总分: 61.34
  基础等级: BBB
  - basic_credit: 73.0分
  - company_scale: 55.0分
  - payment_behavior: 35.0分
  - external_risk: 57.25分
  [零售客户] 已激活库存周转维度

【规则引擎】
  ⚠️ 触发否决规则:
    - 中小企业重大诉讼: 中小企业加权诉讼≥10起，最高评级BBB
  🔔 触发预警:
    🟠 [orange] 负面舆情预警: 负面舆情5条以上
    🟡 [yellow] 新客户首次合作: 首次合作客户，履约行为最高50分（风险未知）
  结果: BBB → BBB / 61.34分

[8/59] 宁波酷乐潮玩潮流百货有限公司

============================================================
开始评估客户: 宁波酷乐潮玩潮流百货有限公司
============================================================

正在收集企业信息...
正在收集财务信息...
[财务] 未提供真实财务报表，财务健康维度将使用外部替代指标
正在抓取大众点评门店数据...
[大众点评] 关键词简化: 宁波酷乐潮玩潮流百货有限公司 → 酷乐潮玩
[大众点评] 搜索 酷乐潮玩 @ 上海 (city_id=1)
[大众点评] 上海 找到 32 家，停止搜索
新客户模式：无历史交易数据，采用保守估计...

【收集到的原始数据】
  company_name: 宁波酷乐潮玩潮流百货有限公司
  established_years: 6.6
  registered_capital: 50000000.0
  paid_in_capital: 5000000.0
  paid_in_capital_ratio: 0.1
  abnormal_records: 0
  penalty_records: 0
  company_status: 存续
  insured_count: 48
  tianyancha_score: 83
  self_risk_count: 7
  around_risk_count: 8
  lawsuit_count: 8
  contract_dispute_count: 1
  dishonest_records: 0
  executed_count: 0
  restriction_count: None
  pledge_freeze: None
  pledge_freeze_count: 0
  negative_news: 5
  _source: tianyancha_opencli
  debt_ratio: None
  current_ratio: None
  revenue_growth: None
  cash_flow: None
  net_margin: None
  dp_store_count: 32
  dp_paused_count: 0
  dp_avg_rating: None
  on_time_rate: None
  avg_overdue_days: None
  max_overdue_amount: None
  cooperation_years: 0

【评分卡结果】
  总分: 61.34
  基础等级: BBB
  - basic_credit: 73.0分
  - company_scale: 55.0分
  - payment_behavior: 35.0分
  - external_risk: 57.25分
  [零售客户] 已激活库存周转维度

【规则引擎】
  ⚠️ 触发否决规则:
    - 中小企业重大诉讼: 中小企业加权诉讼≥10起，最高评级BBB
  🔔 触发预警:
    🟠 [orange] 负面舆情预警: 负面舆情5条以上
    🟡 [yellow] 新客户首次合作: 首次合作客户，履约行为最高50分（风险未知）
  结果: BBB → BBB / 61.34分

[9/59] 宁波酷乐潮玩潮流百货有限公司

============================================================
开始评估客户: 宁波酷乐潮玩潮流百货有限公司
============================================================

正在收集企业信息...
正在收集财务信息...
[财务] 未提供真实财务报表，财务健康维度将使用外部替代指标
正在抓取大众点评门店数据...
[大众点评] 关键词简化: 宁波酷乐潮玩潮流百货有限公司 → 酷乐潮玩
[大众点评] 搜索 酷乐潮玩 @ 上海 (city_id=1)
[大众点评] 上海 找到 32 家，停止搜索
新客户模式：无历史交易数据，采用保守估计...

【收集到的原始数据】
  company_name: 宁波酷乐潮玩潮流百货有限公司
  established_years: 6.6
  registered_capital: 50000000.0
  paid_in_capital: 5000000.0
  paid_in_capital_ratio: 0.1
  abnormal_records: 0
  penalty_records: 0
  company_status: 存续
  insured_count: 48
  tianyancha_score: 83
  self_risk_count: 7
  around_risk_count: 8
  lawsuit_count: 8
  contract_dispute_count: 1
  dishonest_records: 0
  executed_count: 0
  restriction_count: None
  pledge_freeze: None
  pledge_freeze_count: 0
  negative_news: 5
  _source: tianyancha_opencli
  debt_ratio: None
  current_ratio: None
  revenue_growth: None
  cash_flow: None
  net_margin: None
  dp_store_count: 32
  dp_paused_count: 0
  dp_avg_rating: None
  on_time_rate: None
  avg_overdue_days: None
  max_overdue_amount: None
  cooperation_years: 0

【评分卡结果】
  总分: 61.34
  基础等级: BBB
  - basic_credit: 73.0分
  - company_scale: 55.0分
  - payment_behavior: 35.0分
  - external_risk: 57.25分
  [零售客户] 已激活库存周转维度

【规则引擎】
  ⚠️ 触发否决规则:
    - 中小企业重大诉讼: 中小企业加权诉讼≥10起，最高评级BBB
  🔔 触发预警:
    🟠 [orange] 负面舆情预警: 负面舆情5条以上
    🟡 [yellow] 新客户首次合作: 首次合作客户，履约行为最高50分（风险未知）
  结果: BBB → BBB / 61.34分

[10/59] 深圳品味一族工贸有限公司

============================================================
开始评估客户: 深圳品味一族工贸有限公司
============================================================

正在收集企业信息...
正在收集财务信息...
[财务] 未提供真实财务报表，财务健康维度将使用外部替代指标
正在抓取大众点评门店数据...
[大众点评] 品牌映射: 品味一族工贸 → 品味一族
[大众点评] 关键词简化: 深圳品味一族工贸有限公司 → 品味一族
[大众点评] 搜索 品味一族 @ 上海 (city_id=1)
[大众点评] 搜索 品味一族 @ 北京 (city_id=2)
[大众点评] 搜索 品味一族 @ 广州 (city_id=4)
[大众点评] 搜索 品味一族 @ 深圳 (city_id=7)
新客户模式：无历史交易数据，采用保守估计...

【收集到的原始数据】
  company_name: 深圳品味一族工贸有限公司
  established_years: 12.3
  registered_capital: 2000000.0
  paid_in_capital: 850000.0
  paid_in_capital_ratio: 0.42
  abnormal_records: 0
  penalty_records: 0
  company_status: 存续
  insured_count: 24
  tianyancha_score: 61
  self_risk_count: 0
  around_risk_count: 0
  lawsuit_count: 0
  contract_dispute_count: 0
  dishonest_records: 0
  executed_count: 0
  restriction_count: None
  pledge_freeze: None
  pledge_freeze_count: 0
  negative_news: 0
  _source: tianyancha_opencli
  debt_ratio: None
  current_ratio: None
  revenue_growth: None
  cash_flow: None
  net_margin: None
  dp_store_count: 0
  dp_paused_count: 0
  dp_avg_rating: None
  on_time_rate: None
  avg_overdue_days: None
  max_overdue_amount: None
  cooperation_years: 0

【评分卡结果】
  总分: 62.35
  基础等级: BBB
  - basic_credit: 64.0分
  - company_scale: 55.0分
  - payment_behavior: 42.5分
  - external_risk: 86.5分

【规则引擎】
  🔔 触发预警:
    🟡 [yellow] 新客户首次合作: 首次合作客户，履约行为最高50分（风险未知）
  结果: BBB → BBB / 62.35分

[11/59] 上海寰越电子商务有限公司

============================================================
开始评估客户: 上海寰越电子商务有限公司
============================================================

正在收集企业信息...
正在收集财务信息...
[财务] 未提供真实财务报表，财务健康维度将使用外部替代指标
正在抓取大众点评门店数据...
[大众点评] 关键词简化: 上海寰越电子商务有限公司 → 寰越
[大众点评] 搜索 寰越 @ 上海 (city_id=1)
[大众点评] 上海 找到 7 家，停止搜索
新客户模式：无历史交易数据，采用保守估计...

【收集到的原始数据】
  company_name: 上海寰越电子商务有限公司
  established_years: 10.8
  registered_capital: 3000000.0
  paid_in_capital: 500000.0
  paid_in_capital_ratio: 0.17
  abnormal_records: 0
  penalty_records: 0
  company_status: 存续
  insured_count: 38
  tianyancha_score: 63
  self_risk_count: 1
  around_risk_count: 0
  lawsuit_count: 2
  contract_dispute_count: 0
  dishonest_records: 0
  executed_count: 0
  restriction_count: None
  pledge_freeze: None
  pledge_freeze_count: 0
  negative_news: 0
  _source: tianyancha_opencli
  debt_ratio: None
  current_ratio: None
  revenue_growth: None
  cash_flow: None
  net_margin: None
  dp_store_count: 7
  dp_paused_count: 296
  dp_avg_rating: None
  on_time_rate: None
  avg_overdue_days: None
  max_overdue_amount: None
  cooperation_years: 0

【评分卡结果】
  总分: 57.02
  基础等级: BB
  - basic_credit: 64.0分
  - company_scale: 49.0分
  - payment_behavior: 42.5分
  - external_risk: 59.0分
  [零售客户] 已激活库存周转维度

【规则引擎】
  🔔 触发预警:
    🔴 [red] 门店大量暂停营业: 大众点评门店暂停营业比例超过30%，经营恶化
    🟡 [yellow] 新客户首次合作: 首次合作客户，履约行为最高50分（风险未知）
  结果: BB → BB / 57.02分

[12/59] 中国农垦控股上海有限公司

============================================================
开始评估客户: 中国农垦控股上海有限公司
============================================================

正在收集企业信息...
正在收集财务信息...
[财务] 未提供真实财务报表，财务健康维度将使用外部替代指标
正在抓取大众点评门店数据...
[大众点评] 关键词简化: 中国农垦控股上海有限公司 → 中国农垦
[大众点评] 搜索 中国农垦 @ 上海 (city_id=1)
[大众点评] 搜索 中国农垦 @ 北京 (city_id=2)
[大众点评] 北京 找到 7 家，停止搜索
新客户模式：无历史交易数据，采用保守估计...

【收集到的原始数据】
  company_name: 中国农垦控股上海有限公司
  established_years: 37.4
  registered_capital: 300000000.0
  paid_in_capital: 160000000.0
  paid_in_capital_ratio: 0.53
  abnormal_records: 0
  penalty_records: 0
  company_status: 存续
  insured_count: 63
  tianyancha_score: 94
  self_risk_count: 3
  around_risk_count: 40
  lawsuit_count: 12
  contract_dispute_count: 0
  dishonest_records: 0
  executed_count: 0
  restriction_count: None
  pledge_freeze: None
  pledge_freeze_count: 0
  negative_news: 259
  _source: tianyancha_opencli
  debt_ratio: None
  current_ratio: None
  revenue_growth: None
  cash_flow: None
  net_margin: None
  dp_store_count: 7
  dp_paused_count: 0
  dp_avg_rating: None
  on_time_rate: None
  avg_overdue_days: None
  max_overdue_amount: None
  cooperation_years: 0

【评分卡结果】
  总分: 74.78
  基础等级: A
  - basic_credit: 100.0分
  - company_scale: 53.0分
  - payment_behavior: 30.5分
  - external_risk: 64.0分
  [零售客户] 已激活库存周转维度

【规则引擎】
  🔔 触发预警:
    🟠 [orange] 负面舆情预警: 负面舆情5条以上
    🟡 [yellow] 新客户首次合作: 首次合作客户，履约行为最高50分（风险未知）
  结果: A → A / 74.78分

[13/59] 中国农垦控股上海有限公司

============================================================
开始评估客户: 中国农垦控股上海有限公司
============================================================

正在收集企业信息...
正在收集财务信息...
[财务] 未提供真实财务报表，财务健康维度将使用外部替代指标
正在抓取大众点评门店数据...
[大众点评] 关键词简化: 中国农垦控股上海有限公司 → 中国农垦
[大众点评] 搜索 中国农垦 @ 上海 (city_id=1)
[大众点评] 搜索 中国农垦 @ 北京 (city_id=2)
[大众点评] 北京 找到 7 家，停止搜索
新客户模式：无历史交易数据，采用保守估计...

【收集到的原始数据】
  company_name: 中国农垦控股上海有限公司
  established_years: 37.4
  registered_capital: 300000000.0
  paid_in_capital: 160000000.0
  paid_in_capital_ratio: 0.53
  abnormal_records: 0
  penalty_records: 0
  company_status: 存续
  insured_count: 63
  tianyancha_score: 94
  self_risk_count: 3
  around_risk_count: 40
  lawsuit_count: 12
  contract_dispute_count: 0
  dishonest_records: 0
  executed_count: 0
  restriction_count: None
  pledge_freeze: None
  pledge_freeze_count: 0
  negative_news: 259
  _source: tianyancha_opencli
  debt_ratio: None
  current_ratio: None
  revenue_growth: None
  cash_flow: None
  net_margin: None
  dp_store_count: 7
  dp_paused_count: 0
  dp_avg_rating: None
  on_time_rate: None
  avg_overdue_days: None
  max_overdue_amount: None
  cooperation_years: 0

【评分卡结果】
  总分: 74.78
  基础等级: A
  - basic_credit: 100.0分
  - company_scale: 53.0分
  - payment_behavior: 30.5分
  - external_risk: 64.0分
  [零售客户] 已激活库存周转维度

【规则引擎】
  🔔 触发预警:
    🟠 [orange] 负面舆情预警: 负面舆情5条以上
    🟡 [yellow] 新客户首次合作: 首次合作客户，履约行为最高50分（风险未知）
  结果: A → A / 74.78分

[14/59] 上海逸道盛实业有限公司

============================================================
开始评估客户: 上海逸道盛实业有限公司
============================================================

正在收集企业信息...
正在收集财务信息...
[财务] 未提供真实财务报表，财务健康维度将使用外部替代指标
正在抓取大众点评门店数据...
[大众点评] 关键词简化: 上海逸道盛实业有限公司 → 逸道盛实业
[大众点评] 搜索 逸道盛实业 @ 上海 (city_id=1)
[大众点评] 搜索 逸道盛实业 @ 北京 (city_id=2)
[大众点评] 搜索 逸道盛实业 @ 广州 (city_id=4)
[大众点评] 搜索 逸道盛实业 @ 深圳 (city_id=7)
新客户模式：无历史交易数据，采用保守估计...

【收集到的原始数据】
  company_name: 上海逸道盛实业有限公司
  established_years: 7.5
  registered_capital: 1000000.0
  paid_in_capital: None
  paid_in_capital_ratio: None
  abnormal_records: 0
  penalty_records: 0
  company_status: 存续
  insured_count: 1
  tianyancha_score: 58
  self_risk_count: 0
  around_risk_count: 0
  lawsuit_count: 0
  contract_dispute_count: 0
  dishonest_records: 0
  executed_count: 0
  restriction_count: None
  pledge_freeze: None
  pledge_freeze_count: 0
  negative_news: 0
  _source: tianyancha_opencli
  debt_ratio: None
  current_ratio: None
  revenue_growth: None
  cash_flow: None
  net_margin: None
  dp_store_count: 0
  dp_paused_count: 0
  dp_avg_rating: None
  on_time_rate: None
  avg_overdue_days: None
  max_overdue_amount: None
  cooperation_years: 0

【评分卡结果】
  总分: 54.05
  基础等级: BB
  - basic_credit: 51.0分
  - company_scale: 46.0分
  - payment_behavior: 42.5分
  - external_risk: 86.5分

【规则引擎】
  🔔 触发预警:
    🟡 [yellow] 新客户首次合作: 首次合作客户，履约行为最高50分（风险未知）
  结果: BB → BB / 54.05分

[15/59] 上海迦月贸易有限公司

============================================================
开始评估客户: 上海迦月贸易有限公司
============================================================

正在收集企业信息...
正在收集财务信息...
[财务] 未提供真实财务报表，财务健康维度将使用外部替代指标
正在抓取大众点评门店数据...
[大众点评] 关键词简化: 上海迦月贸易有限公司 → 迦月
[大众点评] 搜索 迦月 @ 上海 (city_id=1)
[大众点评] 搜索 迦月 @ 北京 (city_id=2)
[大众点评] 北京 找到 2 家，停止搜索
新客户模式：无历史交易数据，采用保守估计...

【收集到的原始数据】
  company_name: 上海迦月贸易有限公司
  established_years: 3.5
  registered_capital: 5000000.0
  paid_in_capital: 420000.0
  paid_in_capital_ratio: 0.08
  abnormal_records: 0
  penalty_records: 0
  company_status: 存续
  insured_count: 3
  tianyancha_score: 67
  self_risk_count: 0
  around_risk_count: 0
  lawsuit_count: 0
  contract_dispute_count: 0
  dishonest_records: 0
  executed_count: 0
  restriction_count: None
  pledge_freeze: None
  pledge_freeze_count: 0
  negative_news: 0
  _source: tianyancha_opencli
  debt_ratio: None
  current_ratio: None
  revenue_growth: None
  cash_flow: None
  net_margin: None
  dp_store_count: 2
  dp_paused_count: 0
  dp_avg_rating: None
  on_time_rate: None
  avg_overdue_days: None
  max_overdue_amount: None
  cooperation_years: 0

【评分卡结果】
  总分: 56.35
  基础等级: BB
  - basic_credit: 58.0分
  - company_scale: 40.0分
  - payment_behavior: 42.5分
  - external_risk: 86.5分

【规则引擎】
  🔔 触发预警:
    🟡 [yellow] 新客户首次合作: 首次合作客户，履约行为最高50分（风险未知）
  结果: BB → BB / 56.35分

[16/59] 浙江驰骋物流有限公司

============================================================
开始评估客户: 浙江驰骋物流有限公司
============================================================

正在收集企业信息...
正在收集财务信息...
[财务] 未提供真实财务报表，财务健康维度将使用外部替代指标
正在抓取大众点评门店数据...
[大众点评] 关键词简化: 浙江驰骋物流有限公司 → 驰骋物流
[大众点评] 搜索 驰骋物流 @ 上海 (city_id=1)
[大众点评] 搜索 驰骋物流 @ 北京 (city_id=2)
[大众点评] 搜索 驰骋物流 @ 广州 (city_id=4)
[大众点评] 搜索 驰骋物流 @ 深圳 (city_id=7)
新客户模式：无历史交易数据，采用保守估计...

【收集到的原始数据】
  company_name: 浙江驰骋物流有限公司
  established_years: 20.2
  registered_capital: 36000000.0
  paid_in_capital: 36000000.0
  paid_in_capital_ratio: 1.0
  abnormal_records: 0
  penalty_records: 1
  company_status: 存续
  insured_count: 241
  tianyancha_score: 80
  self_risk_count: 3
  around_risk_count: 21
  lawsuit_count: 6
  contract_dispute_count: 0
  dishonest_records: 0
  executed_count: 0
  restriction_count: None
  pledge_freeze: None
  pledge_freeze_count: 0
  negative_news: 9
  _source: tianyancha_opencli
  debt_ratio: None
  current_ratio: None
  revenue_growth: None
  cash_flow: None
  net_margin: None
  dp_store_count: 0
  dp_paused_count: 0
  dp_avg_rating: None
  on_time_rate: None
  avg_overdue_days: None
  max_overdue_amount: None
  cooperation_years: 0

【评分卡结果】
  总分: 69.66
  基础等级: BBB
  - basic_credit: 84.0分
  - company_scale: 68.0分
  - payment_behavior: 30.5分
  - external_risk: 63.25分

【规则引擎】
  🔔 触发预警:
    🟠 [orange] 负面舆情预警: 负面舆情5条以上
    🟡 [yellow] 新客户首次合作: 首次合作客户，履约行为最高50分（风险未知）
  结果: BBB → BBB / 69.66分

[17/59] 上海番茄口袋电子商务有限公司

============================================================
开始评估客户: 上海番茄口袋电子商务有限公司
============================================================

正在收集企业信息...
正在收集财务信息...
[财务] 未提供真实财务报表，财务健康维度将使用外部替代指标
正在抓取大众点评门店数据...
[大众点评] 关键词简化: 上海番茄口袋电子商务有限公司 → 番茄口袋
[大众点评] 搜索 番茄口袋 @ 上海 (city_id=1)
[大众点评] 上海 找到 2 家，停止搜索
新客户模式：无历史交易数据，采用保守估计...

【收集到的原始数据】
  company_name: 上海番茄口袋电子商务有限公司
  established_years: 3.1
  registered_capital: 5000000.0
  paid_in_capital: None
  paid_in_capital_ratio: None
  abnormal_records: 0
  penalty_records: 0
  company_status: 存续
  insured_count: 0
  tianyancha_score: 67
  self_risk_count: 0
  around_risk_count: 0
  lawsuit_count: 0
  contract_dispute_count: 0
  dishonest_records: 0
  executed_count: 0
  restriction_count: None
  pledge_freeze: None
  pledge_freeze_count: 0
  negative_news: 0
  _source: tianyancha_opencli
  debt_ratio: None
  current_ratio: None
  revenue_growth: None
  cash_flow: None
  net_margin: None
  dp_store_count: 2
  dp_paused_count: 0
  dp_avg_rating: None
  on_time_rate: None
  avg_overdue_days: None
  max_overdue_amount: None
  cooperation_years: 0

【评分卡结果】
  总分: 52.55
  基础等级: BB
  - basic_credit: 54.0分
  - company_scale: 31.0分
  - payment_behavior: 42.5分
  - external_risk: 86.5分

【规则引擎】
  🔔 触发预警:
    🟡 [yellow] 新客户首次合作: 首次合作客户，履约行为最高50分（风险未知）
  结果: BB → BB / 52.55分

[18/59] 浙江凯畔商贸有限公司

============================================================
开始评估客户: 浙江凯畔商贸有限公司
============================================================

正在收集企业信息...
正在收集财务信息...
[财务] 未提供真实财务报表，财务健康维度将使用外部替代指标
正在抓取大众点评门店数据...
[大众点评] 关键词简化: 浙江凯畔商贸有限公司 → 凯畔
[大众点评] 搜索 凯畔 @ 上海 (city_id=1)
[大众点评] 搜索 凯畔 @ 北京 (city_id=2)
[大众点评] 搜索 凯畔 @ 广州 (city_id=4)
[大众点评] 搜索 凯畔 @ 深圳 (city_id=7)
新客户模式：无历史交易数据，采用保守估计...

【收集到的原始数据】
  company_name: 浙江凯畔商贸有限公司
  established_years: 9.2
  registered_capital: 10000000.0
  paid_in_capital: 10000000.0
  paid_in_capital_ratio: 1.0
  abnormal_records: 0
  penalty_records: 0
  company_status: 存续
  insured_count: 137
  tianyancha_score: 73
  self_risk_count: 1
  around_risk_count: 5
  lawsuit_count: 1
  contract_dispute_count: 0
  dishonest_records: 0
  executed_count: 0
  restriction_count: None
  pledge_freeze: None
  pledge_freeze_count: 0
  negative_news: 9
  _source: tianyancha_opencli
  debt_ratio: None
  current_ratio: None
  revenue_growth: None
  cash_flow: None
  net_margin: None
  dp_store_count: 0
  dp_paused_count: 0
  dp_avg_rating: None
  on_time_rate: None
  avg_overdue_days: None
  max_overdue_amount: None
  cooperation_years: 0

【评分卡结果】
  总分: 68.79
  基础等级: BBB
  - basic_credit: 77.0分
  - company_scale: 65.0分
  - payment_behavior: 39.5分
  - external_risk: 75.75分

【规则引擎】
  🔔 触发预警:
    🟠 [orange] 负面舆情预警: 负面舆情5条以上
    🟡 [yellow] 新客户首次合作: 首次合作客户，履约行为最高50分（风险未知）
  结果: BBB → BBB / 68.79分

[19/59] 南京万兴商业管理有限公司

============================================================
开始评估客户: 南京万兴商业管理有限公司
============================================================

正在收集企业信息...
正在收集财务信息...
[财务] 未提供真实财务报表，财务健康维度将使用外部替代指标
正在抓取大众点评门店数据...
[大众点评] 关键词简化: 南京万兴商业管理有限公司 → 万兴
[大众点评] 搜索 万兴 @ 上海 (city_id=1)
[大众点评] 上海 找到 29 家，停止搜索
新客户模式：无历史交易数据，采用保守估计...

【收集到的原始数据】
  company_name: 南京万兴商业管理有限公司
  established_years: 3.8
  registered_capital: 8000000.0
  paid_in_capital: 8000000.0
  paid_in_capital_ratio: 1.0
  abnormal_records: 0
  penalty_records: 0
  company_status: 在业
  insured_count: 44
  tianyancha_score: 68
  self_risk_count: 2
  around_risk_count: 199
  lawsuit_count: 1
  contract_dispute_count: 0
  dishonest_records: 0
  executed_count: 0
  restriction_count: None
  pledge_freeze: None
  pledge_freeze_count: 0
  negative_news: 89
  _source: tianyancha_opencli
  debt_ratio: None
  current_ratio: None
  revenue_growth: None
  cash_flow: None
  net_margin: None
  dp_store_count: 29
  dp_paused_count: 0
  dp_avg_rating: None
  on_time_rate: None
  avg_overdue_days: None
  max_overdue_amount: None
  cooperation_years: 0

【评分卡结果】
  总分: 59.86
  基础等级: BB
  - basic_credit: 74.0分
  - company_scale: 41.0分
  - payment_behavior: 27.5分
  - external_risk: 70.25分
  [零售客户] 已激活库存周转维度

【规则引擎】
  🔔 触发预警:
    🟠 [orange] 负面舆情预警: 负面舆情5条以上
    🟡 [yellow] 新客户首次合作: 首次合作客户，履约行为最高50分（风险未知）
  结果: BB → BB / 59.86分

[20/59] 深圳市旭展文体用品有限公司

============================================================
开始评估客户: 深圳市旭展文体用品有限公司
============================================================

正在收集企业信息...
正在收集财务信息...
[财务] 未提供真实财务报表，财务健康维度将使用外部替代指标
正在抓取大众点评门店数据...
[大众点评] 关键词简化: 深圳市旭展文体用品有限公司 → 旭展
[大众点评] 搜索 旭展 @ 上海 (city_id=1)
[大众点评] 上海 找到 2 家，停止搜索
新客户模式：无历史交易数据，采用保守估计...

【收集到的原始数据】
  company_name: 深圳市旭展文体用品有限公司
  established_years: 16.2
  registered_capital: 6000000.0
  paid_in_capital: 4200000.0
  paid_in_capital_ratio: 0.7
  abnormal_records: 0
  penalty_records: 0
  company_status: 存续
  insured_count: 14
  tianyancha_score: 68
  self_risk_count: 0
  around_risk_count: 0
  lawsuit_count: 0
  contract_dispute_count: 0
  dishonest_records: 0
  executed_count: 0
  restriction_count: None
  pledge_freeze: None
  pledge_freeze_count: 0
  negative_news: 1
  _source: tianyancha_opencli
  debt_ratio: None
  current_ratio: None
  revenue_growth: None
  cash_flow: None
  net_margin: None
  dp_store_count: 2
  dp_paused_count: 0
  dp_avg_rating: None
  on_time_rate: None
  avg_overdue_days: None
  max_overdue_amount: None
  cooperation_years: 0

【评分卡结果】
  总分: 64.85
  基础等级: BBB
  - basic_credit: 72.0分
  - company_scale: 49.0分
  - payment_behavior: 42.5分
  - external_risk: 84.5分

【规则引擎】
  🔔 触发预警:
    🟡 [yellow] 新客户首次合作: 首次合作客户，履约行为最高50分（风险未知）
  结果: BBB → BBB / 64.85分

[21/59] 上海终为始贸易有限公司

============================================================
开始评估客户: 上海终为始贸易有限公司
============================================================

正在收集企业信息...
正在收集财务信息...
[财务] 未提供真实财务报表，财务健康维度将使用外部替代指标
正在抓取大众点评门店数据...
[大众点评] 关键词简化: 上海终为始贸易有限公司 → 终为始
[大众点评] 搜索 终为始 @ 上海 (city_id=1)
[大众点评] 搜索 终为始 @ 北京 (city_id=2)
[大众点评] 搜索 终为始 @ 广州 (city_id=4)
[大众点评] 搜索 终为始 @ 深圳 (city_id=7)
新客户模式：无历史交易数据，采用保守估计...

【收集到的原始数据】
  company_name: 上海终为始贸易有限公司
  established_years: 14.0
  registered_capital: 500000.0
  paid_in_capital: 100000.0
  paid_in_capital_ratio: 0.2
  abnormal_records: 0
  penalty_records: 0
  company_status: 存续
  insured_count: 0
  tianyancha_score: 53
  self_risk_count: 0
  around_risk_count: 0
  lawsuit_count: 0
  contract_dispute_count: 0
  dishonest_records: 0
  executed_count: 0
  restriction_count: None
  pledge_freeze: None
  pledge_freeze_count: 0
  negative_news: 0
  _source: tianyancha_opencli
  debt_ratio: None
  current_ratio: None
  revenue_growth: None
  cash_flow: None
  net_margin: None
  dp_store_count: 0
  dp_paused_count: 0
  dp_avg_rating: None
  on_time_rate: None
  avg_overdue_days: None
  max_overdue_amount: None
  cooperation_years: 0

【评分卡结果】
  总分: 55.75
  基础等级: BB
  - basic_credit: 58.0分
  - company_scale: 37.0分
  - payment_behavior: 42.5分
  - external_risk: 86.5分

【规则引擎】
  🔔 触发预警:
    🟡 [yellow] 新客户首次合作: 首次合作客户，履约行为最高50分（风险未知）
  结果: BB → BB / 55.75分

[22/59] 乐瑚特商业管理（上海）有限公司

============================================================
开始评估客户: 乐瑚特商业管理（上海）有限公司
============================================================

正在收集企业信息...
正在收集财务信息...
[财务] 未提供真实财务报表，财务健康维度将使用外部替代指标
正在抓取大众点评门店数据...
[大众点评] 品牌映射: 乐瑚特商业 → 乐瑚特
[大众点评] 关键词简化: 乐瑚特商业管理（上海）有限公司 → 乐瑚特
[大众点评] 搜索 乐瑚特 @ 上海 (city_id=1)
[大众点评] 搜索 乐瑚特 @ 北京 (city_id=2)
[大众点评] 搜索 乐瑚特 @ 广州 (city_id=4)
[大众点评] 搜索 乐瑚特 @ 深圳 (city_id=7)
新客户模式：无历史交易数据，采用保守估计...

【收集到的原始数据】
  company_name: 乐瑚特商业管理（上海）有限公司
  established_years: 6.3
  registered_capital: 173000000.0
  paid_in_capital: 79410000.0
  paid_in_capital_ratio: 0.46
  abnormal_records: 0
  penalty_records: 1
  company_status: 存续
  insured_count: 65
  tianyancha_score: 91
  self_risk_count: 2
  around_risk_count: 1
  lawsuit_count: 1
  contract_dispute_count: 0
  dishonest_records: 0
  executed_count: 0
  restriction_count: None
  pledge_freeze: None
  pledge_freeze_count: 0
  negative_news: 8
  _source: tianyancha_opencli
  debt_ratio: None
  current_ratio: None
  revenue_growth: None
  cash_flow: None
  net_margin: None
  dp_store_count: 0
  dp_paused_count: 0
  dp_avg_rating: None
  on_time_rate: None
  avg_overdue_days: None
  max_overdue_amount: None
  cooperation_years: 0

【评分卡结果】
  总分: 75.96
  基础等级: A
  - basic_credit: 93.0分
  - company_scale: 65.0分
  - payment_behavior: 39.5分
  - external_risk: 70.25分

【规则引擎】
  🔔 触发预警:
    🟠 [orange] 负面舆情预警: 负面舆情5条以上
    🟡 [yellow] 新客户首次合作: 首次合作客户，履约行为最高50分（风险未知）
  结果: A → A / 75.96分

[23/59] 湖南鸣鸣很忙商业连锁股份有限公司

============================================================
开始评估客户: 湖南鸣鸣很忙商业连锁股份有限公司
============================================================

正在收集企业信息...
正在收集财务信息...
[财务] 未提供真实财务报表，财务健康维度将使用外部替代指标
正在抓取大众点评门店数据...
[大众点评] 关键词简化: 湖南鸣鸣很忙商业连锁股份有限公司 → 鸣鸣很忙
[大众点评] 搜索 鸣鸣很忙 @ 上海 (city_id=1)
[大众点评] 上海 找到 132 家，停止搜索
新客户模式：无历史交易数据，采用保守估计...

【收集到的原始数据】
  company_name: 湖南鸣鸣很忙商业连锁股份有限公司
  established_years: 6.5
  registered_capital: 217837800.0
  paid_in_capital: 24716378.0
  paid_in_capital_ratio: 0.11
  abnormal_records: 0
  penalty_records: 1
  company_status: 存续
  insured_count: 2245
  tianyancha_score: 92
  self_risk_count: 6
  around_risk_count: 169
  lawsuit_count: 4
  contract_dispute_count: 0
  dishonest_records: 0
  executed_count: 0
  restriction_count: None
  pledge_freeze: None
  pledge_freeze_count: 0
  negative_news: 999
  _source: tianyancha_opencli
  debt_ratio: None
  current_ratio: None
  revenue_growth: None
  cash_flow: None
  net_margin: None
  dp_store_count: 132
  dp_paused_count: 0
  dp_avg_rating: None
  on_time_rate: None
  avg_overdue_days: None
  max_overdue_amount: None
  cooperation_years: 0

【评分卡结果】
  总分: 71.56
  基础等级: A
  - basic_credit: 85.0分
  - company_scale: 72.0分
  - payment_behavior: 27.5分
  - external_risk: 70.25分
  [零售客户] 已激活库存周转维度

【规则引擎】
  🔔 触发预警:
    🟠 [orange] 负面舆情预警: 负面舆情5条以上
    🟡 [yellow] 新客户首次合作: 首次合作客户，履约行为最高50分（风险未知）
  结果: A → A / 71.56分

[24/59] 苏州乐业贸易有限公司

============================================================
开始评估客户: 苏州乐业贸易有限公司
============================================================

正在收集企业信息...
正在收集财务信息...
[财务] 未提供真实财务报表，财务健康维度将使用外部替代指标
正在抓取大众点评门店数据...
[大众点评] 关键词简化: 苏州乐业贸易有限公司 → 乐业
[大众点评] 搜索 乐业 @ 上海 (city_id=1)
[大众点评] 上海 找到 180 家，停止搜索
新客户模式：无历史交易数据，采用保守估计...

【收集到的原始数据】
  company_name: 苏州乐业贸易有限公司
  established_years: 13.8
  registered_capital: 1000000.0
  paid_in_capital: 1000000.0
  paid_in_capital_ratio: 1.0
  abnormal_records: 0
  penalty_records: 0
  company_status: 在业
  insured_count: 3
  tianyancha_score: 58
  self_risk_count: 0
  around_risk_count: 1
  lawsuit_count: 4
  contract_dispute_count: 0
  dishonest_records: 0
  executed_count: 0
  restriction_count: None
  pledge_freeze: None
  pledge_freeze_count: 0
  negative_news: 0
  _source: tianyancha_opencli
  debt_ratio: None
  current_ratio: None
  revenue_growth: None
  cash_flow: None
  net_margin: None
  dp_store_count: 180
  dp_paused_count: 0
  dp_avg_rating: None
  on_time_rate: None
  avg_overdue_days: None
  max_overdue_amount: None
  cooperation_years: 0

【评分卡结果】
  总分: 53.95
  基础等级: BB
  - basic_credit: 58.0分
  - company_scale: 49.0分
  - payment_behavior: 39.5分
  - external_risk: 61.5分
  [零售客户] 已激活库存周转维度

【规则引擎】
  🔔 触发预警:
    🟡 [yellow] 新客户首次合作: 首次合作客户，履约行为最高50分（风险未知）
  结果: BB → BB / 53.95分

[25/59] 广州市福榕瑞贸易有限公司

============================================================
开始评估客户: 广州市福榕瑞贸易有限公司
============================================================

正在收集企业信息...
正在收集财务信息...
[财务] 未提供真实财务报表，财务健康维度将使用外部替代指标
正在抓取大众点评门店数据...
[大众点评] 关键词简化: 广州市福榕瑞贸易有限公司 → 福榕瑞
[大众点评] 搜索 福榕瑞 @ 上海 (city_id=1)
[大众点评] 上海 找到 2 家，停止搜索
新客户模式：无历史交易数据，采用保守估计...

【收集到的原始数据】
  company_name: 广州市福榕瑞贸易有限公司
  established_years: 0.7
  registered_capital: 1000000.0
  paid_in_capital: None
  paid_in_capital_ratio: None
  abnormal_records: 0
  penalty_records: 0
  company_status: 存续
  insured_count: None
  tianyancha_score: 58
  self_risk_count: 0
  around_risk_count: 27
  lawsuit_count: 0
  contract_dispute_count: 0
  dishonest_records: 0
  executed_count: 0
  restriction_count: None
  pledge_freeze: None
  pledge_freeze_count: 0
  negative_news: 0
  _source: tianyancha_opencli
  debt_ratio: None
  current_ratio: None
  revenue_growth: None
  cash_flow: None
  net_margin: None
  dp_store_count: 2
  dp_paused_count: 0
  dp_avg_rating: None
  on_time_rate: None
  avg_overdue_days: None
  max_overdue_amount: None
  cooperation_years: 0

【评分卡结果】
  总分: 44.65
  基础等级: B
  - basic_credit: 42.0分
  - company_scale: 30.5分
  - payment_behavior: 30.5分
  - external_risk: 86.5分

【规则引擎】
  🔔 触发预警:
    🟡 [yellow] 新客户首次合作: 首次合作客户，履约行为最高50分（风险未知）
  结果: B → B / 44.65分

[26/59] 浙数潮品科技(浙江)有限公司

============================================================
开始评估客户: 浙数潮品科技(浙江)有限公司
============================================================

正在收集企业信息...
正在收集财务信息...
[财务] 未提供真实财务报表，财务健康维度将使用外部替代指标
正在抓取大众点评门店数据...
[大众点评] 关键词简化: 浙数潮品科技(浙江)有限公司 → 浙数潮品
[大众点评] 搜索 浙数潮品 @ 上海 (city_id=1)
[大众点评] 搜索 浙数潮品 @ 北京 (city_id=2)
[大众点评] 搜索 浙数潮品 @ 广州 (city_id=4)
[大众点评] 搜索 浙数潮品 @ 深圳 (city_id=7)
新客户模式：无历史交易数据，采用保守估计...

【收集到的原始数据】
  company_name: 浙数潮品科技(浙江)有限公司
  established_years: 0.9
  registered_capital: 20000000.0
  paid_in_capital: None
  paid_in_capital_ratio: None
  abnormal_records: 0
  penalty_records: 0
  company_status: 存续
  insured_count: None
  tianyancha_score: 77
  self_risk_count: 0
  around_risk_count: 14
  lawsuit_count: 0
  contract_dispute_count: 0
  dishonest_records: 0
  executed_count: 0
  restriction_count: None
  pledge_freeze: None
  pledge_freeze_count: 0
  negative_news: 0
  _source: tianyancha_opencli
  debt_ratio: None
  current_ratio: None
  revenue_growth: None
  cash_flow: None
  net_margin: None
  dp_store_count: 0
  dp_paused_count: 0
  dp_avg_rating: None
  on_time_rate: None
  avg_overdue_days: None
  max_overdue_amount: None
  cooperation_years: 0

【评分卡结果】
  总分: 50.92
  基础等级: BB
  - basic_credit: 48.0分
  - company_scale: 43.5分
  - payment_behavior: 35.0分
  - external_risk: 86.5分

【规则引擎】
  🔔 触发预警:
    🟡 [yellow] 新客户首次合作: 首次合作客户，履约行为最高50分（风险未知）
  结果: BB → BB / 50.92分

[27/59] 那是家大潮玩（广东）文化创意有限公司

============================================================
开始评估客户: 那是家大潮玩（广东）文化创意有限公司
============================================================

正在收集企业信息...
正在收集财务信息...
[财务] 未提供真实财务报表，财务健康维度将使用外部替代指标
正在抓取大众点评门店数据...
[大众点评] 关键词简化: 那是家大潮玩（广东）文化创意有限公司 → 那是家大潮玩
[大众点评] 搜索 那是家大潮玩 @ 上海 (city_id=1)
[大众点评] 搜索 那是家大潮玩 @ 北京 (city_id=2)
[大众点评] 搜索 那是家大潮玩 @ 广州 (city_id=4)
[大众点评] 搜索 那是家大潮玩 @ 深圳 (city_id=7)
新客户模式：无历史交易数据，采用保守估计...

【收集到的原始数据】
  company_name: 那是家大潮玩（广东）文化创意有限公司
  established_years: 5.7
  registered_capital: 60000000.0
  paid_in_capital: 5000000.0
  paid_in_capital_ratio: 0.08
  abnormal_records: 0
  penalty_records: 0
  company_status: 存续
  insured_count: 1
  tianyancha_score: 84
  self_risk_count: 23
  around_risk_count: 3
  lawsuit_count: 14
  contract_dispute_count: 0
  dishonest_records: 0
  executed_count: 0
  restriction_count: None
  pledge_freeze: None
  pledge_freeze_count: 0
  negative_news: 32
  _source: tianyancha_opencli
  debt_ratio: None
  current_ratio: None
  revenue_growth: None
  cash_flow: None
  net_margin: None
  dp_store_count: 0
  dp_paused_count: 0
  dp_avg_rating: None
  on_time_rate: None
  avg_overdue_days: None
  max_overdue_amount: None
  cooperation_years: 0

【评分卡结果】
  总分: 59.55
  基础等级: BB
  - basic_credit: 73.0分
  - company_scale: 47.0分
  - payment_behavior: 39.5分
  - external_risk: 51.5分

【规则引擎】
  ⚠️ 触发否决规则:
    - 中小企业重大诉讼: 中小企业加权诉讼≥10起，最高评级BBB
  🔔 触发预警:
    🟠 [orange] 负面舆情预警: 负面舆情5条以上
    🟡 [yellow] 新客户首次合作: 首次合作客户，履约行为最高50分（风险未知）
  结果: BB → BB / 59.55分

[28/59] 晨光生活馆企业管理有限公司

============================================================
开始评估客户: 晨光生活馆企业管理有限公司
============================================================

正在收集企业信息...
正在收集财务信息...
[财务] 未提供真实财务报表，财务健康维度将使用外部替代指标
正在抓取大众点评门店数据...
[大众点评] 关键词简化: 晨光生活馆企业管理有限公司 → 晨光生活馆
[大众点评] 搜索 晨光生活馆 @ 上海 (city_id=1)
[大众点评] 上海 找到 76 家，停止搜索
新客户模式：无历史交易数据，采用保守估计...

【收集到的原始数据】
  company_name: 晨光生活馆企业管理有限公司
  established_years: 13.1
  registered_capital: 100000000.0
  paid_in_capital: 100000000.0
  paid_in_capital_ratio: 1.0
  abnormal_records: 0
  penalty_records: 0
  company_status: 存续
  insured_count: 9
  tianyancha_score: 88
  self_risk_count: 0
  around_risk_count: 924
  lawsuit_count: 2
  contract_dispute_count: 0
  dishonest_records: 0
  executed_count: 0
  restriction_count: None
  pledge_freeze: None
  pledge_freeze_count: 0
  negative_news: 22
  _source: tianyancha_opencli
  debt_ratio: None
  current_ratio: None
  revenue_growth: None
  cash_flow: None
  net_margin: None
  dp_store_count: 76
  dp_paused_count: 0
  dp_avg_rating: None
  on_time_rate: None
  avg_overdue_days: None
  max_overdue_amount: None
  cooperation_years: 0

【评分卡结果】
  总分: 73.36
  基础等级: A
  - basic_credit: 100.0分
  - company_scale: 36.0分
  - payment_behavior: 27.5分
  - external_risk: 80.25分
  [零售客户] 已激活库存周转维度

【规则引擎】
  🔔 触发预警:
    🟠 [orange] 负面舆情预警: 负面舆情5条以上
    🟡 [yellow] 新客户首次合作: 首次合作客户，履约行为最高50分（风险未知）
  结果: A → A / 73.36分

[29/59] 奥卡普（上海）文化发展有限公司

============================================================
开始评估客户: 奥卡普（上海）文化发展有限公司
============================================================

正在收集企业信息...
正在收集财务信息...
[财务] 未提供真实财务报表，财务健康维度将使用外部替代指标
正在抓取大众点评门店数据...
[大众点评] 关键词简化: 奥卡普（上海）文化发展有限公司 → 奥卡普
[大众点评] 搜索 奥卡普 @ 上海 (city_id=1)
[大众点评] 搜索 奥卡普 @ 北京 (city_id=2)
[大众点评] 搜索 奥卡普 @ 广州 (city_id=4)
[大众点评] 搜索 奥卡普 @ 深圳 (city_id=7)
新客户模式：无历史交易数据，采用保守估计...

【收集到的原始数据】
  company_name: 奥卡普（上海）文化发展有限公司
  established_years: 0.7
  registered_capital: 200000.0
  paid_in_capital: None
  paid_in_capital_ratio: None
  abnormal_records: 0
  penalty_records: 0
  company_status: 存续
  insured_count: 0
  tianyancha_score: 47
  self_risk_count: 0
  around_risk_count: 0
  lawsuit_count: 0
  contract_dispute_count: 0
  dishonest_records: 0
  executed_count: 0
  restriction_count: None
  pledge_freeze: None
  pledge_freeze_count: 0
  negative_news: 0
  _source: tianyancha_opencli
  debt_ratio: None
  current_ratio: None
  revenue_growth: None
  cash_flow: None
  net_margin: None
  dp_store_count: 0
  dp_paused_count: 0
  dp_avg_rating: None
  on_time_rate: None
  avg_overdue_days: None
  max_overdue_amount: None
  cooperation_years: 0

【评分卡结果】
  总分: 47.75
  基础等级: B
  - basic_credit: 42.0分
  - company_scale: 37.0分
  - payment_behavior: 42.5分
  - external_risk: 86.5分

【规则引擎】
  🔔 触发预警:
    🟡 [yellow] 新客户首次合作: 首次合作客户，履约行为最高50分（风险未知）
  结果: B → B / 47.75分

[30/59] 锅圈食品（上海）股份有限公司

============================================================
开始评估客户: 锅圈食品（上海）股份有限公司
============================================================

正在收集企业信息...
正在收集财务信息...
[财务] 未提供真实财务报表，财务健康维度将使用外部替代指标
正在抓取大众点评门店数据...
[大众点评] 关键词简化: 锅圈食品（上海）股份有限公司 → 锅圈
[大众点评] 搜索 锅圈 @ 上海 (city_id=1)
[大众点评] 上海 找到 138 家，停止搜索
新客户模式：无历史交易数据，采用保守估计...

【收集到的原始数据】
  company_name: 锅圈食品（上海）股份有限公司
  established_years: 6.9
  registered_capital: 2747360400.0
  paid_in_capital: 2670000000.0
  paid_in_capital_ratio: 0.97
  abnormal_records: 0
  penalty_records: 0
  company_status: 存续
  insured_count: 2216
  tianyancha_score: 98
  self_risk_count: 35
  around_risk_count: 65
  lawsuit_count: 18
  contract_dispute_count: 0
  dishonest_records: 0
  executed_count: 0
  restriction_count: None
  pledge_freeze: None
  pledge_freeze_count: 0
  negative_news: 956
  _source: tianyancha_opencli
  debt_ratio: None
  current_ratio: None
  revenue_growth: None
  cash_flow: None
  net_margin: None
  dp_store_count: 138
  dp_paused_count: 0
  dp_avg_rating: None
  on_time_rate: None
  avg_overdue_days: None
  max_overdue_amount: None
  cooperation_years: 0

【评分卡结果】
  总分: 77.09
  基础等级: A
  - basic_credit: 97.0分
  - company_scale: 79.0分
  - payment_behavior: 27.5分
  - external_risk: 57.75分
  [零售客户] 已激活库存周转维度

【规则引擎】
  🔔 触发预警:
    🟠 [orange] 负面舆情预警: 负面舆情5条以上
    🟡 [yellow] 新客户首次合作: 首次合作客户，履约行为最高50分（风险未知）
  结果: A → A / 77.09分

[31/59] 沈阳新天地超市连锁经营有限公司

============================================================
开始评估客户: 沈阳新天地超市连锁经营有限公司
============================================================

正在收集企业信息...
正在收集财务信息...
[财务] 未提供真实财务报表，财务健康维度将使用外部替代指标
正在抓取大众点评门店数据...
[大众点评] 品牌映射: 新天地 → 新天地超市
[大众点评] 关键词简化: 沈阳新天地超市连锁经营有限公司 → 新天地超市
[大众点评] 搜索 新天地超市 @ 上海 (city_id=1)
[大众点评] 上海 找到 19 家，停止搜索
新客户模式：无历史交易数据，采用保守估计...

【收集到的原始数据】
  company_name: 沈阳新天地超市连锁经营有限公司
  established_years: 15.8
  registered_capital: 10000000.0
  paid_in_capital: 1000000.0
  paid_in_capital_ratio: 0.1
  abnormal_records: 0
  penalty_records: 0
  company_status: 存续
  insured_count: 560
  tianyancha_score: 73
  self_risk_count: 99
  around_risk_count: 12
  lawsuit_count: 184
  contract_dispute_count: 0
  dishonest_records: 0
  executed_count: 0
  restriction_count: None
  pledge_freeze: None
  pledge_freeze_count: 0
  negative_news: 3
  _source: tianyancha_opencli
  debt_ratio: None
  current_ratio: None
  revenue_growth: None
  cash_flow: None
  net_margin: None
  dp_store_count: 19
  dp_paused_count: 0
  dp_avg_rating: None
  on_time_rate: None
  avg_overdue_days: None
  max_overdue_amount: None
  cooperation_years: 0

【评分卡结果】
  总分: 60.77
  基础等级: BBB
  - basic_credit: 64.0分
  - company_scale: 73.0分
  - payment_behavior: 35.0分
  - external_risk: 59.5分
  [零售客户] 已激活库存周转维度

【规则引擎】
  ⚠️ 触发否决规则:
    - 中小企业重大诉讼: 中小企业加权诉讼≥10起，最高评级BBB
    - 中小企业严重诉讼: 中小企业加权诉讼≥15起，最高评级BB
  等级调整: BBB -> BB
  🔔 触发预警:
    🟡 [yellow] 新客户首次合作: 首次合作客户，履约行为最高50分（风险未知）
  结果: BBB → BB / 60.77分

[32/59] 深圳市旭展文体用品有限公司

============================================================
开始评估客户: 深圳市旭展文体用品有限公司
============================================================

正在收集企业信息...
正在收集财务信息...
[财务] 未提供真实财务报表，财务健康维度将使用外部替代指标
正在抓取大众点评门店数据...
[大众点评] 关键词简化: 深圳市旭展文体用品有限公司 → 旭展
[大众点评] 搜索 旭展 @ 上海 (city_id=1)
[大众点评] 上海 找到 2 家，停止搜索
新客户模式：无历史交易数据，采用保守估计...

【收集到的原始数据】
  company_name: 深圳市旭展文体用品有限公司
  established_years: 16.2
  registered_capital: 6000000.0
  paid_in_capital: 4200000.0
  paid_in_capital_ratio: 0.7
  abnormal_records: 0
  penalty_records: 0
  company_status: 存续
  insured_count: 14
  tianyancha_score: 68
  self_risk_count: 0
  around_risk_count: 0
  lawsuit_count: 0
  contract_dispute_count: 0
  dishonest_records: 0
  executed_count: 0
  restriction_count: None
  pledge_freeze: None
  pledge_freeze_count: 0
  negative_news: 1
  _source: tianyancha_opencli
  debt_ratio: None
  current_ratio: None
  revenue_growth: None
  cash_flow: None
  net_margin: None
  dp_store_count: 2
  dp_paused_count: 0
  dp_avg_rating: None
  on_time_rate: None
  avg_overdue_days: None
  max_overdue_amount: None
  cooperation_years: 0

【评分卡结果】
  总分: 64.85
  基础等级: BBB
  - basic_credit: 72.0分
  - company_scale: 49.0分
  - payment_behavior: 42.5分
  - external_risk: 84.5分

【规则引擎】
  🔔 触发预警:
    🟡 [yellow] 新客户首次合作: 首次合作客户，履约行为最高50分（风险未知）
  结果: BBB → BBB / 64.85分

[33/59] 沃尔玛（中国）投资有限公司

============================================================
开始评估客户: 沃尔玛（中国）投资有限公司
============================================================

正在收集企业信息...
正在收集财务信息...
[财务] 未提供真实财务报表，财务健康维度将使用外部替代指标
正在抓取大众点评门店数据...
[大众点评] 关键词简化: 沃尔玛（中国）投资有限公司 → 沃尔玛
[大众点评] 搜索 沃尔玛 @ 上海 (city_id=1)
[大众点评] 上海 找到 80 家，停止搜索
新客户模式：无历史交易数据，采用保守估计...

【收集到的原始数据】
  company_name: 沃尔玛（中国）投资有限公司
  established_years: 23.1
  registered_capital: 326600000.0
  paid_in_capital: 326600000.0
  paid_in_capital_ratio: 1.0
  abnormal_records: 0
  penalty_records: 1
  company_status: 存续
  insured_count: 2699
  tianyancha_score: 98
  self_risk_count: 202
  around_risk_count: 1314
  lawsuit_count: 658
  contract_dispute_count: 0
  dishonest_records: 0
  executed_count: 0
  restriction_count: None
  pledge_freeze: None
  pledge_freeze_count: 0
  negative_news: 999
  _source: tianyancha_opencli
  debt_ratio: None
  current_ratio: None
  revenue_growth: None
  cash_flow: None
  net_margin: None
  dp_store_count: 80
  dp_paused_count: 0
  dp_avg_rating: None
  on_time_rate: None
  avg_overdue_days: None
  max_overdue_amount: None
  cooperation_years: 0

【评分卡结果】
  总分: 74.25
  基础等级: A
  - basic_credit: 96.0分
  - company_scale: 72.0分
  - payment_behavior: 27.5分
  - external_risk: 51.5分
  [零售客户] 已激活库存周转维度

【规则引擎】
  ⚠️ 触发否决规则:
    - 大型企业重大诉讼: 大型企业加权诉讼≥30起，最高评级BBB
    - 大型企业严重诉讼: 大型企业加权诉讼≥50起，最高评级BB
  等级调整: A -> BB
  🔔 触发预警:
    🟠 [orange] 负面舆情预警: 负面舆情5条以上
    🟡 [yellow] 新客户首次合作: 首次合作客户，履约行为最高50分（风险未知）
  结果: A → BB / 74.25分

[34/59] 上海终为始贸易有限公司

============================================================
开始评估客户: 上海终为始贸易有限公司
============================================================

正在收集企业信息...
正在收集财务信息...
[财务] 未提供真实财务报表，财务健康维度将使用外部替代指标
正在抓取大众点评门店数据...
[大众点评] 关键词简化: 上海终为始贸易有限公司 → 终为始
[大众点评] 搜索 终为始 @ 上海 (city_id=1)
[大众点评] 搜索 终为始 @ 北京 (city_id=2)
[大众点评] 搜索 终为始 @ 广州 (city_id=4)
[大众点评] 搜索 终为始 @ 深圳 (city_id=7)
新客户模式：无历史交易数据，采用保守估计...

【收集到的原始数据】
  company_name: 上海终为始贸易有限公司
  established_years: 14.0
  registered_capital: 500000.0
  paid_in_capital: 100000.0
  paid_in_capital_ratio: 0.2
  abnormal_records: 0
  penalty_records: 0
  company_status: 存续
  insured_count: 0
  tianyancha_score: 53
  self_risk_count: 0
  around_risk_count: 0
  lawsuit_count: 0
  contract_dispute_count: 0
  dishonest_records: 0
  executed_count: 0
  restriction_count: None
  pledge_freeze: None
  pledge_freeze_count: 0
  negative_news: 0
  _source: tianyancha_opencli
  debt_ratio: None
  current_ratio: None
  revenue_growth: None
  cash_flow: None
  net_margin: None
  dp_store_count: 0
  dp_paused_count: 0
  dp_avg_rating: None
  on_time_rate: None
  avg_overdue_days: None
  max_overdue_amount: None
  cooperation_years: 0

【评分卡结果】
  总分: 55.75
  基础等级: BB
  - basic_credit: 58.0分
  - company_scale: 37.0分
  - payment_behavior: 42.5分
  - external_risk: 86.5分

【规则引擎】
  🔔 触发预警:
    🟡 [yellow] 新客户首次合作: 首次合作客户，履约行为最高50分（风险未知）
  结果: BB → BB / 55.75分

[35/59] 福建万辰食品集团股份有限公司南京分公司

============================================================
开始评估客户: 福建万辰食品集团股份有限公司南京分公司
============================================================

正在收集企业信息...
正在收集财务信息...
[财务] 未提供真实财务报表，财务健康维度将使用外部替代指标
正在抓取大众点评门店数据...
[大众点评] 品牌映射: 万辰食品集团股份有限公司 → 万辰
[大众点评] 关键词简化: 福建万辰食品集团股份有限公司南京分公司 → 万辰
[大众点评] 搜索 万辰 @ 上海 (city_id=1)
[大众点评] 上海 找到 1 家，停止搜索
新客户模式：无历史交易数据，采用保守估计...

【收集到的原始数据】
  company_name: 福建万辰食品集团股份有限公司南京分公司
  established_years: 2.7
  registered_capital: 0.0
  paid_in_capital: None
  paid_in_capital_ratio: None
  abnormal_records: 0
  penalty_records: 0
  company_status: 在业
  insured_count: 128
  tianyancha_score: 30
  self_risk_count: 0
  around_risk_count: 185
  lawsuit_count: 0
  contract_dispute_count: 0
  dishonest_records: 0
  executed_count: 0
  restriction_count: None
  pledge_freeze: None
  pledge_freeze_count: 0
  negative_news: 3
  _source: tianyancha_opencli
  debt_ratio: None
  current_ratio: None
  revenue_growth: None
  cash_flow: None
  net_margin: None
  dp_store_count: 1
  dp_paused_count: 0
  dp_avg_rating: None
  on_time_rate: None
  avg_overdue_days: None
  max_overdue_amount: None
  cooperation_years: 0

【评分卡结果】
  总分: 45.5
  基础等级: B
  - basic_credit: 39.0分
  - company_scale: 46.0分
  - payment_behavior: 27.5分
  - external_risk: 84.5分

【规则引擎】
  🔔 触发预警:
    🟡 [yellow] 新客户首次合作: 首次合作客户，履约行为最高50分（风险未知）
  结果: B → B / 45.5分

[36/59] 上海铂泫贸易有限公司

============================================================
开始评估客户: 上海铂泫贸易有限公司
============================================================

正在收集企业信息...
正在收集财务信息...
[财务] 未提供真实财务报表，财务健康维度将使用外部替代指标
正在抓取大众点评门店数据...
[大众点评] 关键词简化: 上海铂泫贸易有限公司 → 铂泫
[大众点评] 搜索 铂泫 @ 上海 (city_id=1)
[大众点评] 搜索 铂泫 @ 北京 (city_id=2)
[大众点评] 搜索 铂泫 @ 广州 (city_id=4)
[大众点评] 搜索 铂泫 @ 深圳 (city_id=7)
新客户模式：无历史交易数据，采用保守估计...

【收集到的原始数据】
  company_name: 上海铂泫贸易有限公司
  established_years: 9.2
  registered_capital: 5000000.0
  paid_in_capital: 3500000.0
  paid_in_capital_ratio: 0.7
  abnormal_records: 0
  penalty_records: 0
  company_status: 存续
  insured_count: 6
  tianyancha_score: 67
  self_risk_count: 4
  around_risk_count: 0
  lawsuit_count: 6
  contract_dispute_count: 0
  dishonest_records: 0
  executed_count: 0
  restriction_count: None
  pledge_freeze: None
  pledge_freeze_count: 0
  negative_news: 1
  _source: tianyancha_opencli
  debt_ratio: None
  current_ratio: None
  revenue_growth: None
  cash_flow: None
  net_margin: None
  dp_store_count: 0
  dp_paused_count: 0
  dp_avg_rating: None
  on_time_rate: None
  avg_overdue_days: None
  max_overdue_amount: None
  cooperation_years: 0

【评分卡结果】
  总分: 59.94
  基础等级: BB
  - basic_credit: 69.0分
  - company_scale: 46.0分
  - payment_behavior: 42.5分
  - external_risk: 65.75分

【规则引擎】
  🔔 触发预警:
    🟡 [yellow] 新客户首次合作: 首次合作客户，履约行为最高50分（风险未知）
  结果: BB → BB / 59.94分

[37/59] 宁波热风企业管理有限公司

============================================================
开始评估客户: 宁波热风企业管理有限公司
============================================================

正在收集企业信息...
正在收集财务信息...
[财务] 未提供真实财务报表，财务健康维度将使用外部替代指标
正在抓取大众点评门店数据...
[大众点评] 关键词简化: 宁波热风企业管理有限公司 → 热风
[大众点评] 搜索 热风 @ 上海 (city_id=1)
[大众点评] 上海 找到 347 家，停止搜索
新客户模式：无历史交易数据，采用保守估计...

【收集到的原始数据】
  company_name: 宁波热风企业管理有限公司
  established_years: 7.9
  registered_capital: 200000000.0
  paid_in_capital: 200000000.0
  paid_in_capital_ratio: 1.0
  abnormal_records: 0
  penalty_records: 0
  company_status: 存续
  insured_count: 15
  tianyancha_score: 92
  self_risk_count: 13
  around_risk_count: 42
  lawsuit_count: 10
  contract_dispute_count: 0
  dishonest_records: 0
  executed_count: 0
  restriction_count: None
  pledge_freeze: None
  pledge_freeze_count: 0
  negative_news: 0
  _source: tianyancha_opencli
  debt_ratio: None
  current_ratio: None
  revenue_growth: None
  cash_flow: None
  net_margin: None
  dp_store_count: 347
  dp_paused_count: 0
  dp_avg_rating: None
  on_time_rate: None
  avg_overdue_days: None
  max_overdue_amount: None
  cooperation_years: 0

【评分卡结果】
  总分: 75.38
  基础等级: A
  - basic_credit: 97.0分
  - company_scale: 56.0分
  - payment_behavior: 30.5分
  - external_risk: 74.0分
  [零售客户] 已激活库存周转维度

【规则引擎】
  🔔 触发预警:
    🟡 [yellow] 新客户首次合作: 首次合作客户，履约行为最高50分（风险未知）
  结果: A → A / 75.38分

[38/59] 东莞市盟客供应链科技有限公司

============================================================
开始评估客户: 东莞市盟客供应链科技有限公司
============================================================

正在收集企业信息...
正在收集财务信息...
[财务] 未提供真实财务报表，财务健康维度将使用外部替代指标
正在抓取大众点评门店数据...
[大众点评] 关键词简化: 东莞市盟客供应链科技有限公司 → 盟客
[大众点评] 搜索 盟客 @ 上海 (city_id=1)
[大众点评] 搜索 盟客 @ 北京 (city_id=2)
[大众点评] 北京 找到 1 家，停止搜索
新客户模式：无历史交易数据，采用保守估计...

【收集到的原始数据】
  company_name: 东莞市盟客供应链科技有限公司
  established_years: 2.7
  registered_capital: 1000000.0
  paid_in_capital: 1000000.0
  paid_in_capital_ratio: 1.0
  abnormal_records: 0
  penalty_records: 0
  company_status: 存续
  insured_count: 0
  tianyancha_score: 58
  self_risk_count: 0
  around_risk_count: 0
  lawsuit_count: 0
  contract_dispute_count: 0
  dishonest_records: 0
  executed_count: 0
  restriction_count: None
  pledge_freeze: None
  pledge_freeze_count: 0
  negative_news: 0
  _source: tianyancha_opencli
  debt_ratio: None
  current_ratio: None
  revenue_growth: None
  cash_flow: None
  net_margin: None
  dp_store_count: 1
  dp_paused_count: 0
  dp_avg_rating: None
  on_time_rate: None
  avg_overdue_days: None
  max_overdue_amount: None
  cooperation_years: 0

【评分卡结果】
  总分: 50.05
  基础等级: BB
  - basic_credit: 49.0分
  - company_scale: 31.0分
  - payment_behavior: 42.5分
  - external_risk: 86.5分

【规则引擎】
  🔔 触发预警:
    🟡 [yellow] 新客户首次合作: 首次合作客户，履约行为最高50分（风险未知）
  结果: BB → BB / 50.05分

[39/59] 湖南新佳宜商贸有限公司

============================================================
开始评估客户: 湖南新佳宜商贸有限公司
============================================================

正在收集企业信息...
正在收集财务信息...
[财务] 未提供真实财务报表，财务健康维度将使用外部替代指标
正在抓取大众点评门店数据...
[大众点评] 关键词简化: 湖南新佳宜商贸有限公司 → 新佳宜
[大众点评] 搜索 新佳宜 @ 上海 (city_id=1)
[大众点评] 搜索 新佳宜 @ 北京 (city_id=2)
[大众点评] 北京 找到 1 家，停止搜索
新客户模式：无历史交易数据，采用保守估计...

【收集到的原始数据】
  company_name: 湖南新佳宜商贸有限公司
  established_years: 9.7
  registered_capital: 5000000.0
  paid_in_capital: 5000000.0
  paid_in_capital_ratio: 1.0
  abnormal_records: 0
  penalty_records: 0
  company_status: 存续
  insured_count: 389
  tianyancha_score: 67
  self_risk_count: 2
  around_risk_count: 39
  lawsuit_count: 5
  contract_dispute_count: 1
  dishonest_records: 0
  executed_count: 0
  restriction_count: None
  pledge_freeze: None
  pledge_freeze_count: 0
  negative_news: 1
  _source: tianyancha_opencli
  debt_ratio: None
  current_ratio: None
  revenue_growth: None
  cash_flow: None
  net_margin: None
  dp_store_count: 1
  dp_paused_count: 0
  dp_avg_rating: None
  on_time_rate: None
  avg_overdue_days: None
  max_overdue_amount: None
  cooperation_years: 0

【评分卡结果】
  总分: 60.44
  基础等级: BBB
  - basic_credit: 69.0分
  - company_scale: 62.0分
  - payment_behavior: 30.5分
  - external_risk: 59.75分

【规则引擎】
  🔔 触发预警:
    🟡 [yellow] 新客户首次合作: 首次合作客户，履约行为最高50分（风险未知）
  结果: BBB → BBB / 60.44分

[40/59] 真市美供应链（沈阳）有限公司

============================================================
开始评估客户: 真市美供应链（沈阳）有限公司
============================================================

正在收集企业信息...
正在收集财务信息...
[财务] 未提供真实财务报表，财务健康维度将使用外部替代指标
正在抓取大众点评门店数据...
[大众点评] 关键词简化: 真市美供应链（沈阳）有限公司 → 真市美
[大众点评] 搜索 真市美 @ 上海 (city_id=1)
[大众点评] 搜索 真市美 @ 北京 (city_id=2)
[大众点评] 搜索 真市美 @ 广州 (city_id=4)
[大众点评] 广州 找到 4 家，停止搜索
新客户模式：无历史交易数据，采用保守估计...

【收集到的原始数据】
  company_name: 真市美供应链（沈阳）有限公司
  established_years: 2.9
  registered_capital: 80000000.0
  paid_in_capital: 5000000.0
  paid_in_capital_ratio: 0.06
  abnormal_records: 0
  penalty_records: 0
  company_status: 存续
  insured_count: 98
  tianyancha_score: 86
  self_risk_count: 0
  around_risk_count: 27
  lawsuit_count: 0
  contract_dispute_count: 0
  dishonest_records: 0
  executed_count: 0
  restriction_count: None
  pledge_freeze: None
  pledge_freeze_count: 0
  negative_news: 0
  _source: tianyancha_opencli
  debt_ratio: None
  current_ratio: None
  revenue_growth: None
  cash_flow: None
  net_margin: None
  dp_store_count: 4
  dp_paused_count: 0
  dp_avg_rating: None
  on_time_rate: None
  avg_overdue_days: None
  max_overdue_amount: None
  cooperation_years: 0

【评分卡结果】
  总分: 61.65
  基础等级: BBB
  - basic_credit: 67.0分
  - company_scale: 53.0分
  - payment_behavior: 30.5分
  - external_risk: 86.5分

【规则引擎】
  🔔 触发预警:
    🟡 [yellow] 新客户首次合作: 首次合作客户，履约行为最高50分（风险未知）
  结果: BBB → BBB / 61.65分

[41/59] 宁波旭歌贸易有限公司

============================================================
开始评估客户: 宁波旭歌贸易有限公司
============================================================

正在收集企业信息...
正在收集财务信息...
[财务] 未提供真实财务报表，财务健康维度将使用外部替代指标
正在抓取大众点评门店数据...
[大众点评] 关键词简化: 宁波旭歌贸易有限公司 → 旭歌
[大众点评] 搜索 旭歌 @ 上海 (city_id=1)
[大众点评] 上海 找到 16 家，停止搜索
新客户模式：无历史交易数据，采用保守估计...

【收集到的原始数据】
  company_name: 宁波旭歌贸易有限公司
  established_years: 13.4
  registered_capital: 1000000.0
  paid_in_capital: 835000.0
  paid_in_capital_ratio: 0.83
  abnormal_records: 0
  penalty_records: 1
  company_status: 存续
  insured_count: 22
  tianyancha_score: 58
  self_risk_count: 0
  around_risk_count: 1
  lawsuit_count: 0
  contract_dispute_count: 0
  dishonest_records: 0
  executed_count: 0
  restriction_count: None
  pledge_freeze: None
  pledge_freeze_count: 0
  negative_news: 1
  _source: tianyancha_opencli
  debt_ratio: None
  current_ratio: None
  revenue_growth: None
  cash_flow: None
  net_margin: None
  dp_store_count: 16
  dp_paused_count: 0
  dp_avg_rating: None
  on_time_rate: None
  avg_overdue_days: None
  max_overdue_amount: None
  cooperation_years: 0

【评分卡结果】
  总分: 56.1
  基础等级: BB
  - basic_credit: 54.0分
  - company_scale: 54.0分
  - payment_behavior: 39.5分
  - external_risk: 82.5分
  [零售客户] 已激活库存周转维度

【规则引擎】
  🔔 触发预警:
    🟡 [yellow] 新客户首次合作: 首次合作客户，履约行为最高50分（风险未知）
  结果: BB → BB / 56.1分

[42/59] 安徽优壹达供应链有限公司

============================================================
开始评估客户: 安徽优壹达供应链有限公司
============================================================

正在收集企业信息...
正在收集财务信息...
[财务] 未提供真实财务报表，财务健康维度将使用外部替代指标
正在抓取大众点评门店数据...
[大众点评] 关键词简化: 安徽优壹达供应链有限公司 → 优壹达
[大众点评] 搜索 优壹达 @ 上海 (city_id=1)
[大众点评] 上海 找到 3 家，停止搜索
新客户模式：无历史交易数据，采用保守估计...

【收集到的原始数据】
  company_name: 安徽优壹达供应链有限公司
  established_years: 7.2
  registered_capital: 5000000.0
  paid_in_capital: 5000000.0
  paid_in_capital_ratio: 1.0
  abnormal_records: 0
  penalty_records: 0
  company_status: 存续
  insured_count: 0
  tianyancha_score: 67
  self_risk_count: 0
  around_risk_count: 12
  lawsuit_count: 0
  contract_dispute_count: 0
  dishonest_records: 0
  executed_count: 0
  restriction_count: None
  pledge_freeze: None
  pledge_freeze_count: 0
  negative_news: 1
  _source: tianyancha_opencli
  debt_ratio: None
  current_ratio: None
  revenue_growth: None
  cash_flow: None
  net_margin: None
  dp_store_count: 3
  dp_paused_count: 0
  dp_avg_rating: None
  on_time_rate: None
  avg_overdue_days: None
  max_overdue_amount: None
  cooperation_years: 0

【评分卡结果】
  总分: 59.02
  基础等级: BB
  - basic_credit: 69.0分
  - company_scale: 33.0分
  - payment_behavior: 35.0分
  - external_risk: 84.5分

【规则引擎】
  🔔 触发预警:
    🟡 [yellow] 新客户首次合作: 首次合作客户，履约行为最高50分（风险未知）
  结果: BB → BB / 59.02分

[43/59] "麦德龙商业集团有限公司"

============================================================
开始评估客户: "麦德龙商业集团有限公司"
============================================================

正在收集企业信息...
正在收集财务信息...
[财务] 未提供真实财务报表，财务健康维度将使用外部替代指标
正在抓取大众点评门店数据...
[大众点评] 关键词简化: "麦德龙商业集团有限公司" → 麦德龙
[大众点评] 搜索 麦德龙 @ 上海 (city_id=1)
[大众点评] 上海 找到 1661 家，停止搜索
新客户模式：无历史交易数据，采用保守估计...

【收集到的原始数据】
  company_name: "麦德龙商业集团有限公司"
  established_years: 30.9
  registered_capital: 556295955.0
  paid_in_capital: 556295955.0
  paid_in_capital_ratio: 1.0
  abnormal_records: 0
  penalty_records: 3
  company_status: 存续
  insured_count: 475
  tianyancha_score: 96
  self_risk_count: 187
  around_risk_count: 14
  lawsuit_count: 999
  contract_dispute_count: 0
  dishonest_records: 0
  executed_count: 0
  restriction_count: None
  pledge_freeze: 0.0
  pledge_freeze_count: 1
  negative_news: 999
  _source: tianyancha_opencli
  debt_ratio: None
  current_ratio: None
  revenue_growth: None
  cash_flow: None
  net_margin: None
  dp_store_count: 1661
  dp_paused_count: 0
  dp_avg_rating: None
  on_time_rate: None
  avg_overdue_days: None
  max_overdue_amount: None
  cooperation_years: 0

【评分卡结果】
  总分: 79.2
  基础等级: A
  - basic_credit: 92.0分
  - company_scale: 85.0分
  - payment_behavior: 35.0分
  - external_risk: 73.0分
  [零售客户] 已激活库存周转维度

【规则引擎】
  ⚠️ 触发否决规则:
    - 大型企业重大诉讼: 大型企业加权诉讼≥30起，最高评级BBB
    - 大型企业严重诉讼: 大型企业加权诉讼≥50起，最高评级BB
  等级调整: A -> BB
  🔔 触发预警:
    🟠 [orange] 负面舆情预警: 负面舆情5条以上
    🟡 [yellow] 新客户首次合作: 首次合作客户，履约行为最高50分（风险未知）
  结果: A → BB / 79.2分

[44/59] 重庆西西弗文化传播有限公司

============================================================
开始评估客户: 重庆西西弗文化传播有限公司
============================================================

正在收集企业信息...
正在收集财务信息...
[财务] 未提供真实财务报表，财务健康维度将使用外部替代指标
正在抓取大众点评门店数据...
[大众点评] 品牌映射: 西西弗文化传播 → 西西弗书店
[大众点评] 关键词简化: 重庆西西弗文化传播有限公司 → 西西弗书店
[大众点评] 搜索 西西弗书店 @ 上海 (city_id=1)
[大众点评] 上海 找到 35 家，停止搜索
新客户模式：无历史交易数据，采用保守估计...

【收集到的原始数据】
  company_name: 重庆西西弗文化传播有限公司
  established_years: 18.4
  registered_capital: 4000000.0
  paid_in_capital: 4000000.0
  paid_in_capital_ratio: 1.0
  abnormal_records: 0
  penalty_records: 1
  company_status: 存续
  insured_count: 458
  tianyancha_score: 63
  self_risk_count: 24
  around_risk_count: 12
  lawsuit_count: 21
  contract_dispute_count: 0
  dishonest_records: 0
  executed_count: 0
  restriction_count: None
  pledge_freeze: None
  pledge_freeze_count: 0
  negative_news: 999
  _source: tianyancha_opencli
  debt_ratio: None
  current_ratio: None
  revenue_growth: None
  cash_flow: None
  net_margin: None
  dp_store_count: 35
  dp_paused_count: 0
  dp_avg_rating: None
  on_time_rate: None
  avg_overdue_days: None
  max_overdue_amount: None
  cooperation_years: 0

【评分卡结果】
  总分: 61.58
  基础等级: BBB
  - basic_credit: 68.0分
  - company_scale: 73.0分
  - payment_behavior: 35.0分
  - external_risk: 51.5分
  [零售客户] 已激活库存周转维度

【规则引擎】
  ⚠️ 触发否决规则:
    - 中小企业重大诉讼: 中小企业加权诉讼≥10起，最高评级BBB
    - 中小企业严重诉讼: 中小企业加权诉讼≥15起，最高评级BB
  等级调整: BBB -> BB
  🔔 触发预警:
    🟠 [orange] 负面舆情预警: 负面舆情5条以上
    🟡 [yellow] 新客户首次合作: 首次合作客户，履约行为最高50分（风险未知）
  结果: BBB → BB / 61.58分

[45/59] 深圳市罗湖华润万家商业科技有限公司

============================================================
开始评估客户: 深圳市罗湖华润万家商业科技有限公司
============================================================

正在收集企业信息...
正在收集财务信息...
[财务] 未提供真实财务报表，财务健康维度将使用外部替代指标
正在抓取大众点评门店数据...
[大众点评] 品牌映射: 罗湖华润万家 → 华润万家
[大众点评] 关键词简化: 深圳市罗湖华润万家商业科技有限公司 → 华润万家
[大众点评] 搜索 华润万家 @ 上海 (city_id=1)
[大众点评] 上海 找到 24 家，停止搜索
新客户模式：无历史交易数据，采用保守估计...

【收集到的原始数据】
  company_name: 深圳市罗湖华润万家商业科技有限公司
  established_years: 17.3
  registered_capital: 1768850000.0
  paid_in_capital: 1768850000.0
  paid_in_capital_ratio: 1.0
  abnormal_records: 0
  penalty_records: 0
  company_status: 存续
  insured_count: 0
  tianyancha_score: 98
  self_risk_count: 6
  around_risk_count: 295
  lawsuit_count: 9
  contract_dispute_count: 0
  dishonest_records: 0
  executed_count: 0
  restriction_count: None
  pledge_freeze: None
  pledge_freeze_count: 0
  negative_news: 10
  _source: tianyancha_opencli
  debt_ratio: None
  current_ratio: None
  revenue_growth: None
  cash_flow: None
  net_margin: None
  dp_store_count: 24
  dp_paused_count: 0
  dp_avg_rating: None
  on_time_rate: None
  avg_overdue_days: None
  max_overdue_amount: None
  cooperation_years: 0

【评分卡结果】
  总分: 69.83
  基础等级: BBB
  - basic_credit: 100.0分
  - company_scale: 23.0分
  - payment_behavior: 27.5分
  - external_risk: 74.0分
  [零售客户] 已激活库存周转维度

【规则引擎】
  🔔 触发预警:
    🟠 [orange] 负面舆情预警: 负面舆情5条以上
    🟡 [yellow] 新客户首次合作: 首次合作客户，履约行为最高50分（风险未知）
  结果: BBB → BBB / 69.83分

[46/59] 潍坊千佰佳商贸有限公司

============================================================
开始评估客户: 潍坊千佰佳商贸有限公司
============================================================

正在收集企业信息...
正在收集财务信息...
[财务] 未提供真实财务报表，财务健康维度将使用外部替代指标
正在抓取大众点评门店数据...
[大众点评] 关键词简化: 潍坊千佰佳商贸有限公司 → 千佰佳
[大众点评] 搜索 千佰佳 @ 上海 (city_id=1)
[大众点评] 搜索 千佰佳 @ 北京 (city_id=2)
[大众点评] 北京 找到 1 家，停止搜索
新客户模式：无历史交易数据，采用保守估计...

【收集到的原始数据】
  company_name: 潍坊千佰佳商贸有限公司
  established_years: 12.3
  registered_capital: 500000.0
  paid_in_capital: 100000.0
  paid_in_capital_ratio: 0.2
  abnormal_records: 0
  penalty_records: 0
  company_status: 开业
  insured_count: 6
  tianyancha_score: 53
  self_risk_count: 0
  around_risk_count: 0
  lawsuit_count: 0
  contract_dispute_count: 0
  dishonest_records: 0
  executed_count: 0
  restriction_count: None
  pledge_freeze: None
  pledge_freeze_count: 0
  negative_news: 0
  _source: tianyancha_opencli
  debt_ratio: None
  current_ratio: None
  revenue_growth: None
  cash_flow: None
  net_margin: None
  dp_store_count: 1
  dp_paused_count: 0
  dp_avg_rating: None
  on_time_rate: None
  avg_overdue_days: None
  max_overdue_amount: None
  cooperation_years: 0

【评分卡结果】
  总分: 52.85
  基础等级: BB
  - basic_credit: 51.0分
  - company_scale: 40.0分
  - payment_behavior: 42.5分
  - external_risk: 86.5分

【规则引擎】
  🔔 触发预警:
    🟡 [yellow] 新客户首次合作: 首次合作客户，履约行为最高50分（风险未知）
  结果: BB → BB / 52.85分

[47/59] 山东童趣多儿童用品有限公司

============================================================
开始评估客户: 山东童趣多儿童用品有限公司
============================================================

正在收集企业信息...
正在收集财务信息...
[财务] 未提供真实财务报表，财务健康维度将使用外部替代指标
正在抓取大众点评门店数据...
[大众点评] 关键词简化: 山东童趣多儿童用品有限公司 → 童趣多
[大众点评] 搜索 童趣多 @ 上海 (city_id=1)
[大众点评] 上海 找到 796 家，停止搜索
新客户模式：无历史交易数据，采用保守估计...

【收集到的原始数据】
  company_name: 山东童趣多儿童用品有限公司
  established_years: 7.4
  registered_capital: 3000000.0
  paid_in_capital: None
  paid_in_capital_ratio: None
  abnormal_records: 0
  penalty_records: 1
  company_status: 开业
  insured_count: 25
  tianyancha_score: 63
  self_risk_count: 1
  around_risk_count: 0
  lawsuit_count: 0
  contract_dispute_count: 0
  dishonest_records: 0
  executed_count: 0
  restriction_count: None
  pledge_freeze: None
  pledge_freeze_count: 0
  negative_news: 0
  _source: tianyancha_opencli
  debt_ratio: None
  current_ratio: None
  revenue_growth: None
  cash_flow: None
  net_margin: None
  dp_store_count: 796
  dp_paused_count: 0
  dp_avg_rating: None
  on_time_rate: None
  avg_overdue_days: None
  max_overdue_amount: None
  cooperation_years: 0

【评分卡结果】
  总分: 54.55
  基础等级: BB
  - basic_credit: 46.0分
  - company_scale: 61.0分
  - payment_behavior: 42.5分
  - external_risk: 86.5分
  [零售客户] 已激活库存周转维度

【规则引擎】
  🔔 触发预警:
    🟡 [yellow] 新客户首次合作: 首次合作客户，履约行为最高50分（风险未知）
  结果: BB → BB / 54.55分

[48/59] 南京煦泽科技有限公司

============================================================
开始评估客户: 南京煦泽科技有限公司
============================================================

正在收集企业信息...
正在收集财务信息...
[财务] 未提供真实财务报表，财务健康维度将使用外部替代指标
正在抓取大众点评门店数据...
[大众点评] 关键词简化: 南京煦泽科技有限公司 → 煦泽
[大众点评] 搜索 煦泽 @ 上海 (city_id=1)
[大众点评] 上海 找到 1 家，停止搜索
新客户模式：无历史交易数据，采用保守估计...

【收集到的原始数据】
  company_name: 南京煦泽科技有限公司
  established_years: 7.7
  registered_capital: 2000000.0
  paid_in_capital: 2000000.0
  paid_in_capital_ratio: 1.0
  abnormal_records: 0
  penalty_records: 0
  company_status: 存续
  insured_count: 18
  tianyancha_score: 61
  self_risk_count: 1
  around_risk_count: 0
  lawsuit_count: 1
  contract_dispute_count: 0
  dishonest_records: 0
  executed_count: 0
  restriction_count: None
  pledge_freeze: None
  pledge_freeze_count: 0
  negative_news: 0
  _source: tianyancha_opencli
  debt_ratio: None
  current_ratio: None
  revenue_growth: None
  cash_flow: None
  net_margin: None
  dp_store_count: 1
  dp_paused_count: 0
  dp_avg_rating: None
  on_time_rate: None
  avg_overdue_days: None
  max_overdue_amount: None
  cooperation_years: 0

【评分卡结果】
  总分: 62.15
  基础等级: BBB
  - basic_credit: 69.0分
  - company_scale: 49.0分
  - payment_behavior: 42.5分
  - external_risk: 76.5分

【规则引擎】
  🔔 触发预警:
    🟡 [yellow] 新客户首次合作: 首次合作客户，履约行为最高50分（风险未知）
  结果: BBB → BBB / 62.15分

[49/59] 东阳市小木百货零售有限公司

============================================================
开始评估客户: 东阳市小木百货零售有限公司
============================================================

正在收集企业信息...
正在收集财务信息...
[财务] 未提供真实财务报表，财务健康维度将使用外部替代指标
正在抓取大众点评门店数据...
[大众点评] 品牌映射: 小木百货零售 → 小木
[大众点评] 关键词简化: 东阳市小木百货零售有限公司 → 小木
[大众点评] 搜索 小木 @ 上海 (city_id=1)
[大众点评] 上海 找到 509 家，停止搜索
新客户模式：无历史交易数据，采用保守估计...

【收集到的原始数据】
  company_name: 东阳市小木百货零售有限公司
  established_years: 1.2
  registered_capital: 20000.0
  paid_in_capital: 20000.0
  paid_in_capital_ratio: 1.0
  abnormal_records: 0
  penalty_records: 0
  company_status: 存续
  insured_count: 0
  tianyancha_score: 47
  self_risk_count: 0
  around_risk_count: 0
  lawsuit_count: 0
  contract_dispute_count: 0
  dishonest_records: 0
  executed_count: 0
  restriction_count: None
  pledge_freeze: None
  pledge_freeze_count: 0
  negative_news: 0
  _source: tianyancha_opencli
  debt_ratio: None
  current_ratio: None
  revenue_growth: None
  cash_flow: None
  net_margin: None
  dp_store_count: 509
  dp_paused_count: 178
  dp_avg_rating: None
  on_time_rate: None
  avg_overdue_days: None
  max_overdue_amount: None
  cooperation_years: 0

【评分卡结果】
  总分: 51.4
  基础等级: BB
  - basic_credit: 49.0分
  - company_scale: 43.0分
  - payment_behavior: 42.5分
  - external_risk: 79.5分
  [零售客户] 已激活库存周转维度

【规则引擎】
  🔔 触发预警:
    🔴 [red] 门店大量暂停营业: 大众点评门店暂停营业比例超过30%，经营恶化
    🟡 [yellow] 新客户首次合作: 首次合作客户，履约行为最高50分（风险未知）
  结果: BB → BB / 51.4分

[50/59] 福建三福服饰有限公司

============================================================
开始评估客户: 福建三福服饰有限公司
============================================================

正在收集企业信息...
正在收集财务信息...
[财务] 未提供真实财务报表，财务健康维度将使用外部替代指标
正在抓取大众点评门店数据...
[大众点评] 关键词简化: 福建三福服饰有限公司 → 三福
[大众点评] 搜索 三福 @ 上海 (city_id=1)
[大众点评] 上海 找到 21 家，停止搜索
新客户模式：无历史交易数据，采用保守估计...

【收集到的原始数据】
  company_name: 福建三福服饰有限公司
  established_years: 3.9
  registered_capital: 30000000.0
  paid_in_capital: 30000000.0
  paid_in_capital_ratio: 1.0
  abnormal_records: 0
  penalty_records: 0
  company_status: 存续
  insured_count: 742
  tianyancha_score: 79
  self_risk_count: 2
  around_risk_count: 27
  lawsuit_count: 1
  contract_dispute_count: 0
  dishonest_records: 0
  executed_count: 0
  restriction_count: None
  pledge_freeze: None
  pledge_freeze_count: 0
  negative_news: 9
  _source: tianyancha_opencli
  debt_ratio: None
  current_ratio: None
  revenue_growth: None
  cash_flow: None
  net_margin: None
  dp_store_count: 21
  dp_paused_count: 0
  dp_avg_rating: None
  on_time_rate: None
  avg_overdue_days: None
  max_overdue_amount: None
  cooperation_years: 0

【评分卡结果】
  总分: 70.14
  基础等级: A
  - basic_credit: 82.0分
  - company_scale: 66.0分
  - payment_behavior: 30.5分
  - external_risk: 75.75分
  [零售客户] 已激活库存周转维度

【规则引擎】
  🔔 触发预警:
    🟠 [orange] 负面舆情预警: 负面舆情5条以上
    🟡 [yellow] 新客户首次合作: 首次合作客户，履约行为最高50分（风险未知）
  结果: A → A / 70.14分

[51/59] 北京百望达商贸有限公司

============================================================
开始评估客户: 北京百望达商贸有限公司
============================================================

正在收集企业信息...
正在收集财务信息...
[财务] 未提供真实财务报表，财务健康维度将使用外部替代指标
正在抓取大众点评门店数据...
[大众点评] 关键词简化: 北京百望达商贸有限公司 → 百望达
[大众点评] 搜索 百望达 @ 上海 (city_id=1)
[大众点评] 上海 找到 2339 家，停止搜索
新客户模式：无历史交易数据，采用保守估计...

【收集到的原始数据】
  company_name: 北京百望达商贸有限公司
  established_years: 19.8
  registered_capital: 10000000.0
  paid_in_capital: 10000000.0
  paid_in_capital_ratio: 1.0
  abnormal_records: 0
  penalty_records: 1
  company_status: 存续
  insured_count: 85
  tianyancha_score: None
  self_risk_count: 0
  around_risk_count: 4
  lawsuit_count: 3
  contract_dispute_count: 0
  dishonest_records: 0
  executed_count: 0
  restriction_count: None
  pledge_freeze: None
  pledge_freeze_count: 0
  negative_news: 2
  _source: tianyancha_opencli
  debt_ratio: None
  current_ratio: None
  revenue_growth: None
  cash_flow: None
  net_margin: None
  dp_store_count: 2339
  dp_paused_count: 0
  dp_avg_rating: None
  on_time_rate: None
  avg_overdue_days: None
  max_overdue_amount: None
  cooperation_years: 0

【评分卡结果】
  总分: 62.73
  基础等级: BBB
  - basic_credit: 62.0分
  - company_scale: 75.0分
  - payment_behavior: 39.5分
  - external_risk: 72.0分
  [零售客户] 已激活库存周转维度

【规则引擎】
  ⚠️ 触发否决规则:
    - 头部连锁企业基础信用: 头部连锁企业（门店1000+），渠道话语权强，无资金链断裂信号，基础等级不低于A
  等级调整: BBB -> A
  🔔 触发预警:
    🟡 [yellow] 新客户首次合作: 首次合作客户，履约行为最高50分（风险未知）
  结果: BBB → A / 62.73分

[52/59] 上海逸刻新零售网络科技有限公司

============================================================
开始评估客户: 上海逸刻新零售网络科技有限公司
============================================================

正在收集企业信息...
正在收集财务信息...
[财务] 未提供真实财务报表，财务健康维度将使用外部替代指标
正在抓取大众点评门店数据...
[大众点评] 品牌映射: 逸刻新零售 → 逸刻便利店
[大众点评] 关键词简化: 上海逸刻新零售网络科技有限公司 → 逸刻便利店
[大众点评] 搜索 逸刻便利店 @ 上海 (city_id=1)
[大众点评] 上海 找到 123 家，停止搜索
新客户模式：无历史交易数据，采用保守估计...

【收集到的原始数据】
  company_name: 上海逸刻新零售网络科技有限公司
  established_years: 7.5
  registered_capital: 1300000000.0
  paid_in_capital: 1100000000.0
  paid_in_capital_ratio: 0.85
  abnormal_records: 0
  penalty_records: 1
  company_status: 存续
  insured_count: 114
  tianyancha_score: 98
  self_risk_count: 24
  around_risk_count: 31
  lawsuit_count: 17
  contract_dispute_count: 0
  dishonest_records: 0
  executed_count: 0
  restriction_count: None
  pledge_freeze: None
  pledge_freeze_count: 0
  negative_news: 98
  _source: tianyancha_opencli
  debt_ratio: None
  current_ratio: None
  revenue_growth: None
  cash_flow: None
  net_margin: None
  dp_store_count: 123
  dp_paused_count: 0
  dp_avg_rating: None
  on_time_rate: None
  avg_overdue_days: None
  max_overdue_amount: None
  cooperation_years: 0

【评分卡结果】
  总分: 73.14
  基础等级: A
  - basic_credit: 93.0分
  - company_scale: 61.0分
  - payment_behavior: 30.5分
  - external_risk: 65.75分
  [零售客户] 已激活库存周转维度

【规则引擎】
  🔔 触发预警:
    🟠 [orange] 负面舆情预警: 负面舆情5条以上
    🟡 [yellow] 新客户首次合作: 首次合作客户，履约行为最高50分（风险未知）
  结果: A → A / 73.14分

[53/59] 四川蜀之优供应链管理有限公司

============================================================
开始评估客户: 四川蜀之优供应链管理有限公司
============================================================

正在收集企业信息...
正在收集财务信息...
[财务] 未提供真实财务报表，财务健康维度将使用外部替代指标
正在抓取大众点评门店数据...
[大众点评] 关键词简化: 四川蜀之优供应链管理有限公司 → 蜀之优
[大众点评] 搜索 蜀之优 @ 上海 (city_id=1)
[大众点评] 搜索 蜀之优 @ 北京 (city_id=2)
[大众点评] 搜索 蜀之优 @ 广州 (city_id=4)
[大众点评] 搜索 蜀之优 @ 深圳 (city_id=7)
新客户模式：无历史交易数据，采用保守估计...

【收集到的原始数据】
  company_name: 四川蜀之优供应链管理有限公司
  established_years: 0.2
  registered_capital: 1000000.0
  paid_in_capital: None
  paid_in_capital_ratio: None
  abnormal_records: 0
  penalty_records: 0
  company_status: 存续
  insured_count: None
  tianyancha_score: 58
  self_risk_count: 0
  around_risk_count: 0
  lawsuit_count: 0
  contract_dispute_count: 0
  dishonest_records: 0
  executed_count: 0
  restriction_count: None
  pledge_freeze: None
  pledge_freeze_count: 0
  negative_news: 0
  _source: tianyancha_opencli
  debt_ratio: None
  current_ratio: None
  revenue_growth: None
  cash_flow: None
  net_margin: None
  dp_store_count: 0
  dp_paused_count: 0
  dp_avg_rating: None
  on_time_rate: None
  avg_overdue_days: None
  max_overdue_amount: None
  cooperation_years: 0

【评分卡结果】
  总分: 48.65
  基础等级: B
  - basic_credit: 42.0分
  - company_scale: 41.5分
  - payment_behavior: 42.5分
  - external_risk: 86.5分

【规则引擎】
  🔔 触发预警:
    🟡 [yellow] 新客户首次合作: 首次合作客户，履约行为最高50分（风险未知）
  结果: B → B / 48.65分

[54/59] 上海追越创意设计有限公司

============================================================
开始评估客户: 上海追越创意设计有限公司
============================================================

正在收集企业信息...
正在收集财务信息...
[财务] 未提供真实财务报表，财务健康维度将使用外部替代指标
正在抓取大众点评门店数据...
[大众点评] 关键词简化: 上海追越创意设计有限公司 → 追越创意设计
[大众点评] 搜索 追越创意设计 @ 上海 (city_id=1)
[大众点评] 上海 找到 1 家，停止搜索
新客户模式：无历史交易数据，采用保守估计...

【收集到的原始数据】
  company_name: 上海追越创意设计有限公司
  established_years: 8.4
  registered_capital: 10000000.0
  paid_in_capital: 7000000.0
  paid_in_capital_ratio: 0.7
  abnormal_records: 0
  penalty_records: 0
  company_status: 存续
  insured_count: 6
  tianyancha_score: 73
  self_risk_count: 0
  around_risk_count: 0
  lawsuit_count: 0
  contract_dispute_count: 0
  dishonest_records: 0
  executed_count: 0
  restriction_count: None
  pledge_freeze: None
  pledge_freeze_count: 0
  negative_news: 0
  _source: tianyancha_opencli
  debt_ratio: None
  current_ratio: None
  revenue_growth: None
  cash_flow: None
  net_margin: None
  dp_store_count: 1
  dp_paused_count: 0
  dp_avg_rating: None
  on_time_rate: None
  avg_overdue_days: None
  max_overdue_amount: None
  cooperation_years: 0

【评分卡结果】
  总分: 65.85
  基础等级: BBB
  - basic_credit: 77.0分
  - company_scale: 40.0分
  - payment_behavior: 42.5分
  - external_risk: 86.5分

【规则引擎】
  🔔 触发预警:
    🟡 [yellow] 新客户首次合作: 首次合作客户，履约行为最高50分（风险未知）
  结果: BBB → BBB / 65.85分

[55/59] 河南雪王商贸有限公司

============================================================
开始评估客户: 河南雪王商贸有限公司
============================================================

正在收集企业信息...
正在收集财务信息...
[财务] 未提供真实财务报表，财务健康维度将使用外部替代指标
正在抓取大众点评门店数据...
[大众点评] 关键词简化: 河南雪王商贸有限公司 → 雪王
[大众点评] 搜索 雪王 @ 上海 (city_id=1)
[大众点评] 上海 找到 618 家，停止搜索
新客户模式：无历史交易数据，采用保守估计...

【收集到的原始数据】
  company_name: 河南雪王商贸有限公司
  established_years: 5.8
  registered_capital: 20000000.0
  paid_in_capital: 20000000.0
  paid_in_capital_ratio: 1.0
  abnormal_records: 0
  penalty_records: 0
  company_status: 存续
  insured_count: 36
  tianyancha_score: 77
  self_risk_count: 0
  around_risk_count: 132
  lawsuit_count: 0
  contract_dispute_count: 0
  dishonest_records: 0
  executed_count: 0
  restriction_count: None
  pledge_freeze: None
  pledge_freeze_count: 0
  negative_news: 3
  _source: tianyancha_opencli
  debt_ratio: None
  current_ratio: None
  revenue_growth: None
  cash_flow: None
  net_margin: None
  dp_store_count: 618
  dp_paused_count: 0
  dp_avg_rating: None
  on_time_rate: None
  avg_overdue_days: None
  max_overdue_amount: None
  cooperation_years: 0

【评分卡结果】
  总分: 69.1
  基础等级: BBB
  - basic_credit: 85.0分
  - company_scale: 49.0分
  - payment_behavior: 27.5分
  - external_risk: 84.5分
  [零售客户] 已激活库存周转维度

【规则引擎】
  🔔 触发预警:
    🟡 [yellow] 新客户首次合作: 首次合作客户，履约行为最高50分（风险未知）
  结果: BBB → BBB / 69.1分

[56/59] 大连半人马商贸有限公司

============================================================
开始评估客户: 大连半人马商贸有限公司
============================================================

正在收集企业信息...
正在收集财务信息...
[财务] 未提供真实财务报表，财务健康维度将使用外部替代指标
正在抓取大众点评门店数据...
[大众点评] 关键词简化: 大连半人马商贸有限公司 → 半人马
[大众点评] 搜索 半人马 @ 上海 (city_id=1)
[大众点评] 上海 找到 2 家，停止搜索
新客户模式：无历史交易数据，采用保守估计...

【收集到的原始数据】
  company_name: 大连半人马商贸有限公司
  established_years: 22.3
  registered_capital: 500000.0
  paid_in_capital: 100000.0
  paid_in_capital_ratio: 0.2
  abnormal_records: 0
  penalty_records: 0
  company_status: 存续
  insured_count: 27
  tianyancha_score: 53
  self_risk_count: 0
  around_risk_count: 1
  lawsuit_count: 5
  contract_dispute_count: 0
  dishonest_records: 0
  executed_count: 0
  restriction_count: None
  pledge_freeze: None
  pledge_freeze_count: 0
  negative_news: 0
  _source: tianyancha_opencli
  debt_ratio: None
  current_ratio: None
  revenue_growth: None
  cash_flow: None
  net_margin: None
  dp_store_count: 2
  dp_paused_count: 0
  dp_avg_rating: None
  on_time_rate: None
  avg_overdue_days: None
  max_overdue_amount: None
  cooperation_years: 0

【评分卡结果】
  总分: 54.15
  基础等级: BB
  - basic_credit: 58.0分
  - company_scale: 50.0分
  - payment_behavior: 39.5分
  - external_risk: 61.5分

【规则引擎】
  ⚠️ 触发否决规则:
    - 微型企业重大诉讼: 微型企业加权诉讼≥3起（买卖合同纠纷×3），最高评级BBB
    - 微型企业严重诉讼: 微型企业加权诉讼≥5起，最高评级BB
  🔔 触发预警:
    🟡 [yellow] 新客户首次合作: 首次合作客户，履约行为最高50分（风险未知）
  结果: BB → BB / 54.15分

[57/59] 青岛瑞诺祥优商贸有限公司

============================================================
开始评估客户: 青岛瑞诺祥优商贸有限公司
============================================================

正在收集企业信息...
正在收集财务信息...
[财务] 未提供真实财务报表，财务健康维度将使用外部替代指标
正在抓取大众点评门店数据...
[大众点评] 关键词简化: 青岛瑞诺祥优商贸有限公司 → 瑞诺祥优
[大众点评] 搜索 瑞诺祥优 @ 上海 (city_id=1)
[大众点评] 搜索 瑞诺祥优 @ 北京 (city_id=2)
[大众点评] 搜索 瑞诺祥优 @ 广州 (city_id=4)
[大众点评] 搜索 瑞诺祥优 @ 深圳 (city_id=7)
新客户模式：无历史交易数据，采用保守估计...

【收集到的原始数据】
  company_name: 青岛瑞诺祥优商贸有限公司
  established_years: 9.9
  registered_capital: 1000000.0
  paid_in_capital: 1000000.0
  paid_in_capital_ratio: 1.0
  abnormal_records: 0
  penalty_records: 0
  company_status: 开业
  insured_count: 46
  tianyancha_score: 58
  self_risk_count: 7
  around_risk_count: 15
  lawsuit_count: 6
  contract_dispute_count: 0
  dishonest_records: 0
  executed_count: 0
  restriction_count: None
  pledge_freeze: None
  pledge_freeze_count: 0
  negative_news: 0
  _source: tianyancha_opencli
  debt_ratio: None
  current_ratio: None
  revenue_growth: None
  cash_flow: None
  net_margin: None
  dp_store_count: 0
  dp_paused_count: 0
  dp_avg_rating: None
  on_time_rate: None
  avg_overdue_days: None
  max_overdue_amount: None
  cooperation_years: 0

【评分卡结果】
  总分: 49.88
  基础等级: B
  - basic_credit: 48.0分
  - company_scale: 57.0分
  - payment_behavior: 35.0分
  - external_risk: 61.5分

【规则引擎】
  ⚠️ 触发否决规则:
    - 微型企业重大诉讼: 微型企业加权诉讼≥3起（买卖合同纠纷×3），最高评级BBB
    - 微型企业严重诉讼: 微型企业加权诉讼≥5起，最高评级BB
  🔔 触发预警:
    🟡 [yellow] 新客户首次合作: 首次合作客户，履约行为最高50分（风险未知）
  结果: B → B / 49.88分

[58/59] 浙江养馋记供应链管理有限公司

============================================================
开始评估客户: 浙江养馋记供应链管理有限公司
============================================================

正在收集企业信息...
正在收集财务信息...
[财务] 未提供真实财务报表，财务健康维度将使用外部替代指标
正在抓取大众点评门店数据...
[大众点评] 关键词简化: 浙江养馋记供应链管理有限公司 → 养馋记
[大众点评] 搜索 养馋记 @ 上海 (city_id=1)
[大众点评] 上海 找到 40 家，停止搜索
新客户模式：无历史交易数据，采用保守估计...

【收集到的原始数据】
  company_name: 浙江养馋记供应链管理有限公司
  established_years: 1.4
  registered_capital: 10000000.0
  paid_in_capital: None
  paid_in_capital_ratio: None
  abnormal_records: 0
  penalty_records: 0
  company_status: 存续
  insured_count: None
  tianyancha_score: 73
  self_risk_count: 2
  around_risk_count: 2
  lawsuit_count: 2
  contract_dispute_count: 1
  dishonest_records: 0
  executed_count: 0
  restriction_count: None
  pledge_freeze: None
  pledge_freeze_count: 0
  negative_news: 0
  _source: tianyancha_opencli
  debt_ratio: None
  current_ratio: None
  revenue_growth: None
  cash_flow: None
  net_margin: None
  dp_store_count: 40
  dp_paused_count: 0
  dp_avg_rating: None
  on_time_rate: None
  avg_overdue_days: None
  max_overdue_amount: None
  cooperation_years: 0

【评分卡结果】
  总分: 49.73
  基础等级: B
  - basic_credit: 51.0分
  - company_scale: 40.5分
  - payment_behavior: 39.5分
  - external_risk: 68.0分
  [零售客户] 已激活库存周转维度

【规则引擎】
  🔔 触发预警:
    🟡 [yellow] 新客户首次合作: 首次合作客户，履约行为最高50分（风险未知）
  结果: B → B / 49.73分

[59/59] 杭州黄钻文化科技有限公司

============================================================
开始评估客户: 杭州黄钻文化科技有限公司
============================================================

正在收集企业信息...
正在收集财务信息...
[财务] 未提供真实财务报表，财务健康维度将使用外部替代指标
正在抓取大众点评门店数据...
[大众点评] 关键词简化: 杭州黄钻文化科技有限公司 → 黄钻
[大众点评] 搜索 黄钻 @ 上海 (city_id=1)
[大众点评] 上海 找到 35 家，停止搜索
新客户模式：无历史交易数据，采用保守估计...

【收集到的原始数据】
  company_name: 杭州黄钻文化科技有限公司
  established_years: 6.5
  registered_capital: 1000000.0
  paid_in_capital: None
  paid_in_capital_ratio: None
  abnormal_records: 0
  penalty_records: 0
  company_status: 存续
  insured_count: 4
  tianyancha_score: 58
  self_risk_count: 0
  around_risk_count: 0
  lawsuit_count: 1
  contract_dispute_count: 0
  dishonest_records: 0
  executed_count: 0
  restriction_count: None
  pledge_freeze: None
  pledge_freeze_count: 0
  negative_news: 0
  _source: tianyancha_opencli
  debt_ratio: None
  current_ratio: None
  revenue_growth: None
  cash_flow: None
  net_margin: None
  dp_store_count: 35
  dp_paused_count: 0
  dp_avg_rating: None
  on_time_rate: None
  avg_overdue_days: None
  max_overdue_amount: None
  cooperation_years: 0

【评分卡结果】
  总分: 52.15
  基础等级: BB
  - basic_credit: 51.0分
  - company_scale: 44.0分
  - payment_behavior: 42.5分
  - external_risk: 76.5分
  [零售客户] 已激活库存周转维度

【规则引擎】
  🔔 触发预警:
    🟡 [yellow] 新客户首次合作: 首次合作客户，履约行为最高50分（风险未知）
  结果: BB → BB / 52.15分

[生成报告] 共 59 条结果 ...

✅ 报告已保存: /Users/yuxuanyu/workspace/OpenCLI/credit-risk-system/reports/卡游渠道客户信用评估报告_20260605_005244.xlsx
   Sheet: 1-评估汇总, 2-原始数据, 3-评分过程, 4-规则引擎, 5-授信计算, 6-城市门店明细
   已清理断点文件
