============================================================
KA 渠道客户信用评估
============================================================

[前置检查] OpenCLI workspace: bound:default
✅ OpenCLI 已就绪

[读取] /Users/yuxuanyu/workspace/OpenCLI/credit-risk-system/reports/卡游渠道客户信用评估报告_20260604_231619.xlsx
共 59 行，原始列: ['客户名称', '统一社会信用代码', '客户类型', '合作年限', '评分卡总分', '基础等级', '规则调整后等级', '最终账期(天)', '基础授信(万元)', '门店规模系数', '最终授信(万元)', '预付比例', '复核周期', '管理措施', '触发的关键规则']
识别到公司名列: 客户名称
[断点] 已加载 10 条历史记录，跳过 8 家

[初始化] ClientEvaluator (new_client=True, OpenCLI only)
[评估器] 尝试使用 OpenCLI Browser 模式（复用你当前的 Chrome + 登录态）
[评估器] ✅ OpenCLI Browser 已就绪 (workspace=default)
[优化] 大众点评关键词已自动简化，恢复 8 城市搜索
[1/59] 上海罗森便利有限公司 — 已评估，跳过
[2/59] 福建云通供应链有限公司 — 已评估，跳过
[3/59] 天津顶连食品有限公司 — 已评估，跳过
[4/59] 上海好特卖惠聚贸易有限公司 — 已评估，跳过
[5/59] 中国石化销售股份有限公司浙江石油分公司 — 已评估，跳过
[6/59] 浙江如苔文化科技有限公司 — 已评估，跳过
[7/59] 宁波酷乐潮玩潮流百货有限公司 — 已评估，跳过
[8/59] 宁波酷乐潮玩潮流百货有限公司 — 已评估，跳过
[9/59] 宁波酷乐潮玩潮流百货有限公司 — 已评估，跳过
[10/59] 深圳品味一族工贸有限公司 — 已评估，跳过

[11/59] 上海寰越电子商务有限公司

============================================================
开始评估客户: 上海寰越电子商务有限公司
============================================================

正在收集企业信息...
正在收集财务信息...
[财务] 未提供真实财务报表，财务健康维度将使用外部替代指标
正在抓取大众点评门店数据...
[大众点评] 关键词简化: 上海寰越电子商务有限公司 → 寰越
[大众点评] 搜索 寰越 @ 上海 (city_id=1)
[大众点评] 搜索 寰越 @ 北京 (city_id=2)
[大众点评] 搜索 寰越 @ 广州 (city_id=4)
[大众点评] 搜索 寰越 @ 深圳 (city_id=7)
新客户模式：无历史交易数据，采用保守估计...

【收集到的原始数据】
  company_name: 上海寰越电子商务有限公司
  established_years: 10.8
  registered_capital: 3000000.0
  paid_in_capital: None
  paid_in_capital_ratio: None
  abnormal_records: 0
  penalty_records: 0
  company_status: 存续
  insured_count: None
  tianyancha_score: None
  self_risk_count: None
  around_risk_count: None
  lawsuit_count: None
  contract_dispute_count: 0
  dishonest_records: None
  executed_count: None
  restriction_count: None
  pledge_freeze: None
  pledge_freeze_count: None
  negative_news: None
  _source: tianyancha_opencli
  debt_ratio: None
  current_ratio: None
  revenue_growth: None
  cash_flow: None
  net_margin: None
  dp_store_count: 0
  dp_paused_count: 0
  dp_avg_rating: None
  on_time_rate: None
  avg_overdue_days: None
  max_overdue_amount: None
  cooperation_years: 0

【评分卡结果】
  总分: 44.58
  基础等级: B
  - basic_credit: 46.0分
  - company_scale: 41.5分
  - payment_behavior: 24.5分
  - external_risk: 64.0分

【规则引擎】
  🔔 触发预警:
    🟡 [yellow] 新客户首次合作: 首次合作客户，履约行为最高50分（风险未知）
  结果: B → B / 44.58分

[12/59] 中国农垦控股上海有限公司

============================================================
开始评估客户: 中国农垦控股上海有限公司
============================================================

正在收集企业信息...
正在收集财务信息...
[财务] 未提供真实财务报表，财务健康维度将使用外部替代指标
正在抓取大众点评门店数据...
[大众点评] 关键词简化: 中国农垦控股上海有限公司 → 中国农垦
[大众点评] 搜索 中国农垦 @ 上海 (city_id=1)
[大众点评] 搜索 中国农垦 @ 北京 (city_id=2)
[大众点评] 搜索 中国农垦 @ 广州 (city_id=4)
[大众点评] 搜索 中国农垦 @ 深圳 (city_id=7)
新客户模式：无历史交易数据，采用保守估计...

【收集到的原始数据】
  company_name: 中国农垦控股上海有限公司
  established_years: 37.4
  registered_capital: 300000000.0
  paid_in_capital: None
  paid_in_capital_ratio: None
  abnormal_records: 0
  penalty_records: 0
  company_status: 存续
  insured_count: None
  tianyancha_score: None
  self_risk_count: 40
  around_risk_count: None
  lawsuit_count: None
  contract_dispute_count: 0
  dishonest_records: None
  executed_count: None
  restriction_count: None
  pledge_freeze: None
  pledge_freeze_count: None
  negative_news: None
  _source: tianyancha_opencli
  debt_ratio: None
  current_ratio: None
  revenue_growth: None
  cash_flow: None
  net_margin: None
  dp_store_count: 0
  dp_paused_count: 0
  dp_avg_rating: None
  on_time_rate: None
  avg_overdue_days: None
  max_overdue_amount: None
  cooperation_years: 0

【评分卡结果】
  总分: 44.58
  基础等级: B
  - basic_credit: 46.0分
  - company_scale: 41.5分
  - payment_behavior: 24.5分
  - external_risk: 64.0分

【规则引擎】
  🔔 触发预警:
    🟡 [yellow] 新客户首次合作: 首次合作客户，履约行为最高50分（风险未知）
  结果: B → B / 44.58分

[13/59] 中国农垦控股上海有限公司

============================================================
开始评估客户: 中国农垦控股上海有限公司
============================================================

正在收集企业信息...
正在收集财务信息...
[财务] 未提供真实财务报表，财务健康维度将使用外部替代指标
正在抓取大众点评门店数据...
[大众点评] 关键词简化: 中国农垦控股上海有限公司 → 中国农垦
[大众点评] 搜索 中国农垦 @ 上海 (city_id=1)
[大众点评] 搜索 中国农垦 @ 北京 (city_id=2)
[大众点评] 搜索 中国农垦 @ 广州 (city_id=4)
[大众点评] 搜索 中国农垦 @ 深圳 (city_id=7)
新客户模式：无历史交易数据，采用保守估计...

【收集到的原始数据】
  company_name: 中国农垦控股上海有限公司
  established_years: None
  registered_capital: None
  paid_in_capital: None
  paid_in_capital_ratio: None
  abnormal_records: 0
  penalty_records: 0
  company_status: None
  insured_count: None
  tianyancha_score: None
  self_risk_count: None
  around_risk_count: None
  lawsuit_count: None
  contract_dispute_count: 0
  dishonest_records: None
  executed_count: None
  restriction_count: None
  pledge_freeze: None
  pledge_freeze_count: None
  negative_news: None
  _source: tianyancha_opencli
  debt_ratio: None
  current_ratio: None
  revenue_growth: None
  cash_flow: None
  net_margin: None
  dp_store_count: 0
  dp_paused_count: 0
  dp_avg_rating: None
  on_time_rate: None
  avg_overdue_days: None
  max_overdue_amount: None
  cooperation_years: 0

【评分卡结果】
  总分: 34.67
  基础等级: C
  - basic_credit: 26.2分
  - company_scale: 41.5分
  - payment_behavior: 24.5分
  - external_risk: 64.0分

【规则引擎】
  🔔 触发预警:
    🟡 [yellow] 新客户首次合作: 首次合作客户，履约行为最高50分（风险未知）
  结果: C → C / 34.67分

[14/59] 上海逸道盛实业有限公司

============================================================
开始评估客户: 上海逸道盛实业有限公司
============================================================

正在收集企业信息...
正在收集财务信息...
[财务] 未提供真实财务报表，财务健康维度将使用外部替代指标
正在抓取大众点评门店数据...
[大众点评] 关键词简化: 上海逸道盛实业有限公司 → 逸道盛实业
[大众点评] 搜索 逸道盛实业 @ 上海 (city_id=1)
[大众点评] 搜索 逸道盛实业 @ 北京 (city_id=2)