============================================================
KA 渠道客户信用评估
============================================================

[前置检查] OpenCLI workspace: bound:default
✅ OpenCLI 已就绪

[读取] /Users/yuxuanyu/workspace/OpenCLI/credit-risk-system/reports/卡游渠道客户信用评估报告_20260604_231619.xlsx
共 59 行，原始列: ['客户名称', '统一社会信用代码', '客户类型', '合作年限', '评分卡总分', '基础等级', '规则调整后等级', '最终账期(天)', '基础授信(万元)', '门店规模系数', '最终授信(万元)', '预付比例', '复核周期', '管理措施', '触发的关键规则']
识别到公司名列: 客户名称

[初始化] ClientEvaluator (new_client=True, OpenCLI only)
[评估器] 尝试使用 OpenCLI Browser 模式（复用你当前的 Chrome + 登录态）
[评估器] ✅ OpenCLI Browser 已就绪 (workspace=default)
[优化] 大众点评关键词已自动简化，恢复 8 城市搜索

[1/59] 上海罗森便利有限公司

============================================================
开始评估客户: 上海罗森便利有限公司
============================================================

正在收集企业信息...
正在收集财务信息...
[财务] 未提供真实财务报表，财务健康维度将使用外部替代指标
正在抓取大众点评门店数据...
[大众点评] 关键词简化: 上海罗森便利有限公司 → 罗森
[大众点评] 搜索 罗森 @ 上海 (city_id=1)
[大众点评] 上海 找到 1366 家，停止搜索
新客户模式：无历史交易数据，采用保守估计...

【收集到的原始数据】
  company_name: 上海罗森便利有限公司
  established_years: 30.3
  registered_capital: 65000000.0
  paid_in_capital: 65000000.0
  paid_in_capital_ratio: 1.0
  abnormal_records: 0
  penalty_records: 0
  company_status: 存续
  insured_count: 464
  tianyancha_score: 95
  self_risk_count: 21
  around_risk_count: 45
  lawsuit_count: 47
  contract_dispute_count: 0
  dishonest_records: 0
  executed_count: 0
  restriction_count: None
  pledge_freeze: None
  pledge_freeze_count: 0
  negative_news: 999
  _source: tianyancha_opencli
  debt_ratio: None
  current_ratio: None
  revenue_growth: None
  cash_flow: None
  net_margin: None
  dp_store_count: 1366
  dp_paused_count: 0
  dp_avg_rating: None
  on_time_rate: None
  avg_overdue_days: None
  max_overdue_amount: None
  cooperation_years: 0

【评分卡结果】
  总分: 79.05
  基础等级: A
  - basic_credit: 100.0分
  - company_scale: 74.0分
  - payment_behavior: 30.5分
  - external_risk: 64.5分
  [零售客户] 已激活库存周转维度

【规则引擎】
  ⚠️ 触发否决规则:
    - 大型企业重大诉讼: 大型企业加权诉讼≥30起，最高评级BBB
    - 头部连锁企业基础信用: 头部连锁企业（门店1000+），渠道话语权强，无资金链断裂信号，基础等级不低于A
  🔔 触发预警:
    🟠 [orange] 负面舆情预警: 负面舆情5条以上
    🟡 [yellow] 新客户首次合作: 首次合作客户，履约行为最高50分（风险未知）
  结果: A → A / 79.05分

[2/59] 福建云通供应链有限公司

============================================================
开始评估客户: 福建云通供应链有限公司
============================================================

正在收集企业信息...
正在收集财务信息...
[财务] 未提供真实财务报表，财务健康维度将使用外部替代指标
正在抓取大众点评门店数据...
[大众点评] 关键词简化: 福建云通供应链有限公司 → 云通
[大众点评] 搜索 云通 @ 上海 (city_id=1)
[大众点评] 上海 找到 5 家，停止搜索
新客户模式：无历史交易数据，采用保守估计...

【收集到的原始数据】
  company_name: 福建云通供应链有限公司
  established_years: 5.4
  registered_capital: 100000000.0
  paid_in_capital: 100000000.0
  paid_in_capital_ratio: 1.0
  abnormal_records: 0
  penalty_records: 3
  company_status: 存续
  insured_count: 47
  tianyancha_score: 88
  self_risk_count: 6
  around_risk_count: 393
  lawsuit_count: 5
  contract_dispute_count: 0
  dishonest_records: 0
  executed_count: 0
  restriction_count: None
  pledge_freeze: None
  pledge_freeze_count: 0
  negative_news: 0
  _source: tianyancha_opencli
  debt_ratio: None
  current_ratio: None
  revenue_growth: None
  cash_flow: None
  net_margin: None
  dp_store_count: 5
  dp_paused_count: 0
  dp_avg_rating: None
  on_time_rate: None
  avg_overdue_days: None
  max_overdue_amount: None
  cooperation_years: 0

【评分卡结果】
  总分: 67.83
  基础等级: BBB
  - basic_credit: 89.0分
  - company_scale: 42.0分
  - payment_behavior: 27.5分
  - external_risk: 72.0分

【规则引擎】
  ⚠️ 触发否决规则:
    - 微型企业评级最低: 门店少于10家但大于0（排除无门店的B2B企业），评级最高C级
  等级调整: BBB -> C
  🔔 触发预警:
    🟡 [yellow] 新客户首次合作: 首次合作客户，履约行为最高50分（风险未知）
  结果: BBB → C / 67.83分

[3/59] 天津顶连食品有限公司

============================================================
开始评估客户: 天津顶连食品有限公司
============================================================

正在收集企业信息...
正在收集财务信息...
[财务] 未提供真实财务报表，财务健康维度将使用外部替代指标
正在抓取大众点评门店数据...
[大众点评] 关键词简化: 天津顶连食品有限公司 → 顶连
[大众点评] 搜索 顶连 @ 上海 (city_id=1)
[大众点评] 上海 找到 20 家，停止搜索
新客户模式：无历史交易数据，采用保守估计...

【收集到的原始数据】
  company_name: 天津顶连食品有限公司
  established_years: 22.9
  registered_capital: 10538000.0
  paid_in_capital: 10538000.0
  paid_in_capital_ratio: 1.0
  abnormal_records: 0
  penalty_records: 0
  company_status: 存续
  insured_count: 3
  tianyancha_score: 73
  self_risk_count: 3
  around_risk_count: 23
  lawsuit_count: 3
  contract_dispute_count: 0
  dishonest_records: 0
  executed_count: 0
  restriction_count: None
  pledge_freeze: None
  pledge_freeze_count: 0
  negative_news: 0
  _source: tianyancha_opencli
  debt_ratio: None
  current_ratio: None
  revenue_growth: None
  cash_flow: None
  net_margin: None
  dp_store_count: 20
  dp_paused_count: 0
  dp_avg_rating: None
  on_time_rate: None
  avg_overdue_days: None
  max_overdue_amount: None
  cooperation_years: 0

【评分卡结果】
  总分: 66.75
  基础等级: BBB
  - basic_credit: 88.0分
  - company_scale: 38.0分
  - payment_behavior: 30.5分
  - external_risk: 70.5分
  [零售客户] 已激活库存周转维度

【规则引擎】
  🔔 触发预警:
    🟡 [yellow] 新客户首次合作: 首次合作客户，履约行为最高50分（风险未知）
  结果: BBB → BBB / 66.75分

[4/59] 上海好特卖惠聚贸易有限公司

============================================================
开始评估客户: 上海好特卖惠聚贸易有限公司
============================================================

正在收集企业信息...
正在收集财务信息...
[财务] 未提供真实财务报表，财务健康维度将使用外部替代指标
正在抓取大众点评门店数据...
[大众点评] 品牌映射: 好特卖惠聚 → 好特卖
[大众点评] 关键词简化: 上海好特卖惠聚贸易有限公司 → 好特卖
[大众点评] 搜索 好特卖 @ 上海 (city_id=1)
[大众点评] 上海 找到 250 家，停止搜索
新客户模式：无历史交易数据，采用保守估计...

【收集到的原始数据】
  company_name: 上海好特卖惠聚贸易有限公司
  established_years: 1.9
  registered_capital: 10000000.0
  paid_in_capital: None
  paid_in_capital_ratio: None
  abnormal_records: 0
  penalty_records: 0
  company_status: 存续
  insured_count: 0
  tianyancha_score: 73
  self_risk_count: 1
  around_risk_count: 175
  lawsuit_count: 1
  contract_dispute_count: 0
  dishonest_records: 0
  executed_count: 0
  restriction_count: None
  pledge_freeze: None
  pledge_freeze_count: 0
  negative_news: 1
  _source: tianyancha_opencli
  debt_ratio: None
  current_ratio: None
  revenue_growth: None
  cash_flow: None
  net_margin: None
  dp_store_count: 250
  dp_paused_count: 0
  dp_avg_rating: None
  on_time_rate: None
  avg_overdue_days: None
  max_overdue_amount: None
  cooperation_years: 0

【评分卡结果】
  总分: 45.45
  基础等级: B
  - basic_credit: 51.0分
  - company_scale: 18.0分
  - payment_behavior: 27.5分
  - external_risk: 81.5分
  [零售客户] 已激活库存周转维度

【规则引擎】
  🔔 触发预警:
    🟡 [yellow] 新客户首次合作: 首次合作客户，履约行为最高50分（风险未知）
  结果: B → B / 45.45分

[5/59] 中国石化销售股份有限公司浙江石油分公司

============================================================
开始评估客户: 中国石化销售股份有限公司浙江石油分公司
============================================================

正在收集企业信息...
正在收集财务信息...
[财务] 未提供真实财务报表，财务健康维度将使用外部替代指标
正在抓取大众点评门店数据...
[大众点评] 关键词简化: 中国石化销售股份有限公司浙江石油分公司 → 中国石化销售股份有限公司浙江
[大众点评] 搜索 中国石化销售股份有限公司浙江 @ 上海 (city_id=1)
[大众点评] 搜索 中国石化销售股份有限公司浙江 @ 北京 (city_id=2)
[大众点评] 搜索 中国石化销售股份有限公司浙江 @ 广州 (city_id=4)
[大众点评] 搜索 中国石化销售股份有限公司浙江 @ 深圳 (city_id=7)
新客户模式：无历史交易数据，采用保守估计...

【收集到的原始数据】
  company_name: 中国石化销售股份有限公司浙江石油分公司
  established_years: 26.2
  registered_capital: 0.0
  paid_in_capital: None
  paid_in_capital_ratio: None
  abnormal_records: 0
  penalty_records: 0
  company_status: 存续
  insured_count: 138
  tianyancha_score: 15
  self_risk_count: 19
  around_risk_count: 1
  lawsuit_count: 84
  contract_dispute_count: 0
  dishonest_records: 0
  executed_count: 0
  restriction_count: None
  pledge_freeze: None
  pledge_freeze_count: 0
  negative_news: 68
  _source: tianyancha_opencli
  debt_ratio: None
  current_ratio: None
  revenue_growth: None
  cash_flow: None
  net_margin: None
  dp_store_count: 0
  dp_paused_count: 0
  dp_avg_rating: None
  on_time_rate: None
  avg_overdue_days: None
  max_overdue_amount: None
  cooperation_years: 0

【评分卡结果】
  总分: 51.1
  基础等级: BB
  - basic_credit: 48.0分
  - company_scale: 68.0分
  - payment_behavior: 39.5分
  - external_risk: 50.5分

【规则引擎】
  ⚠️ 触发否决规则:
    - 微型企业重大诉讼: 微型企业加权诉讼≥3起（买卖合同纠纷×3），最高评级BBB
    - 微型企业严重诉讼: 微型企业加权诉讼≥5起，最高评级BB
  🔔 触发预警:
    🟠 [orange] 负面舆情预警: 负面舆情5条以上
    🟡 [yellow] 新客户首次合作: 首次合作客户，履约行为最高50分（风险未知）
  结果: BB → BB / 51.1分

[6/59] 浙江如苔文化科技有限公司

============================================================
开始评估客户: 浙江如苔文化科技有限公司
============================================================

正在收集企业信息...
正在收集财务信息...
[财务] 未提供真实财务报表，财务健康维度将使用外部替代指标
正在抓取大众点评门店数据...
[大众点评] 关键词简化: 浙江如苔文化科技有限公司 → 如苔
[大众点评] 搜索 如苔 @ 上海 (city_id=1)
[大众点评] 上海 找到 3 家，停止搜索
新客户模式：无历史交易数据，采用保守估计...

【收集到的原始数据】
  company_name: 浙江如苔文化科技有限公司
  established_years: 5.5
  registered_capital: 10000000.0
  paid_in_capital: None
  paid_in_capital_ratio: None
  abnormal_records: 0
  penalty_records: 0
  company_status: 存续
  insured_count: 19
  tianyancha_score: 73
  self_risk_count: 0
  around_risk_count: 0
  lawsuit_count: 0
  contract_dispute_count: 0
  dishonest_records: 0
  executed_count: 0
  restriction_count: None
  pledge_freeze: None
  pledge_freeze_count: 0
  negative_news: 0
  _source: tianyancha_opencli
  debt_ratio: None
  current_ratio: None
  revenue_growth: None
  cash_flow: None
  net_margin: None
  dp_store_count: 3
  dp_paused_count: 659
  dp_avg_rating: None
  on_time_rate: None
  avg_overdue_days: None
  max_overdue_amount: None
  cooperation_years: 0

【评分卡结果】
  总分: 56.48
  基础等级: BB
  - basic_credit: 57.0分
  - company_scale: 54.0分
  - payment_behavior: 42.5分
  - external_risk: 72.0分

【规则引擎】
  ⚠️ 触发否决规则:
    - 微型企业评级最低: 门店少于10家但大于0（排除无门店的B2B企业），评级最高C级
  等级调整: BB -> C
  🔔 触发预警:
    🔴 [red] 门店大量暂停营业: 大众点评门店暂停营业比例超过30%，经营恶化
    🟡 [yellow] 新客户首次合作: 首次合作客户，履约行为最高50分（风险未知）
  结果: BB → C / 56.48分

[7/59] 宁波酷乐潮玩潮流百货有限公司

============================================================
开始评估客户: 宁波酷乐潮玩潮流百货有限公司
============================================================

正在收集企业信息...
正在收集财务信息...
[财务] 未提供真实财务报表，财务健康维度将使用外部替代指标
正在抓取大众点评门店数据...
[大众点评] 关键词简化: 宁波酷乐潮玩潮流百货有限公司 → 酷乐潮玩
[大众点评] 搜索 酷乐潮玩 @ 上海 (city_id=1)
[大众点评] 上海 找到 32 家，停止搜索
新客户模式：无历史交易数据，采用保守估计...

【收集到的原始数据】
  company_name: 宁波酷乐潮玩潮流百货有限公司
  established_years: 6.6
  registered_capital: 50000000.0
  paid_in_capital: 5000000.0
  paid_in_capital_ratio: 0.1
  abnormal_records: 0
  penalty_records: 0
  company_status: 存续
  insured_count: 48
  tianyancha_score: 83
  self_risk_count: 7
  around_risk_count: 8
  lawsuit_count: 8
  contract_dispute_count: 1
  dishonest_records: 0
  executed_count: 0
  restriction_count: None
  pledge_freeze: None
  pledge_freeze_count: 0
  negative_news: 5
  _source: tianyancha_opencli
  debt_ratio: None
  current_ratio: None
  revenue_growth: None
  cash_flow: None
  net_margin: None
  dp_store_count: 32
  dp_paused_count: 0
  dp_avg_rating: None
  on_time_rate: None
  avg_overdue_days: None
  max_overdue_amount: None
  cooperation_years: 0

【评分卡结果】
  总分: 61.9
  基础等级: BBB
  - basic_credit: 73.0分
  - company_scale: 58.0分
  - payment_behavior: 35.0分
  - external_risk: 57.0分
  [零售客户] 已激活库存周转维度

【规则引擎】
  ⚠️ 触发否决规则:
    - 中小企业重大诉讼: 中小企业加权诉讼≥10起，最高评级BBB
  🔔 触发预警:
    🟠 [orange] 负面舆情预警: 负面舆情5条以上
    🟡 [yellow] 新客户首次合作: 首次合作客户，履约行为最高50分（风险未知）
  结果: BBB → BBB / 61.9分

[8/59] 宁波酷乐潮玩潮流百货有限公司

============================================================
开始评估客户: 宁波酷乐潮玩潮流百货有限公司
============================================================

正在收集企业信息...
正在收集财务信息...
[财务] 未提供真实财务报表，财务健康维度将使用外部替代指标
正在抓取大众点评门店数据...
[大众点评] 关键词简化: 宁波酷乐潮玩潮流百货有限公司 → 酷乐潮玩
[大众点评] 搜索 酷乐潮玩 @ 上海 (city_id=1)
[大众点评] 上海 找到 32 家，停止搜索
新客户模式：无历史交易数据，采用保守估计...

【收集到的原始数据】
  company_name: 宁波酷乐潮玩潮流百货有限公司
  established_years: 6.6
  registered_capital: 50000000.0